[2010-10-08 18:56:31] [info] ConvertPathToURI: SiteRoot=/usr/local/apache-tomcat-5.5.27/webapps, Path: /usr/local/apache-tomcat-5.5.27/webapps/v5/AEimages/nakoma/DSC04052.JPG -> URI: /v5/AEimages/nakoma/DSC04052.JPG
[2010-10-08 18:57:07] [info] ConvertPathToURI: SiteRoot=/usr/local/apache-tomcat-5.5.27/webapps, Path: /usr/local/apache-tomcat-5.5.27/webapps/v5/AEimages/nakoma/mcith/mcith_DSC04052.JPG -> URI: /v5/AEimages/nakoma/mcith/mcith_DSC04052.JPG
[2010-10-08 18:57:07] [info] ConvertPathToURI: SiteRoot=/usr/local/apache-tomcat-5.5.27/webapps, Path: /usr/local/apache-tomcat-5.5.27/webapps/v5/AEimages/nakoma/DSC04052.JPG -> URI: /v5/AEimages/nakoma/DSC04052.JPG
[2010-10-09 12:40:33] [info] ConvertPathToURI: SiteRoot=/usr/local/apache-tomcat-5.5.27/webapps, Path: /usr/local/apache-tomcat-5.5.27/webapps/v5/AEimages/lincoln/mcith/mcith_header.jpg -> URI: /v5/AEimages/lincoln/mcith/mcith_header.jpg
[2010-10-09 12:40:33] [info] ConvertPathToURI: SiteRoot=/usr/local/apache-tomcat-5.5.27/webapps, Path: /usr/local/apache-tomcat-5.5.27/webapps/v5/AEimages/lincoln/header.jpg -> URI: /v5/AEimages/lincoln/header.jpg
[2010-10-09 18:48:56] [info] ConvertPathToURI: SiteRoot=/usr/local/apache-tomcat-5.5.27/webapps, Path: /usr/local/apache-tomcat-5.5.27/webapps/v5/AEimages/brooklawn/father and son final.pdf -> URI: /v5/AEimages/brooklawn/father and son final.pdf
[2010-10-09 19:05:12] [info] ConvertPathToURI: SiteRoot=/usr/local/apache-tomcat-5.5.27/webapps, Path: /usr/local/apache-tomcat-5.5.27/webapps/v5/AEimages/brooklawn/mcith/mcith_2010_Mens_Closing_Dinner_photo.jpg -> URI: /v5/AEimages/brooklawn/mcith/mcith_2010_Mens_Closing_Dinner_photo.jpg
[2010-10-09 19:05:12] [info] ConvertPathToURI: SiteRoot=/usr/local/apache-tomcat-5.5.27/webapps, Path: /usr/local/apache-tomcat-5.5.27/webapps/v5/AEimages/brooklawn/2010_Mens_Closing_Dinner_photo.jpg -> URI: /v5/AEimages/brooklawn/2010_Mens_Closing_Dinner_photo.jpg
[2010-10-09 19:08:53] [info] ConvertPathToURI: SiteRoot=/usr/local/apache-tomcat-5.5.27/webapps, Path: /usr/local/apache-tomcat-5.5.27/webapps/v5/AEimages/brooklawn/mcith/mcith_2010_Mens_Closing_Dinner_photo_final.jpg -> URI: /v5/AEimages/brooklawn/mcith/mcith_2010_Mens_Closing_Dinner_photo_final.jpg
[2010-10-09 19:08:53] [info] ConvertPathToURI: SiteRoot=/usr/local/apache-tomcat-5.5.27/webapps, Path: /usr/local/apache-tomcat-5.5.27/webapps/v5/AEimages/brooklawn/2010_Mens_Closing_Dinner_photo_final.jpg -> URI: /v5/AEimages/brooklawn/2010_Mens_Closing_Dinner_photo_final.jpg
[2010-10-09 19:09:00] [info] ConvertPathToURI: SiteRoot=/usr/local/apache-tomcat-5.5.27/webapps, Path: /usr/local/apache-tomcat-5.5.27/webapps/v5/AEimages/brooklawn/mcith/mcith_2010_Mens_Closing_Dinner_photo_final.jpg -> URI: /v5/AEimages/brooklawn/mcith/mcith_2010_Mens_Closing_Dinner_photo_final.jpg
[2010-10-09 19:09:00] [info] ConvertPathToURI: SiteRoot=/usr/local/apache-tomcat-5.5.27/webapps, Path: /usr/local/apache-tomcat-5.5.27/webapps/v5/AEimages/brooklawn/2010_Mens_Closing_Dinner_photo_final.jpg -> URI: /v5/AEimages/brooklawn/2010_Mens_Closing_Dinner_photo_final.jpg
[2010-10-09 19:18:03] [info] ConvertPathToURI: SiteRoot=/usr/local/apache-tomcat-5.5.27/webapps, Path: /usr/local/apache-tomcat-5.5.27/webapps/v5/AEimages/brooklawn/mcith/mcith_2010_Mens_Closing_Dinner_photo_final.jpg -> URI: /v5/AEimages/brooklawn/mcith/mcith_2010_Mens_Closing_Dinner_photo_final.jpg
[2010-10-09 19:18:03] [info] ConvertPathToURI: SiteRoot=/usr/local/apache-tomcat-5.5.27/webapps, Path: /usr/local/apache-tomcat-5.5.27/webapps/v5/AEimages/brooklawn/2010_Mens_Closing_Dinner_photo_final.jpg -> URI: /v5/AEimages/brooklawn/2010_Mens_Closing_Dinner_photo_final.jpg
[2010-10-09 20:54:49] [info] ConvertPathToURI: SiteRoot=/usr/local/apache-tomcat-5.5.27/webapps, Path: /usr/local/apache-tomcat-5.5.27/webapps/v5/AEimages/brooklawn/mcith/mcith_Europe_Wins.jpg -> URI: /v5/AEimages/brooklawn/mcith/mcith_Europe_Wins.jpg
[2010-10-09 20:54:49] [info] ConvertPathToURI: SiteRoot=/usr/local/apache-tomcat-5.5.27/webapps, Path: /usr/local/apache-tomcat-5.5.27/webapps/v5/AEimages/brooklawn/Europe_Wins.jpg -> URI: /v5/AEimages/brooklawn/Europe_Wins.jpg
[2010-10-09 20:54:56] [info] ConvertPathToURI: SiteRoot=/usr/local/apache-tomcat-5.5.27/webapps, Path: /usr/local/apache-tomcat-5.5.27/webapps/v5/AEimages/brooklawn/mcith/mcith_Europe_Wins.jpg -> URI: /v5/AEimages/brooklawn/mcith/mcith_Europe_Wins.jpg
[2010-10-09 20:54:56] [info] ConvertPathToURI: SiteRoot=/usr/local/apache-tomcat-5.5.27/webapps, Path: /usr/local/apache-tomcat-5.5.27/webapps/v5/AEimages/brooklawn/Europe_Wins.jpg -> URI: /v5/AEimages/brooklawn/Europe_Wins.jpg
[2010-10-09 21:06:33] [info] ConvertPathToURI: SiteRoot=/usr/local/apache-tomcat-5.5.27/webapps, Path: /usr/local/apache-tomcat-5.5.27/webapps/v5/AEimages/brooklawn/mcith/mcith_Europe_Wins.jpg -> URI: /v5/AEimages/brooklawn/mcith/mcith_Europe_Wins.jpg
[2010-10-09 21:06:33] [info] ConvertPathToURI: SiteRoot=/usr/local/apache-tomcat-5.5.27/webapps, Path: /usr/local/apache-tomcat-5.5.27/webapps/v5/AEimages/brooklawn/Europe_Wins.jpg -> URI: /v5/AEimages/brooklawn/Europe_Wins.jpg
[2010-10-10 20:33:05] [info] ConvertPathToURI: SiteRoot=/usr/local/apache-tomcat-5.5.27/webapps, Path: /usr/local/apache-tomcat-5.5.27/webapps/v5/AEimages/tpcboston/mcith/mcith_Small_Connell_Cup.JPG -> URI: /v5/AEimages/tpcboston/mcith/mcith_Small_Connell_Cup.JPG
[2010-10-10 20:33:05] [info] ConvertPathToURI: SiteRoot=/usr/local/apache-tomcat-5.5.27/webapps, Path: /usr/local/apache-tomcat-5.5.27/webapps/v5/AEimages/tpcboston/Small_Connell_Cup.JPG -> URI: /v5/AEimages/tpcboston/Small_Connell_Cup.JPG
[2010-10-10 20:33:12] [info] ConvertPathToURI: SiteRoot=/usr/local/apache-tomcat-5.5.27/webapps, Path: /usr/local/apache-tomcat-5.5.27/webapps/v5/AEimages/tpcboston/mcith/mcith_Small_Connell_Cup.JPG -> URI: /v5/AEimages/tpcboston/mcith/mcith_Small_Connell_Cup.JPG
[2010-10-10 20:33:12] [info] ConvertPathToURI: SiteRoot=/usr/local/apache-tomcat-5.5.27/webapps, Path: /usr/local/apache-tomcat-5.5.27/webapps/v5/AEimages/tpcboston/Small_Connell_Cup.JPG -> URI: /v5/AEimages/tpcboston/Small_Connell_Cup.JPG
[2010-10-10 20:34:06] [info] ConvertPathToURI: SiteRoot=/usr/local/apache-tomcat-5.5.27/webapps, Path: /usr/local/apache-tomcat-5.5.27/webapps/v5/AEimages/tpcboston/mcith/mcith_Small_Connell_Cup.JPG -> URI: /v5/AEimages/tpcboston/mcith/mcith_Small_Connell_Cup.JPG
[2010-10-10 20:34:06] [info] ConvertPathToURI: SiteRoot=/usr/local/apache-tomcat-5.5.27/webapps, Path: /usr/local/apache-tomcat-5.5.27/webapps/v5/AEimages/tpcboston/Small_Connell_Cup.JPG -> URI: /v5/AEimages/tpcboston/Small_Connell_Cup.JPG
[2010-10-10 23:10:06] [info] ConvertPathToURI: SiteRoot=/usr/local/apache-tomcat-5.5.27/webapps, Path: /usr/local/apache-tomcat-5.5.27/webapps/v5/AEimages/oahucc/mcith/mcith_uhr_and_schmus.jpg -> URI: /v5/AEimages/oahucc/mcith/mcith_uhr_and_schmus.jpg
[2010-10-10 23:10:06] [info] ConvertPathToURI: SiteRoot=/usr/local/apache-tomcat-5.5.27/webapps, Path: /usr/local/apache-tomcat-5.5.27/webapps/v5/AEimages/oahucc/uhr_and_schmus.jpg -> URI: /v5/AEimages/oahucc/uhr_and_schmus.jpg
[2010-10-10 23:10:32] [info] ConvertPathToURI: SiteRoot=/usr/local/apache-tomcat-5.5.27/webapps, Path: /usr/local/apache-tomcat-5.5.27/webapps/v5/AEimages/oahucc/mcith/mcith_uhr_and_schmus.jpg -> URI: /v5/AEimages/oahucc/mcith/mcith_uhr_and_schmus.jpg
[2010-10-10 23:10:32] [info] ConvertPathToURI: SiteRoot=/usr/local/apache-tomcat-5.5.27/webapps, Path: /usr/local/apache-tomcat-5.5.27/webapps/v5/AEimages/oahucc/uhr_and_schmus.jpg -> URI: /v5/AEimages/oahucc/uhr_and_schmus.jpg
[2010-10-10 23:18:12] [info] ConvertPathToURI: SiteRoot=/usr/local/apache-tomcat-5.5.27/webapps, Path: /usr/local/apache-tomcat-5.5.27/webapps/v5/AEimages/oahucc/mcith/mcith_mini_memb-member_004.jpg -> URI: /v5/AEimages/oahucc/mcith/mcith_mini_memb-member_004.jpg
[2010-10-10 23:18:12] [info] ConvertPathToURI: SiteRoot=/usr/local/apache-tomcat-5.5.27/webapps, Path: /usr/local/apache-tomcat-5.5.27/webapps/v5/AEimages/oahucc/mini_memb-member_004.jpg -> URI: /v5/AEimages/oahucc/mini_memb-member_004.jpg
[2010-10-10 23:18:23] [info] ConvertPathToURI: SiteRoot=/usr/local/apache-tomcat-5.5.27/webapps, Path: /usr/local/apache-tomcat-5.5.27/webapps/v5/AEimages/oahucc/mcith/mcith_mini_memb-member_004.jpg -> URI: /v5/AEimages/oahucc/mcith/mcith_mini_memb-member_004.jpg
[2010-10-10 23:18:23] [info] ConvertPathToURI: SiteRoot=/usr/local/apache-tomcat-5.5.27/webapps, Path: /usr/local/apache-tomcat-5.5.27/webapps/v5/AEimages/oahucc/mini_memb-member_004.jpg -> URI: /v5/AEimages/oahucc/mini_memb-member_004.jpg
[2010-10-11 22:16:39] [info] ConvertPathToURI: SiteRoot=/usr/local/apache-tomcat-5.5.27/webapps, Path: /usr/local/apache-tomcat-5.5.27/webapps/v5/AEimages/illahehills/mcith/mcith_Nita_Wipper_and_Renate_Bickert_Illahe_Ladies_travel_to_Salishan.jpg -> URI: /v5/AEimages/illahehills/mcith/mcith_Nita_Wipper_and_Renate_Bickert_Illahe_Ladies_travel_to_Salishan.jpg
[2010-10-11 22:16:39] [info] ConvertPathToURI: SiteRoot=/usr/local/apache-tomcat-5.5.27/webapps, Path: /usr/local/apache-tomcat-5.5.27/webapps/v5/AEimages/illahehills/Nita_Wipper_and_Renate_Bickert_Illahe_Ladies_travel_to_Salishan.jpg -> URI: /v5/AEimages/illahehills/Nita_Wipper_and_Renate_Bickert_Illahe_Ladies_travel_to_Salishan.jpg
[2010-10-11 22:16:47] [info] ConvertPathToURI: SiteRoot=/usr/local/apache-tomcat-5.5.27/webapps, Path: /usr/local/apache-tomcat-5.5.27/webapps/v5/AEimages/illahehills/mcith/mcith_Nita_Wipper_and_Renate_Bickert_Illahe_Ladies_travel_to_Salishan.jpg -> URI: /v5/AEimages/illahehills/mcith/mcith_Nita_Wipper_and_Renate_Bickert_Illahe_Ladies_travel_to_Salishan.jpg
[2010-10-11 22:16:47] [info] ConvertPathToURI: SiteRoot=/usr/local/apache-tomcat-5.5.27/webapps, Path: /usr/local/apache-tomcat-5.5.27/webapps/v5/AEimages/illahehills/Nita_Wipper_and_Renate_Bickert_Illahe_Ladies_travel_to_Salishan.jpg -> URI: /v5/AEimages/illahehills/Nita_Wipper_and_Renate_Bickert_Illahe_Ladies_travel_to_Salishan.jpg
[2010-10-11 22:18:51] [info] ConvertPathToURI: SiteRoot=/usr/local/apache-tomcat-5.5.27/webapps, Path: /usr/local/apache-tomcat-5.5.27/webapps/v5/AEimages/illahehills/mcith/mcith_Nita_Wipper_and_Renate_Bickert_Illahe_Ladies_travel_to_Salishan.jpg -> URI: /v5/AEimages/illahehills/mcith/mcith_Nita_Wipper_and_Renate_Bickert_Illahe_Ladies_travel_to_Salishan.jpg
[2010-10-11 22:18:51] [info] ConvertPathToURI: SiteRoot=/usr/local/apache-tomcat-5.5.27/webapps, Path: /usr/local/apache-tomcat-5.5.27/webapps/v5/AEimages/illahehills/Nita_Wipper_and_Renate_Bickert_Illahe_Ladies_travel_to_Salishan.jpg -> URI: /v5/AEimages/illahehills/Nita_Wipper_and_Renate_Bickert_Illahe_Ladies_travel_to_Salishan.jpg
[2010-10-12 17:07:10] [info] ConvertPathToURI: SiteRoot=/usr/local/apache-tomcat-5.5.27/webapps, Path: /usr/local/apache-tomcat-5.5.27/webapps/v5/AEimages/lakewoodcc/mcith/mcith_logo.jpg -> URI: /v5/AEimages/lakewoodcc/mcith/mcith_logo.jpg
[2010-10-12 17:07:10] [info] ConvertPathToURI: SiteRoot=/usr/local/apache-tomcat-5.5.27/webapps, Path: /usr/local/apache-tomcat-5.5.27/webapps/v5/AEimages/lakewoodcc/logo.jpg -> URI: /v5/AEimages/lakewoodcc/logo.jpg
[2010-10-12 17:51:15] [info] ConvertPathToURI: SiteRoot=/usr/local/apache-tomcat-5.5.27/webapps, Path: /usr/local/apache-tomcat-5.5.27/webapps/v5/AEimages/chambersburgcountryclub/mcith/mcith_leave2pic.gif -> URI: /v5/AEimages/chambersburgcountryclub/mcith/mcith_leave2pic.gif
[2010-10-12 17:51:15] [info] ConvertPathToURI: SiteRoot=/usr/local/apache-tomcat-5.5.27/webapps, Path: /usr/local/apache-tomcat-5.5.27/webapps/v5/AEimages/chambersburgcountryclub/leave2pic.gif -> URI: /v5/AEimages/chambersburgcountryclub/leave2pic.gif
[2010-10-12 17:51:22] [info] ConvertPathToURI: SiteRoot=/usr/local/apache-tomcat-5.5.27/webapps, Path: /usr/local/apache-tomcat-5.5.27/webapps/v5/AEimages/chambersburgcountryclub/mcith/mcith_.gif -> URI: /v5/AEimages/chambersburgcountryclub/mcith/mcith_.gif
[2010-10-12 17:51:22] [info] ConvertPathToURI: SiteRoot=/usr/local/apache-tomcat-5.5.27/webapps, Path: /usr/local/apache-tomcat-5.5.27/webapps/v5/AEimages/chambersburgcountryclub/.gif -> URI: /v5/AEimages/chambersburgcountryclub/.gif
[2010-10-12 17:51:26] [info] ConvertPathToURI: SiteRoot=/usr/local/apache-tomcat-5.5.27/webapps, Path: /usr/local/apache-tomcat-5.5.27/webapps/v5/AEimages/chambersburgcountryclub/mcith/mcith_leave2pic.gif -> URI: /v5/AEimages/chambersburgcountryclub/mcith/mcith_leave2pic.gif
[2010-10-12 17:51:26] [info] ConvertPathToURI: SiteRoot=/usr/local/apache-tomcat-5.5.27/webapps, Path: /usr/local/apache-tomcat-5.5.27/webapps/v5/AEimages/chambersburgcountryclub/leave2pic.gif -> URI: /v5/AEimages/chambersburgcountryclub/leave2pic.gif
[2010-10-13 15:09:40] [info] ConvertPathToURI: SiteRoot=/usr/local/apache-tomcat-5.5.27/webapps, Path: /usr/local/apache-tomcat-5.5.27/webapps/v5/AEimages/blackhawkcc/mcith/mcith_range.jpg -> URI: /v5/AEimages/blackhawkcc/mcith/mcith_range.jpg
[2010-10-13 15:09:40] [info] ConvertPathToURI: SiteRoot=/usr/local/apache-tomcat-5.5.27/webapps, Path: /usr/local/apache-tomcat-5.5.27/webapps/v5/AEimages/blackhawkcc/range.jpg -> URI: /v5/AEimages/blackhawkcc/range.jpg
[2010-10-13 17:07:27] [info] ConvertPathToURI: SiteRoot=/usr/local/apache-tomcat-5.5.27/webapps, Path: /usr/local/apache-tomcat-5.5.27/webapps/v5/AEimages/portlandgc/mcith/mcith_logo.jpg -> URI: /v5/AEimages/portlandgc/mcith/mcith_logo.jpg
[2010-10-13 17:07:27] [info] ConvertPathToURI: SiteRoot=/usr/local/apache-tomcat-5.5.27/webapps, Path: /usr/local/apache-tomcat-5.5.27/webapps/v5/AEimages/portlandgc/logo.jpg -> URI: /v5/AEimages/portlandgc/logo.jpg
[2010-10-13 18:07:26] [info] ConvertPathToURI: SiteRoot=/usr/local/apache-tomcat-5.5.27/webapps, Path: /usr/local/apache-tomcat-5.5.27/webapps/v5/AEimages/ridgeclub/mcith/mcith_2010_Golf_Staff.jpg -> URI: /v5/AEimages/ridgeclub/mcith/mcith_2010_Golf_Staff.jpg
[2010-10-13 18:07:26] [info] ConvertPathToURI: SiteRoot=/usr/local/apache-tomcat-5.5.27/webapps, Path: /usr/local/apache-tomcat-5.5.27/webapps/v5/AEimages/ridgeclub/2010_Golf_Staff.jpg -> URI: /v5/AEimages/ridgeclub/2010_Golf_Staff.jpg
[2010-10-13 18:07:30] [info] ConvertPathToURI: SiteRoot=/usr/local/apache-tomcat-5.5.27/webapps, Path: /usr/local/apache-tomcat-5.5.27/webapps/v5/AEimages/ridgeclub/mcith/mcith_2010_Golf_Staff.jpg -> URI: /v5/AEimages/ridgeclub/mcith/mcith_2010_Golf_Staff.jpg
[2010-10-13 18:07:30] [info] ConvertPathToURI: SiteRoot=/usr/local/apache-tomcat-5.5.27/webapps, Path: /usr/local/apache-tomcat-5.5.27/webapps/v5/AEimages/ridgeclub/2010_Golf_Staff.jpg -> URI: /v5/AEimages/ridgeclub/2010_Golf_Staff.jpg
[2010-10-14 15:22:00] [info] ConvertPathToURI: SiteRoot=/usr/local/apache-tomcat-5.5.27/webapps, Path: /usr/local/apache-tomcat-5.5.27/webapps/v5/AEimages/pecanplantation/mcith/mcith_foreteeslogo.gif -> URI: /v5/AEimages/pecanplantation/mcith/mcith_foreteeslogo.gif
[2010-10-14 15:22:00] [info] ConvertPathToURI: SiteRoot=/usr/local/apache-tomcat-5.5.27/webapps, Path: /usr/local/apache-tomcat-5.5.27/webapps/v5/AEimages/pecanplantation/foreteeslogo.gif -> URI: /v5/AEimages/pecanplantation/foreteeslogo.gif
[2010-10-15 12:08:42] [info] ConvertPathToURI: SiteRoot=/usr/local/apache-tomcat-5.5.27/webapps, Path: /usr/local/apache-tomcat-5.5.27/webapps/v5/AEimages/sankatyheadgc/mcith/mcith_Cloudy Lighthouse.jpg -> URI: /v5/AEimages/sankatyheadgc/mcith/mcith_Cloudy Lighthouse.jpg
[2010-10-15 12:08:42] [info] ConvertPathToURI: SiteRoot=/usr/local/apache-tomcat-5.5.27/webapps, Path: /usr/local/apache-tomcat-5.5.27/webapps/v5/AEimages/sankatyheadgc/Cloudy Lighthouse.jpg -> URI: /v5/AEimages/sankatyheadgc/Cloudy Lighthouse.jpg
[2010-10-15 16:06:10] [info] ConvertURIToPath: SiteRoot=/usr/local/apache-tomcat-5.5.27/webapps, URI: /v5/AEimages/greenhills -> Path: /usr/local/apache-tomcat-5.5.27/webapps/v5/AEimages/greenhills
[2010-10-15 16:06:10] [info] ConvertURIToPath: SiteRoot=/usr/local/apache-tomcat-5.5.27/webapps, URI: /v5/AEimages/greenhills -> Path: /usr/local/apache-tomcat-5.5.27/webapps/v5/AEimages/greenhills
[2010-10-15 16:06:50] [info] ConvertPathToURI: SiteRoot=/usr/local/apache-tomcat-5.5.27/webapps, Path: /usr/local/apache-tomcat-5.5.27/webapps/v5/AEimages/greenhills/San_Francisco_Giants_Logo.jpg -> URI: /v5/AEimages/greenhills/San_Francisco_Giants_Logo.jpg
[2010-10-15 16:06:57] [info] ConvertPathToURI: SiteRoot=/usr/local/apache-tomcat-5.5.27/webapps, Path: /usr/local/apache-tomcat-5.5.27/webapps/v5/AEimages/greenhills/San_Francisco_Giants_Logo.jpg -> URI: /v5/AEimages/greenhills/San_Francisco_Giants_Logo.jpg
[2010-10-15 16:07:29] [info] ConvertURIToPath: SiteRoot=/usr/local/apache-tomcat-5.5.27/webapps, URI: /v5/AEimages/greenhills -> Path: /usr/local/apache-tomcat-5.5.27/webapps/v5/AEimages/greenhills
[2010-10-15 16:07:29] [info] ConvertURIToPath: SiteRoot=/usr/local/apache-tomcat-5.5.27/webapps, URI: /v5/AEimages/greenhills -> Path: /usr/local/apache-tomcat-5.5.27/webapps/v5/AEimages/greenhills
[2010-10-15 16:07:33] [info] ConvertPathToURI: SiteRoot=/usr/local/apache-tomcat-5.5.27/webapps, Path: /usr/local/apache-tomcat-5.5.27/webapps/v5/AEimages/greenhills/San_Francisco_Giants_Logo.jpg -> URI: /v5/AEimages/greenhills/San_Francisco_Giants_Logo.jpg
[2010-10-15 16:08:16] [info] ConvertPathToURI: SiteRoot=/usr/local/apache-tomcat-5.5.27/webapps, Path: /usr/local/apache-tomcat-5.5.27/webapps/v5/AEimages/greenhills/San_Francisco_Giants_Logo.jpg -> URI: /v5/AEimages/greenhills/San_Francisco_Giants_Logo.jpg
[2010-10-16 14:52:01] [info] ConvertPathToURI: SiteRoot=/usr/local/apache-tomcat-5.5.27/webapps, Path: /usr/local/apache-tomcat-5.5.27/webapps/v5/AEimages/piedmont/mcith/mcith_Foggy16-New.jpg -> URI: /v5/AEimages/piedmont/mcith/mcith_Foggy16-New.jpg
[2010-10-16 14:52:01] [info] ConvertPathToURI: SiteRoot=/usr/local/apache-tomcat-5.5.27/webapps, Path: /usr/local/apache-tomcat-5.5.27/webapps/v5/AEimages/piedmont/Foggy16-New.jpg -> URI: /v5/AEimages/piedmont/Foggy16-New.jpg
[2010-10-18 14:49:33] [info] ConvertPathToURI: SiteRoot=/usr/local/apache-tomcat-5.5.27/webapps, Path: /usr/local/apache-tomcat-5.5.27/webapps/v5/AEimages/ironwood/mcith/mcith_cobraLogo.jpg -> URI: /v5/AEimages/ironwood/mcith/mcith_cobraLogo.jpg
[2010-10-18 14:49:33] [info] ConvertPathToURI: SiteRoot=/usr/local/apache-tomcat-5.5.27/webapps, Path: /usr/local/apache-tomcat-5.5.27/webapps/v5/AEimages/ironwood/cobraLogo.jpg -> URI: /v5/AEimages/ironwood/cobraLogo.jpg
[2010-10-18 14:49:33] [info] ConvertPathToURI: SiteRoot=/usr/local/apache-tomcat-5.5.27/webapps, Path: /usr/local/apache-tomcat-5.5.27/webapps/v5/AEimages/ironwood/mcith/mcith_footer_logos-over_02.jpg -> URI: /v5/AEimages/ironwood/mcith/mcith_footer_logos-over_02.jpg
[2010-10-18 14:49:33] [info] ConvertPathToURI: SiteRoot=/usr/local/apache-tomcat-5.5.27/webapps, Path: /usr/local/apache-tomcat-5.5.27/webapps/v5/AEimages/ironwood/footer_logos-over_02.jpg -> URI: /v5/AEimages/ironwood/footer_logos-over_02.jpg
[2010-10-18 14:49:33] [info] ConvertPathToURI: SiteRoot=/usr/local/apache-tomcat-5.5.27/webapps, Path: /usr/local/apache-tomcat-5.5.27/webapps/v5/AEimages/ironwood/mcith/mcith_GOPHER.jpg -> URI: /v5/AEimages/ironwood/mcith/mcith_GOPHER.jpg
[2010-10-18 14:49:33] [info] ConvertPathToURI: SiteRoot=/usr/local/apache-tomcat-5.5.27/webapps, Path: /usr/local/apache-tomcat-5.5.27/webapps/v5/AEimages/ironwood/GOPHER.jpg -> URI: /v5/AEimages/ironwood/GOPHER.jpg
[2010-10-18 14:49:33] [info] ConvertPathToURI: SiteRoot=/usr/local/apache-tomcat-5.5.27/webapps, Path: /usr/local/apache-tomcat-5.5.27/webapps/v5/AEimages/ironwood/mcith/mcith_JBS_SHOOT.jpg -> URI: /v5/AEimages/ironwood/mcith/mcith_JBS_SHOOT.jpg
[2010-10-18 14:49:33] [info] ConvertPathToURI: SiteRoot=/usr/local/apache-tomcat-5.5.27/webapps, Path: /usr/local/apache-tomcat-5.5.27/webapps/v5/AEimages/ironwood/JBS_SHOOT.jpg -> URI: /v5/AEimages/ironwood/JBS_SHOOT.jpg
[2010-10-18 14:49:33] [info] ConvertPathToURI: SiteRoot=/usr/local/apache-tomcat-5.5.27/webapps, Path: /usr/local/apache-tomcat-5.5.27/webapps/v5/AEimages/ironwood/mcith/mcith_IWFinal-0008.jpg -> URI: /v5/AEimages/ironwood/mcith/mcith_IWFinal-0008.jpg
[2010-10-18 14:49:33] [info] ConvertPathToURI: SiteRoot=/usr/local/apache-tomcat-5.5.27/webapps, Path: /usr/local/apache-tomcat-5.5.27/webapps/v5/AEimages/ironwood/IWFinal-0008.jpg -> URI: /v5/AEimages/ironwood/IWFinal-0008.jpg
[2010-10-18 14:49:33] [info] ConvertPathToURI: SiteRoot=/usr/local/apache-tomcat-5.5.27/webapps, Path: /usr/local/apache-tomcat-5.5.27/webapps/v5/AEimages/ironwood/mcith/mcith_new2006logo.jpg -> URI: /v5/AEimages/ironwood/mcith/mcith_new2006logo.jpg
[2010-10-18 14:49:33] [info] ConvertPathToURI: SiteRoot=/usr/local/apache-tomcat-5.5.27/webapps, Path: /usr/local/apache-tomcat-5.5.27/webapps/v5/AEimages/ironwood/new2006logo.jpg -> URI: /v5/AEimages/ironwood/new2006logo.jpg
[2010-10-18 14:56:40] [info] ConvertPathToURI: SiteRoot=/usr/local/apache-tomcat-5.5.27/webapps, Path: /usr/local/apache-tomcat-5.5.27/webapps/v5/AEimages/ironwood/mcith/mcith_cobraLogo.jpg -> URI: /v5/AEimages/ironwood/mcith/mcith_cobraLogo.jpg
[2010-10-18 14:56:40] [info] ConvertPathToURI: SiteRoot=/usr/local/apache-tomcat-5.5.27/webapps, Path: /usr/local/apache-tomcat-5.5.27/webapps/v5/AEimages/ironwood/cobraLogo.jpg -> URI: /v5/AEimages/ironwood/cobraLogo.jpg
[2010-10-18 14:59:09] [info] ConvertPathToURI: SiteRoot=/usr/local/apache-tomcat-5.5.27/webapps, Path: /usr/local/apache-tomcat-5.5.27/webapps/v5/AEimages/ironwood/mcith/mcith_footer_logos-over_02.jpg -> URI: /v5/AEimages/ironwood/mcith/mcith_footer_logos-over_02.jpg
[2010-10-18 14:59:09] [info] ConvertPathToURI: SiteRoot=/usr/local/apache-tomcat-5.5.27/webapps, Path: /usr/local/apache-tomcat-5.5.27/webapps/v5/AEimages/ironwood/footer_logos-over_02.jpg -> URI: /v5/AEimages/ironwood/footer_logos-over_02.jpg
[2010-10-18 15:07:49] [info] ConvertPathToURI: SiteRoot=/usr/local/apache-tomcat-5.5.27/webapps, Path: /usr/local/apache-tomcat-5.5.27/webapps/v5/AEimages/ironwood/mcith/mcith_cobraLogo.jpg -> URI: /v5/AEimages/ironwood/mcith/mcith_cobraLogo.jpg
[2010-10-18 15:07:49] [info] ConvertPathToURI: SiteRoot=/usr/local/apache-tomcat-5.5.27/webapps, Path: /usr/local/apache-tomcat-5.5.27/webapps/v5/AEimages/ironwood/cobraLogo.jpg -> URI: /v5/AEimages/ironwood/cobraLogo.jpg
[2010-10-18 15:09:09] [info] ConvertPathToURI: SiteRoot=/usr/local/apache-tomcat-5.5.27/webapps, Path: /usr/local/apache-tomcat-5.5.27/webapps/v5/AEimages/ironwood/mcith/mcith_footer_logos-over_02.jpg -> URI: /v5/AEimages/ironwood/mcith/mcith_footer_logos-over_02.jpg
[2010-10-18 15:09:09] [info] ConvertPathToURI: SiteRoot=/usr/local/apache-tomcat-5.5.27/webapps, Path: /usr/local/apache-tomcat-5.5.27/webapps/v5/AEimages/ironwood/footer_logos-over_02.jpg -> URI: /v5/AEimages/ironwood/footer_logos-over_02.jpg
[2010-10-18 15:14:54] [info] ConvertPathToURI: SiteRoot=/usr/local/apache-tomcat-5.5.27/webapps, Path: /usr/local/apache-tomcat-5.5.27/webapps/v5/AEimages/ironwood/mcith/mcith_tehama-head.jpg -> URI: /v5/AEimages/ironwood/mcith/mcith_tehama-head.jpg
[2010-10-18 15:14:54] [info] ConvertPathToURI: SiteRoot=/usr/local/apache-tomcat-5.5.27/webapps, Path: /usr/local/apache-tomcat-5.5.27/webapps/v5/AEimages/ironwood/tehama-head.jpg -> URI: /v5/AEimages/ironwood/tehama-head.jpg
[2010-10-18 15:14:54] [info] ConvertPathToURI: SiteRoot=/usr/local/apache-tomcat-5.5.27/webapps, Path: /usr/local/apache-tomcat-5.5.27/webapps/v5/AEimages/ironwood/mcith/mcith_2010quail.png -> URI: /v5/AEimages/ironwood/mcith/mcith_2010quail.png
[2010-10-18 15:14:54] [info] ConvertPathToURI: SiteRoot=/usr/local/apache-tomcat-5.5.27/webapps, Path: /usr/local/apache-tomcat-5.5.27/webapps/v5/AEimages/ironwood/2010quail.png -> URI: /v5/AEimages/ironwood/2010quail.png
[2010-10-18 15:14:54] [info] ConvertPathToURI: SiteRoot=/usr/local/apache-tomcat-5.5.27/webapps, Path: /usr/local/apache-tomcat-5.5.27/webapps/v5/AEimages/ironwood/mcith/mcith_29572511_75.jpg -> URI: /v5/AEimages/ironwood/mcith/mcith_29572511_75.jpg
[2010-10-18 15:14:54] [info] ConvertPathToURI: SiteRoot=/usr/local/apache-tomcat-5.5.27/webapps, Path: /usr/local/apache-tomcat-5.5.27/webapps/v5/AEimages/ironwood/29572511_75.jpg -> URI: /v5/AEimages/ironwood/29572511_75.jpg
[2010-10-18 15:14:54] [info] ConvertPathToURI: SiteRoot=/usr/local/apache-tomcat-5.5.27/webapps, Path: /usr/local/apache-tomcat-5.5.27/webapps/v5/AEimages/ironwood/mcith/mcith_Pro_LR_872.jpg -> URI: /v5/AEimages/ironwood/mcith/mcith_Pro_LR_872.jpg
[2010-10-18 15:14:54] [info] ConvertPathToURI: SiteRoot=/usr/local/apache-tomcat-5.5.27/webapps, Path: /usr/local/apache-tomcat-5.5.27/webapps/v5/AEimages/ironwood/Pro_LR_872.jpg -> URI: /v5/AEimages/ironwood/Pro_LR_872.jpg
[2010-10-18 15:14:54] [info] ConvertPathToURI: SiteRoot=/usr/local/apache-tomcat-5.5.27/webapps, Path: /usr/local/apache-tomcat-5.5.27/webapps/v5/AEimages/ironwood/mcith/mcith_Maui_jim.png -> URI: /v5/AEimages/ironwood/mcith/mcith_Maui_jim.png
[2010-10-18 15:14:54] [info] ConvertPathToURI: SiteRoot=/usr/local/apache-tomcat-5.5.27/webapps, Path: /usr/local/apache-tomcat-5.5.27/webapps/v5/AEimages/ironwood/Maui_jim.png -> URI: /v5/AEimages/ironwood/Maui_jim.png
[2010-10-18 15:14:54] [info] ConvertPathToURI: SiteRoot=/usr/local/apache-tomcat-5.5.27/webapps, Path: /usr/local/apache-tomcat-5.5.27/webapps/v5/AEimages/ironwood/mcith/mcith_PRO_Letters_872.jpg -> URI: /v5/AEimages/ironwood/mcith/mcith_PRO_Letters_872.jpg
[2010-10-18 15:14:54] [info] ConvertPathToURI: SiteRoot=/usr/local/apache-tomcat-5.5.27/webapps, Path: /usr/local/apache-tomcat-5.5.27/webapps/v5/AEimages/ironwood/PRO_Letters_872.jpg -> URI: /v5/AEimages/ironwood/PRO_Letters_872.jpg
[2010-10-18 15:14:59] [info] ConvertPathToURI: SiteRoot=/usr/local/apache-tomcat-5.5.27/webapps, Path: /usr/local/apache-tomcat-5.5.27/webapps/v5/AEimages/ironwood/mcith/mcith_Maui_jim.png -> URI: /v5/AEimages/ironwood/mcith/mcith_Maui_jim.png
[2010-10-18 15:14:59] [info] ConvertPathToURI: SiteRoot=/usr/local/apache-tomcat-5.5.27/webapps, Path: /usr/local/apache-tomcat-5.5.27/webapps/v5/AEimages/ironwood/Maui_jim.png -> URI: /v5/AEimages/ironwood/Maui_jim.png
[2010-10-18 15:35:56] [info] ConvertPathToURI: SiteRoot=/usr/local/apache-tomcat-5.5.27/webapps, Path: /usr/local/apache-tomcat-5.5.27/webapps/v5/AEimages/ironwood/mcith/mcith_Cleveland.gif -> URI: /v5/AEimages/ironwood/mcith/mcith_Cleveland.gif
[2010-10-18 15:35:56] [info] ConvertPathToURI: SiteRoot=/usr/local/apache-tomcat-5.5.27/webapps, Path: /usr/local/apache-tomcat-5.5.27/webapps/v5/AEimages/ironwood/Cleveland.gif -> URI: /v5/AEimages/ironwood/Cleveland.gif
[2010-10-18 15:35:56] [info] ConvertPathToURI: SiteRoot=/usr/local/apache-tomcat-5.5.27/webapps, Path: /usr/local/apache-tomcat-5.5.27/webapps/v5/AEimages/ironwood/mcith/mcith_Nakashima_logo.jpg -> URI: /v5/AEimages/ironwood/mcith/mcith_Nakashima_logo.jpg
[2010-10-18 15:35:56] [info] ConvertPathToURI: SiteRoot=/usr/local/apache-tomcat-5.5.27/webapps, Path: /usr/local/apache-tomcat-5.5.27/webapps/v5/AEimages/ironwood/Nakashima_logo.jpg -> URI: /v5/AEimages/ironwood/Nakashima_logo.jpg
[2010-10-18 15:35:56] [info] ConvertPathToURI: SiteRoot=/usr/local/apache-tomcat-5.5.27/webapps, Path: /usr/local/apache-tomcat-5.5.27/webapps/v5/AEimages/ironwood/mcith/mcith_v-SwingProduct.jpg -> URI: /v5/AEimages/ironwood/mcith/mcith_v-SwingProduct.jpg
[2010-10-18 15:35:56] [info] ConvertPathToURI: SiteRoot=/usr/local/apache-tomcat-5.5.27/webapps, Path: /usr/local/apache-tomcat-5.5.27/webapps/v5/AEimages/ironwood/v-SwingProduct.jpg -> URI: /v5/AEimages/ironwood/v-SwingProduct.jpg
[2010-10-18 15:35:56] [info] ConvertPathToURI: SiteRoot=/usr/local/apache-tomcat-5.5.27/webapps, Path: /usr/local/apache-tomcat-5.5.27/webapps/v5/AEimages/ironwood/mcith/mcith_IWFinal-0018.jpg -> URI: /v5/AEimages/ironwood/mcith/mcith_IWFinal-0018.jpg
[2010-10-18 15:35:56] [info] ConvertPathToURI: SiteRoot=/usr/local/apache-tomcat-5.5.27/webapps, Path: /usr/local/apache-tomcat-5.5.27/webapps/v5/AEimages/ironwood/IWFinal-0018.jpg -> URI: /v5/AEimages/ironwood/IWFinal-0018.jpg
[2010-10-18 15:35:56] [info] ConvertPathToURI: SiteRoot=/usr/local/apache-tomcat-5.5.27/webapps, Path: /usr/local/apache-tomcat-5.5.27/webapps/v5/AEimages/ironwood/mcith/mcith_orange_whip.gif -> URI: /v5/AEimages/ironwood/mcith/mcith_orange_whip.gif
[2010-10-18 15:35:56] [info] ConvertPathToURI: SiteRoot=/usr/local/apache-tomcat-5.5.27/webapps, Path: /usr/local/apache-tomcat-5.5.27/webapps/v5/AEimages/ironwood/orange_whip.gif -> URI: /v5/AEimages/ironwood/orange_whip.gif
[2010-10-18 15:42:46] [info] ConvertPathToURI: SiteRoot=/usr/local/apache-tomcat-5.5.27/webapps, Path: /usr/local/apache-tomcat-5.5.27/webapps/v5/AEimages/ironwood/mcith/mcith_Cleveland.gif -> URI: /v5/AEimages/ironwood/mcith/mcith_Cleveland.gif
[2010-10-18 15:42:46] [info] ConvertPathToURI: SiteRoot=/usr/local/apache-tomcat-5.5.27/webapps, Path: /usr/local/apache-tomcat-5.5.27/webapps/v5/AEimages/ironwood/Cleveland.gif -> URI: /v5/AEimages/ironwood/Cleveland.gif
[2010-10-18 15:43:01] [info] ConvertPathToURI: SiteRoot=/usr/local/apache-tomcat-5.5.27/webapps, Path: /usr/local/apache-tomcat-5.5.27/webapps/v5/AEimages/ironwood/mcith/mcith_Nakashima_logo.jpg -> URI: /v5/AEimages/ironwood/mcith/mcith_Nakashima_logo.jpg
[2010-10-18 15:43:01] [info] ConvertPathToURI: SiteRoot=/usr/local/apache-tomcat-5.5.27/webapps, Path: /usr/local/apache-tomcat-5.5.27/webapps/v5/AEimages/ironwood/Nakashima_logo.jpg -> URI: /v5/AEimages/ironwood/Nakashima_logo.jpg
[2010-10-18 15:43:33] [info] ConvertPathToURI: SiteRoot=/usr/local/apache-tomcat-5.5.27/webapps, Path: /usr/local/apache-tomcat-5.5.27/webapps/v5/AEimages/ironwood/mcith/mcith_orange_whip.gif -> URI: /v5/AEimages/ironwood/mcith/mcith_orange_whip.gif
[2010-10-18 15:43:33] [info] ConvertPathToURI: SiteRoot=/usr/local/apache-tomcat-5.5.27/webapps, Path: /usr/local/apache-tomcat-5.5.27/webapps/v5/AEimages/ironwood/orange_whip.gif -> URI: /v5/AEimages/ironwood/orange_whip.gif
[2010-10-18 15:43:46] [info] ConvertPathToURI: SiteRoot=/usr/local/apache-tomcat-5.5.27/webapps, Path: /usr/local/apache-tomcat-5.5.27/webapps/v5/AEimages/ironwood/mcith/mcith_v-SwingProduct.jpg -> URI: /v5/AEimages/ironwood/mcith/mcith_v-SwingProduct.jpg
[2010-10-18 15:43:46] [info] ConvertPathToURI: SiteRoot=/usr/local/apache-tomcat-5.5.27/webapps, Path: /usr/local/apache-tomcat-5.5.27/webapps/v5/AEimages/ironwood/v-SwingProduct.jpg -> URI: /v5/AEimages/ironwood/v-SwingProduct.jpg
[2010-10-18 16:23:41] [info] ConvertPathToURI: SiteRoot=/usr/local/apache-tomcat-5.5.27/webapps, Path: /usr/local/apache-tomcat-5.5.27/webapps/v5/AEimages/ironwood/mcith/mcith_cobraLogo.jpg -> URI: /v5/AEimages/ironwood/mcith/mcith_cobraLogo.jpg
[2010-10-18 16:23:41] [info] ConvertPathToURI: SiteRoot=/usr/local/apache-tomcat-5.5.27/webapps, Path: /usr/local/apache-tomcat-5.5.27/webapps/v5/AEimages/ironwood/cobraLogo.jpg -> URI: /v5/AEimages/ironwood/cobraLogo.jpg
[2010-10-18 17:20:40] [info] ConvertPathToURI: SiteRoot=/usr/local/apache-tomcat-5.5.27/webapps, Path: /usr/local/apache-tomcat-5.5.27/webapps/v5/AEimages/ironwood/link_platinum_over.gif -> URI: /v5/AEimages/ironwood/link_platinum_over.gif
[2010-10-18 17:20:40] [info] ConvertPathToURI: SiteRoot=/usr/local/apache-tomcat-5.5.27/webapps, Path: /usr/local/apache-tomcat-5.5.27/webapps/v5/AEimages/ironwood/V-SwingHeader.jpg -> URI: /v5/AEimages/ironwood/V-SwingHeader.jpg
[2010-10-18 17:21:11] [info] ConvertPathToURI: SiteRoot=/usr/local/apache-tomcat-5.5.27/webapps, Path: /usr/local/apache-tomcat-5.5.27/webapps/v5/AEimages/ironwood/link_platinum_over.gif -> URI: /v5/AEimages/ironwood/link_platinum_over.gif
[2010-10-18 17:22:58] [info] ConvertURIToPath: SiteRoot=/usr/local/apache-tomcat-5.5.27/webapps, URI: /v5/AEimages/ironwood -> Path: /usr/local/apache-tomcat-5.5.27/webapps/v5/AEimages/ironwood
[2010-10-18 17:22:58] [info] ConvertURIToPath: SiteRoot=/usr/local/apache-tomcat-5.5.27/webapps, URI: /v5/AEimages/ironwood -> Path: /usr/local/apache-tomcat-5.5.27/webapps/v5/AEimages/ironwood
[2010-10-18 17:23:28] [info] ConvertPathToURI: SiteRoot=/usr/local/apache-tomcat-5.5.27/webapps, Path: /usr/local/apache-tomcat-5.5.27/webapps/v5/AEimages/ironwood/V-SwingHeader.jpg -> URI: /v5/AEimages/ironwood/V-SwingHeader.jpg
[2010-10-20 16:02:07] [info] ConvertPathToURI: SiteRoot=/usr/local/apache-tomcat-5.5.27/webapps, Path: /usr/local/apache-tomcat-5.5.27/webapps/v5/AEimages/greenwich/mcith/mcith_foretees-GCC-logo.jpg -> URI: /v5/AEimages/greenwich/mcith/mcith_foretees-GCC-logo.jpg
[2010-10-20 16:02:07] [info] ConvertPathToURI: SiteRoot=/usr/local/apache-tomcat-5.5.27/webapps, Path: /usr/local/apache-tomcat-5.5.27/webapps/v5/AEimages/greenwich/foretees-GCC-logo.jpg -> URI: /v5/AEimages/greenwich/foretees-GCC-logo.jpg
[2010-10-20 16:02:11] [info] ConvertPathToURI: SiteRoot=/usr/local/apache-tomcat-5.5.27/webapps, Path: /usr/local/apache-tomcat-5.5.27/webapps/v5/AEimages/greenwich/mcith/mcith_foretees-GCC-logo.jpg -> URI: /v5/AEimages/greenwich/mcith/mcith_foretees-GCC-logo.jpg
[2010-10-20 16:02:11] [info] ConvertPathToURI: SiteRoot=/usr/local/apache-tomcat-5.5.27/webapps, Path: /usr/local/apache-tomcat-5.5.27/webapps/v5/AEimages/greenwich/foretees-GCC-logo.jpg -> URI: /v5/AEimages/greenwich/foretees-GCC-logo.jpg
[2010-10-20 16:26:45] [info] ConvertPathToURI: SiteRoot=/usr/local/apache-tomcat-5.5.27/webapps, Path: /usr/local/apache-tomcat-5.5.27/webapps/v5/AEimages/greenwich/mcith/mcith_BG-foretees-GCC-logo.jpg -> URI: /v5/AEimages/greenwich/mcith/mcith_BG-foretees-GCC-logo.jpg
[2010-10-20 16:26:45] [info] ConvertPathToURI: SiteRoot=/usr/local/apache-tomcat-5.5.27/webapps, Path: /usr/local/apache-tomcat-5.5.27/webapps/v5/AEimages/greenwich/BG-foretees-GCC-logo.jpg -> URI: /v5/AEimages/greenwich/BG-foretees-GCC-logo.jpg
[2010-10-20 16:27:09] [info] ConvertPathToURI: SiteRoot=/usr/local/apache-tomcat-5.5.27/webapps, Path: /usr/local/apache-tomcat-5.5.27/webapps/v5/AEimages/greenwich/mcith/mcith_BG-foretees-GCC-logo.jpg -> URI: /v5/AEimages/greenwich/mcith/mcith_BG-foretees-GCC-logo.jpg
[2010-10-20 16:27:09] [info] ConvertPathToURI: SiteRoot=/usr/local/apache-tomcat-5.5.27/webapps, Path: /usr/local/apache-tomcat-5.5.27/webapps/v5/AEimages/greenwich/BG-foretees-GCC-logo.jpg -> URI: /v5/AEimages/greenwich/BG-foretees-GCC-logo.jpg
[2010-10-20 16:52:16] [info] ConvertPathToURI: SiteRoot=/usr/local/apache-tomcat-5.5.27/webapps, Path: /usr/local/apache-tomcat-5.5.27/webapps/v5/AEimages/greenwich/mcith/mcith_BG-foretees-GCC-logo.jpg -> URI: /v5/AEimages/greenwich/mcith/mcith_BG-foretees-GCC-logo.jpg
[2010-10-20 16:52:16] [info] ConvertPathToURI: SiteRoot=/usr/local/apache-tomcat-5.5.27/webapps, Path: /usr/local/apache-tomcat-5.5.27/webapps/v5/AEimages/greenwich/BG-foretees-GCC-logo.jpg -> URI: /v5/AEimages/greenwich/BG-foretees-GCC-logo.jpg
[2010-10-20 16:52:40] [info] ConvertPathToURI: SiteRoot=/usr/local/apache-tomcat-5.5.27/webapps, Path: /usr/local/apache-tomcat-5.5.27/webapps/v5/AEimages/greenwich/mcith/mcith_BG-foretees-GCC-logo.jpg -> URI: /v5/AEimages/greenwich/mcith/mcith_BG-foretees-GCC-logo.jpg
[2010-10-20 16:52:40] [info] ConvertPathToURI: SiteRoot=/usr/local/apache-tomcat-5.5.27/webapps, Path: /usr/local/apache-tomcat-5.5.27/webapps/v5/AEimages/greenwich/BG-foretees-GCC-logo.jpg -> URI: /v5/AEimages/greenwich/BG-foretees-GCC-logo.jpg
[2010-10-20 16:52:43] [info] ConvertPathToURI: SiteRoot=/usr/local/apache-tomcat-5.5.27/webapps, Path: /usr/local/apache-tomcat-5.5.27/webapps/v5/AEimages/greenwich/mcith/mcith_BG-foretees-GCC-logo.jpg -> URI: /v5/AEimages/greenwich/mcith/mcith_BG-foretees-GCC-logo.jpg
[2010-10-20 16:52:43] [info] ConvertPathToURI: SiteRoot=/usr/local/apache-tomcat-5.5.27/webapps, Path: /usr/local/apache-tomcat-5.5.27/webapps/v5/AEimages/greenwich/BG-foretees-GCC-logo.jpg -> URI: /v5/AEimages/greenwich/BG-foretees-GCC-logo.jpg
[2010-10-20 16:53:01] [info] ConvertPathToURI: SiteRoot=/usr/local/apache-tomcat-5.5.27/webapps, Path: /usr/local/apache-tomcat-5.5.27/webapps/v5/AEimages/greenwich/mcith/mcith_BG-foretees-GCC-logo.jpg -> URI: /v5/AEimages/greenwich/mcith/mcith_BG-foretees-GCC-logo.jpg
[2010-10-20 16:53:01] [info] ConvertPathToURI: SiteRoot=/usr/local/apache-tomcat-5.5.27/webapps, Path: /usr/local/apache-tomcat-5.5.27/webapps/v5/AEimages/greenwich/BG-foretees-GCC-logo.jpg -> URI: /v5/AEimages/greenwich/BG-foretees-GCC-logo.jpg
[2010-10-20 16:56:39] [info] ConvertPathToURI: SiteRoot=/usr/local/apache-tomcat-5.5.27/webapps, Path: /usr/local/apache-tomcat-5.5.27/webapps/v5/AEimages/greenwich/mcith/mcith_BG-foretees-GCC-logo.jpg -> URI: /v5/AEimages/greenwich/mcith/mcith_BG-foretees-GCC-logo.jpg
[2010-10-20 16:56:39] [info] ConvertPathToURI: SiteRoot=/usr/local/apache-tomcat-5.5.27/webapps, Path: /usr/local/apache-tomcat-5.5.27/webapps/v5/AEimages/greenwich/BG-foretees-GCC-logo.jpg -> URI: /v5/AEimages/greenwich/BG-foretees-GCC-logo.jpg
[2010-10-20 16:56:42] [info] ConvertPathToURI: SiteRoot=/usr/local/apache-tomcat-5.5.27/webapps, Path: /usr/local/apache-tomcat-5.5.27/webapps/v5/AEimages/greenwich/mcith/mcith_BG-foretees-GCC-logo.jpg -> URI: /v5/AEimages/greenwich/mcith/mcith_BG-foretees-GCC-logo.jpg
[2010-10-20 16:56:42] [info] ConvertPathToURI: SiteRoot=/usr/local/apache-tomcat-5.5.27/webapps, Path: /usr/local/apache-tomcat-5.5.27/webapps/v5/AEimages/greenwich/BG-foretees-GCC-logo.jpg -> URI: /v5/AEimages/greenwich/BG-foretees-GCC-logo.jpg
[2010-10-20 16:58:09] [info] ConvertPathToURI: SiteRoot=/usr/local/apache-tomcat-5.5.27/webapps, Path: /usr/local/apache-tomcat-5.5.27/webapps/v5/AEimages/greenwich/mcith/mcith_BG-foretees-GCC-logo.jpg -> URI: /v5/AEimages/greenwich/mcith/mcith_BG-foretees-GCC-logo.jpg
[2010-10-20 16:58:09] [info] ConvertPathToURI: SiteRoot=/usr/local/apache-tomcat-5.5.27/webapps, Path: /usr/local/apache-tomcat-5.5.27/webapps/v5/AEimages/greenwich/BG-foretees-GCC-logo.jpg -> URI: /v5/AEimages/greenwich/BG-foretees-GCC-logo.jpg
[2010-10-20 16:59:36] [info] ConvertPathToURI: SiteRoot=/usr/local/apache-tomcat-5.5.27/webapps, Path: /usr/local/apache-tomcat-5.5.27/webapps/v5/AEimages/tavistockcc/mcith/mcith_2011_Christmas_Poster.jpg -> URI: /v5/AEimages/tavistockcc/mcith/mcith_2011_Christmas_Poster.jpg
[2010-10-20 16:59:36] [info] ConvertPathToURI: SiteRoot=/usr/local/apache-tomcat-5.5.27/webapps, Path: /usr/local/apache-tomcat-5.5.27/webapps/v5/AEimages/tavistockcc/2011_Christmas_Poster.jpg -> URI: /v5/AEimages/tavistockcc/2011_Christmas_Poster.jpg
[2010-10-20 16:59:49] [info] ConvertPathToURI: SiteRoot=/usr/local/apache-tomcat-5.5.27/webapps, Path: /usr/local/apache-tomcat-5.5.27/webapps/v5/AEimages/tavistockcc/mcith/mcith_2011_Christmas_Poster.jpg -> URI: /v5/AEimages/tavistockcc/mcith/mcith_2011_Christmas_Poster.jpg
[2010-10-20 16:59:49] [info] ConvertPathToURI: SiteRoot=/usr/local/apache-tomcat-5.5.27/webapps, Path: /usr/local/apache-tomcat-5.5.27/webapps/v5/AEimages/tavistockcc/2011_Christmas_Poster.jpg -> URI: /v5/AEimages/tavistockcc/2011_Christmas_Poster.jpg
[2010-10-20 17:09:59] [info] ConvertPathToURI: SiteRoot=/usr/local/apache-tomcat-5.5.27/webapps, Path: /usr/local/apache-tomcat-5.5.27/webapps/v5/AEimages/greenwich/mcith/mcith_New-BG-foretees-GCC-logo.jpg -> URI: /v5/AEimages/greenwich/mcith/mcith_New-BG-foretees-GCC-logo.jpg
[2010-10-20 17:09:59] [info] ConvertPathToURI: SiteRoot=/usr/local/apache-tomcat-5.5.27/webapps, Path: /usr/local/apache-tomcat-5.5.27/webapps/v5/AEimages/greenwich/New-BG-foretees-GCC-logo.jpg -> URI: /v5/AEimages/greenwich/New-BG-foretees-GCC-logo.jpg
[2010-10-20 17:10:02] [info] ConvertPathToURI: SiteRoot=/usr/local/apache-tomcat-5.5.27/webapps, Path: /usr/local/apache-tomcat-5.5.27/webapps/v5/AEimages/greenwich/mcith/mcith_New-BG-foretees-GCC-logo.jpg -> URI: /v5/AEimages/greenwich/mcith/mcith_New-BG-foretees-GCC-logo.jpg
[2010-10-20 17:10:02] [info] ConvertPathToURI: SiteRoot=/usr/local/apache-tomcat-5.5.27/webapps, Path: /usr/local/apache-tomcat-5.5.27/webapps/v5/AEimages/greenwich/New-BG-foretees-GCC-logo.jpg -> URI: /v5/AEimages/greenwich/New-BG-foretees-GCC-logo.jpg
[2010-10-20 17:15:21] [info] ConvertPathToURI: SiteRoot=/usr/local/apache-tomcat-5.5.27/webapps, Path: /usr/local/apache-tomcat-5.5.27/webapps/v5/AEimages/ironwood/JBS_SHOOT.jpg -> URI: /v5/AEimages/ironwood/JBS_SHOOT.jpg
[2010-10-20 17:16:07] [info] ConvertPathToURI: SiteRoot=/usr/local/apache-tomcat-5.5.27/webapps, Path: /usr/local/apache-tomcat-5.5.27/webapps/v5/AEimages/ironwood/IWFinal-0008.jpg -> URI: /v5/AEimages/ironwood/IWFinal-0008.jpg
[2010-10-20 17:18:38] [info] ConvertPathToURI: SiteRoot=/usr/local/apache-tomcat-5.5.27/webapps, Path: /usr/local/apache-tomcat-5.5.27/webapps/v5/AEimages/ironwood/JBS_SHOOT.jpg -> URI: /v5/AEimages/ironwood/JBS_SHOOT.jpg
[2010-10-20 17:21:29] [info] ConvertPathToURI: SiteRoot=/usr/local/apache-tomcat-5.5.27/webapps, Path: /usr/local/apache-tomcat-5.5.27/webapps/v5/AEimages/ironwood/IWFinal-0018.jpg -> URI: /v5/AEimages/ironwood/IWFinal-0018.jpg
[2010-10-21 18:34:25] [info] ConvertPathToURI: SiteRoot=/usr/local/apache-tomcat-5.5.27/webapps, Path: /usr/local/apache-tomcat-5.5.27/webapps/v5/AEimages/elmcrestcc/mcith/mcith_email.jpg -> URI: /v5/AEimages/elmcrestcc/mcith/mcith_email.jpg
[2010-10-21 18:34:25] [info] ConvertPathToURI: SiteRoot=/usr/local/apache-tomcat-5.5.27/webapps, Path: /usr/local/apache-tomcat-5.5.27/webapps/v5/AEimages/elmcrestcc/email.jpg -> URI: /v5/AEimages/elmcrestcc/email.jpg
[2010-10-21 18:36:24] [info] ConvertPathToURI: SiteRoot=/usr/local/apache-tomcat-5.5.27/webapps, Path: /usr/local/apache-tomcat-5.5.27/webapps/v5/AEimages/elmcrestcc/mcith/mcith_cross_country.jpg -> URI: /v5/AEimages/elmcrestcc/mcith/mcith_cross_country.jpg
[2010-10-21 18:36:24] [info] ConvertPathToURI: SiteRoot=/usr/local/apache-tomcat-5.5.27/webapps, Path: /usr/local/apache-tomcat-5.5.27/webapps/v5/AEimages/elmcrestcc/cross_country.jpg -> URI: /v5/AEimages/elmcrestcc/cross_country.jpg
[2010-10-21 18:36:54] [info] ConvertPathToURI: SiteRoot=/usr/local/apache-tomcat-5.5.27/webapps, Path: /usr/local/apache-tomcat-5.5.27/webapps/v5/AEimages/elmcrestcc/mcith/mcith_cross_country.jpg -> URI: /v5/AEimages/elmcrestcc/mcith/mcith_cross_country.jpg
[2010-10-21 18:36:54] [info] ConvertPathToURI: SiteRoot=/usr/local/apache-tomcat-5.5.27/webapps, Path: /usr/local/apache-tomcat-5.5.27/webapps/v5/AEimages/elmcrestcc/cross_country.jpg -> URI: /v5/AEimages/elmcrestcc/cross_country.jpg
[2010-10-22 17:55:01] [info] ConvertPathToURI: SiteRoot=/usr/local/apache-tomcat-5.5.27/webapps, Path: /usr/local/apache-tomcat-5.5.27/webapps/v5/AEimages/pinehurstcountryclub/mcith/mcith_2nd_green.JPG -> URI: /v5/AEimages/pinehurstcountryclub/mcith/mcith_2nd_green.JPG
[2010-10-22 17:55:01] [info] ConvertPathToURI: SiteRoot=/usr/local/apache-tomcat-5.5.27/webapps, Path: /usr/local/apache-tomcat-5.5.27/webapps/v5/AEimages/pinehurstcountryclub/2nd_green.JPG -> URI: /v5/AEimages/pinehurstcountryclub/2nd_green.JPG
[2010-10-22 17:55:01] [info] ConvertPathToURI: SiteRoot=/usr/local/apache-tomcat-5.5.27/webapps, Path: /usr/local/apache-tomcat-5.5.27/webapps/v5/AEimages/pinehurstcountryclub/mcith/mcith_2nd_green2.JPG -> URI: /v5/AEimages/pinehurstcountryclub/mcith/mcith_2nd_green2.JPG
[2010-10-22 17:55:01] [info] ConvertPathToURI: SiteRoot=/usr/local/apache-tomcat-5.5.27/webapps, Path: /usr/local/apache-tomcat-5.5.27/webapps/v5/AEimages/pinehurstcountryclub/2nd_green2.JPG -> URI: /v5/AEimages/pinehurstcountryclub/2nd_green2.JPG
[2010-10-22 17:55:39] [info] ConvertPathToURI: SiteRoot=/usr/local/apache-tomcat-5.5.27/webapps, Path: /usr/local/apache-tomcat-5.5.27/webapps/v5/AEimages/pinehurstcountryclub/mcith/mcith_2nd_green2.JPG -> URI: /v5/AEimages/pinehurstcountryclub/mcith/mcith_2nd_green2.JPG
[2010-10-22 17:55:39] [info] ConvertPathToURI: SiteRoot=/usr/local/apache-tomcat-5.5.27/webapps, Path: /usr/local/apache-tomcat-5.5.27/webapps/v5/AEimages/pinehurstcountryclub/2nd_green2.JPG -> URI: /v5/AEimages/pinehurstcountryclub/2nd_green2.JPG
[2010-10-22 17:56:47] [info] ConvertPathToURI: SiteRoot=/usr/local/apache-tomcat-5.5.27/webapps, Path: /usr/local/apache-tomcat-5.5.27/webapps/v5/AEimages/pinehurstcountryclub/mcith/mcith_2nd_green.JPG -> URI: /v5/AEimages/pinehurstcountryclub/mcith/mcith_2nd_green.JPG
[2010-10-22 17:56:47] [info] ConvertPathToURI: SiteRoot=/usr/local/apache-tomcat-5.5.27/webapps, Path: /usr/local/apache-tomcat-5.5.27/webapps/v5/AEimages/pinehurstcountryclub/2nd_green.JPG -> URI: /v5/AEimages/pinehurstcountryclub/2nd_green.JPG
[2010-10-22 20:14:02] [info] ConvertPathToURI: SiteRoot=/usr/local/apache-tomcat-5.5.27/webapps, Path: /usr/local/apache-tomcat-5.5.27/webapps/v5/AEimages/tavistockcc/Winter_Game_Changer_Flyer_WEB.jpg -> URI: /v5/AEimages/tavistockcc/Winter_Game_Changer_Flyer_WEB.jpg
[2010-10-22 20:14:09] [info] ConvertPathToURI: SiteRoot=/usr/local/apache-tomcat-5.5.27/webapps, Path: /usr/local/apache-tomcat-5.5.27/webapps/v5/AEimages/tavistockcc/Winter_Game_Changer_Flyer_WEB.jpg -> URI: /v5/AEimages/tavistockcc/Winter_Game_Changer_Flyer_WEB.jpg
[2010-10-22 20:20:37] [info] ConvertPathToURI: SiteRoot=/usr/local/apache-tomcat-5.5.27/webapps, Path: /usr/local/apache-tomcat-5.5.27/webapps/v5/AEimages/tavistockcc/Winter_Game_Changer_Flyer_WEB.jpg -> URI: /v5/AEimages/tavistockcc/Winter_Game_Changer_Flyer_WEB.jpg
[2010-10-22 20:21:46] [info] ConvertPathToURI: SiteRoot=/usr/local/apache-tomcat-5.5.27/webapps, Path: /usr/local/apache-tomcat-5.5.27/webapps/v5/AEimages/tavistockcc/Winter_Game_Changer_Flyer_WEB.jpg -> URI: /v5/AEimages/tavistockcc/Winter_Game_Changer_Flyer_WEB.jpg
[2010-10-22 20:22:11] [info] ConvertPathToURI: SiteRoot=/usr/local/apache-tomcat-5.5.27/webapps, Path: /usr/local/apache-tomcat-5.5.27/webapps/v5/AEimages/tavistockcc/Winter_Game_Changer_Flyer_WEB.jpg -> URI: /v5/AEimages/tavistockcc/Winter_Game_Changer_Flyer_WEB.jpg
[2010-10-22 20:22:58] [info] ConvertPathToURI: SiteRoot=/usr/local/apache-tomcat-5.5.27/webapps, Path: /usr/local/apache-tomcat-5.5.27/webapps/v5/AEimages/tavistockcc/Winter_Game_Changer_Flyer_WEB.jpg -> URI: /v5/AEimages/tavistockcc/Winter_Game_Changer_Flyer_WEB.jpg
[2010-10-22 20:23:42] [info] ConvertPathToURI: SiteRoot=/usr/local/apache-tomcat-5.5.27/webapps, Path: /usr/local/apache-tomcat-5.5.27/webapps/v5/AEimages/tavistockcc/Winter_Game_Changer_Flyer_WEB.jpg -> URI: /v5/AEimages/tavistockcc/Winter_Game_Changer_Flyer_WEB.jpg
[2010-10-22 20:26:08] [info] ConvertPathToURI: SiteRoot=/usr/local/apache-tomcat-5.5.27/webapps, Path: /usr/local/apache-tomcat-5.5.27/webapps/v5/AEimages/tavistockcc/Winter_Game_Changer_Flyer_WEB.jpg -> URI: /v5/AEimages/tavistockcc/Winter_Game_Changer_Flyer_WEB.jpg
[2010-10-22 20:27:37] [info] ConvertPathToURI: SiteRoot=/usr/local/apache-tomcat-5.5.27/webapps, Path: /usr/local/apache-tomcat-5.5.27/webapps/v5/AEimages/tavistockcc/Winter_Game_Changer_Flyer_WEB2.jpg -> URI: /v5/AEimages/tavistockcc/Winter_Game_Changer_Flyer_WEB2.jpg
[2010-10-22 20:27:49] [info] ConvertPathToURI: SiteRoot=/usr/local/apache-tomcat-5.5.27/webapps, Path: /usr/local/apache-tomcat-5.5.27/webapps/v5/AEimages/tavistockcc/Winter_Game_Changer_Flyer_WEB2.jpg -> URI: /v5/AEimages/tavistockcc/Winter_Game_Changer_Flyer_WEB2.jpg
[2010-10-22 20:32:11] [info] ConvertPathToURI: SiteRoot=/usr/local/apache-tomcat-5.5.27/webapps, Path: /usr/local/apache-tomcat-5.5.27/webapps/v5/AEimages/tavistockcc/2011_Christmas_Poster.jpg -> URI: /v5/AEimages/tavistockcc/2011_Christmas_Poster.jpg
[2010-10-26 19:30:06] [info] ConvertURIToPath: SiteRoot=/usr/local/apache-tomcat-6.0.29/webapps, URI: /v5/AEimages/all -> Path: /usr/local/apache-tomcat-6.0.29/webapps/v5/AEimages/all
[2010-10-26 19:30:06] [info] ConvertURIToPath: SiteRoot=/usr/local/apache-tomcat-6.0.29/webapps, URI: /v5/AEimages/all -> Path: /usr/local/apache-tomcat-6.0.29/webapps/v5/AEimages/all
[2010-10-26 19:32:16] [info] ConvertURIToPath: SiteRoot=/usr/local/apache-tomcat-6.0.29/webapps, URI: /v5/AEimages/all -> Path: /usr/local/apache-tomcat-6.0.29/webapps/v5/AEimages/all
[2010-10-26 19:32:16] [info] ConvertURIToPath: SiteRoot=/usr/local/apache-tomcat-6.0.29/webapps, URI: /v5/AEimages/all -> Path: /usr/local/apache-tomcat-6.0.29/webapps/v5/AEimages/all
[2010-10-26 19:38:38] [info] ConvertURIToPath: SiteRoot=/usr/local/apache-tomcat-6.0.29/webapps, URI: /v5/AEimages/all -> Path: /usr/local/apache-tomcat-6.0.29/webapps/v5/AEimages/all
[2010-10-26 19:38:38] [info] ConvertURIToPath: SiteRoot=/usr/local/apache-tomcat-6.0.29/webapps, URI: /v5/AEimages/all -> Path: /usr/local/apache-tomcat-6.0.29/webapps/v5/AEimages/all
[2010-10-26 19:44:50] [info] ConvertURIToPath: SiteRoot=/usr/local/apache-tomcat-6.0.29/webapps, URI: /v5/AEimages/all -> Path: /usr/local/apache-tomcat-6.0.29/webapps/v5/AEimages/all
[2010-10-26 19:44:50] [info] ConvertURIToPath: SiteRoot=/usr/local/apache-tomcat-6.0.29/webapps, URI: /v5/AEimages/all -> Path: /usr/local/apache-tomcat-6.0.29/webapps/v5/AEimages/all
[2010-10-26 19:45:06] [info] ConvertPathToURI: SiteRoot=/usr/local/apache-tomcat-6.0.29/webapps, Path: /usr/local/apache-tomcat-6.0.29/webapps/v5/AEimages/demov4/Clbhse from 10 grn.jpg -> URI: /v5/AEimages/demov4/Clbhse from 10 grn.jpg
[2010-10-26 19:45:06] [info] ConvertPathToURI: SiteRoot=/usr/local/apache-tomcat-6.0.29/webapps, Path: /usr/local/apache-tomcat-6.0.29/webapps/v5/AEimages/demov4/Clbhse%20from%2010%20grn.jpg -> URI: /v5/AEimages/demov4/Clbhse%20from%2010%20grn.jpg
[2010-10-26 19:45:07] [info] ConvertPathToURI: SiteRoot=/usr/local/apache-tomcat-6.0.29/webapps, Path: /usr/local/apache-tomcat-6.0.29/webapps/v5/AEimages/demov4/Clbhse%20from%2010%20grn.jpg -> URI: /v5/AEimages/demov4/Clbhse%20from%2010%20grn.jpg
[2010-10-26 19:45:43] [info] ConvertPathToURI: SiteRoot=/usr/local/apache-tomcat-6.0.29/webapps, Path: /usr/local/apache-tomcat-6.0.29/webapps/v5/AEimages/demov4/mcic_b4ce8eda9c9cad222d173c65efe90473.jpg -> URI: /v5/AEimages/demov4/mcic_b4ce8eda9c9cad222d173c65efe90473.jpg
[2010-10-26 19:45:43] [info] ConvertPathToURI: SiteRoot=/usr/local/apache-tomcat-6.0.29/webapps, Path: /usr/local/apache-tomcat-6.0.29/webapps/v5/AEimages/demov4/mcic_b4ce8eda9c9cad222d173c65efe90473.jpg -> URI: /v5/AEimages/demov4/mcic_b4ce8eda9c9cad222d173c65efe90473.jpg
[2010-10-26 19:45:44] [info] ConvertPathToURI: SiteRoot=/usr/local/apache-tomcat-6.0.29/webapps, Path: /usr/local/apache-tomcat-6.0.29/webapps/v5/AEimages/demov4/mcic_b4ce8eda9c9cad222d173c65efe90473.jpg -> URI: /v5/AEimages/demov4/mcic_b4ce8eda9c9cad222d173c65efe90473.jpg
[2010-10-26 19:45:55] [info] ConvertPathToURI: SiteRoot=/usr/local/apache-tomcat-6.0.29/webapps, Path: /usr/local/apache-tomcat-6.0.29/webapps/v5/AEimages/demov4/mcith/mcith_Clbhse_from_10_grn.jpg -> URI: /v5/AEimages/demov4/mcith/mcith_Clbhse_from_10_grn.jpg
[2010-10-26 19:45:55] [info] ConvertPathToURI: SiteRoot=/usr/local/apache-tomcat-6.0.29/webapps, Path: /usr/local/apache-tomcat-6.0.29/webapps/v5/AEimages/demov4/Clbhse_from_10_grn.jpg -> URI: /v5/AEimages/demov4/Clbhse_from_10_grn.jpg
[2010-11-29 16:35:59] [info] ConvertPathToURI: SiteRoot=/usr/local/apache-tomcat-6.0.29/webapps, Path: /usr/local/apache-tomcat-6.0.29/webapps/v5/AEimages/demov4/Brookside.jpg -> URI: /v5/AEimages/demov4/Brookside.jpg
[2010-11-29 16:35:59] [info] ConvertPathToURI: SiteRoot=/usr/local/apache-tomcat-6.0.29/webapps, Path: /usr/local/apache-tomcat-6.0.29/webapps/v5/AEimages/demov4/Brookside.jpg -> URI: /v5/AEimages/demov4/Brookside.jpg
[2010-11-29 16:35:59] [info] ConvertPathToURI: SiteRoot=/usr/local/apache-tomcat-6.0.29/webapps, Path: /usr/local/apache-tomcat-6.0.29/webapps/v5/AEimages/demov4/Brookside.jpg -> URI: /v5/AEimages/demov4/Brookside.jpg
[2010-11-29 16:36:20] [info] ConvertPathToURI: SiteRoot=/usr/local/apache-tomcat-6.0.29/webapps, Path: /usr/local/apache-tomcat-6.0.29/webapps/v5/AEimages/demov4/Test/mcith/mcith_Picture_1.png -> URI: /v5/AEimages/demov4/Test/mcith/mcith_Picture_1.png
[2010-11-29 16:36:20] [info] ConvertPathToURI: SiteRoot=/usr/local/apache-tomcat-6.0.29/webapps, Path: /usr/local/apache-tomcat-6.0.29/webapps/v5/AEimages/demov4/Test/Picture_1.png -> URI: /v5/AEimages/demov4/Test/Picture_1.png
[2011-01-20 18:09:41] [info] ConvertPathToURI: SiteRoot=/usr/local/apache-tomcat-6.0.29/webapps, Path: /usr/local/apache-tomcat-6.0.29/webapps/v5/AEimages/demov4/mcith/mcith_Foretees_Service_Logo-small_w_text.png -> URI: /v5/AEimages/demov4/mcith/mcith_Foretees_Service_Logo-small_w_text.png
[2011-01-20 18:09:41] [info] ConvertPathToURI: SiteRoot=/usr/local/apache-tomcat-6.0.29/webapps, Path: /usr/local/apache-tomcat-6.0.29/webapps/v5/AEimages/demov4/Foretees_Service_Logo-small_w_text.png -> URI: /v5/AEimages/demov4/Foretees_Service_Logo-small_w_text.png
[2011-01-20 18:09:56] [info] ConvertPathToURI: SiteRoot=/usr/local/apache-tomcat-6.0.29/webapps, Path: /usr/local/apache-tomcat-6.0.29/webapps/v5/AEimages/demov4/mcith/mcith_LogoCatamount.jpg -> URI: /v5/AEimages/demov4/mcith/mcith_LogoCatamount.jpg
[2011-01-20 18:09:56] [info] ConvertPathToURI: SiteRoot=/usr/local/apache-tomcat-6.0.29/webapps, Path: /usr/local/apache-tomcat-6.0.29/webapps/v5/AEimages/demov4/LogoCatamount.jpg -> URI: /v5/AEimages/demov4/LogoCatamount.jpg
[2011-01-20 20:32:37] [info] ConvertPathToURI: SiteRoot=/usr/local/apache-tomcat-6.0.29/webapps, Path: /usr/local/apache-tomcat-6.0.29/webapps/v5/AEimages/demobrock/mcith/mcith_n_Atom_Bowling_Green_OH_Tractor_Pull_1.jpg -> URI: /v5/AEimages/demobrock/mcith/mcith_n_Atom_Bowling_Green_OH_Tractor_Pull_1.jpg
[2011-01-20 20:32:37] [info] ConvertPathToURI: SiteRoot=/usr/local/apache-tomcat-6.0.29/webapps, Path: /usr/local/apache-tomcat-6.0.29/webapps/v5/AEimages/demobrock/n_Atom_Bowling_Green_OH_Tractor_Pull_1.jpg -> URI: /v5/AEimages/demobrock/n_Atom_Bowling_Green_OH_Tractor_Pull_1.jpg
[2011-01-20 20:32:47] [info] ConvertPathToURI: SiteRoot=/usr/local/apache-tomcat-6.0.29/webapps, Path: /usr/local/apache-tomcat-6.0.29/webapps/v5/AEimages/demobrock/mcith/mcith_n_Atom_Bowling_Green_OH_Tractor_Pull_1.jpg -> URI: /v5/AEimages/demobrock/mcith/mcith_n_Atom_Bowling_Green_OH_Tractor_Pull_1.jpg
[2011-01-20 20:32:47] [info] ConvertPathToURI: SiteRoot=/usr/local/apache-tomcat-6.0.29/webapps, Path: /usr/local/apache-tomcat-6.0.29/webapps/v5/AEimages/demobrock/n_Atom_Bowling_Green_OH_Tractor_Pull_1.jpg -> URI: /v5/AEimages/demobrock/n_Atom_Bowling_Green_OH_Tractor_Pull_1.jpg
[2011-02-16 19:55:54] [info] ConvertURIToPath: SiteRoot=/usr/local/apache-tomcat-6.0.29/webapps, URI: /v5/servlet -> Path: /usr/local/apache-tomcat-6.0.29/webapps/v5/servlet
[2011-02-16 19:55:55] [info] ConvertURIToPath: SiteRoot=/usr/local/apache-tomcat-6.0.29/webapps, URI: /v5/servlet -> Path: /usr/local/apache-tomcat-6.0.29/webapps/v5/servlet
[2011-03-10 04:56:29] [info] ConvertURIToPath: SiteRoot=/usr/local/apache-tomcat-6.0.29/webapps, URI: /v5/AEimages/demov4 -> Path: /usr/local/apache-tomcat-6.0.29/webapps/v5/AEimages/demov4
[2011-03-10 04:56:29] [info] ConvertURIToPath: SiteRoot=/usr/local/apache-tomcat-6.0.29/webapps, URI: /v5/AEimages/demov4 -> Path: /usr/local/apache-tomcat-6.0.29/webapps/v5/AEimages/demov4
[2011-03-10 04:56:36] [info] ConvertPathToURI: SiteRoot=/usr/local/apache-tomcat-6.0.29/webapps, Path: /usr/local/apache-tomcat-6.0.29/webapps/v5/AEimages/demov4/mcith/mcith_LogoCatamount.jpg -> URI: /v5/AEimages/demov4/mcith/mcith_LogoCatamount.jpg
[2011-03-10 04:56:36] [info] ConvertPathToURI: SiteRoot=/usr/local/apache-tomcat-6.0.29/webapps, Path: /usr/local/apache-tomcat-6.0.29/webapps/v5/AEimages/demov4/LogoCatamount.jpg -> URI: /v5/AEimages/demov4/LogoCatamount.jpg
[2011-03-22 14:18:25] [info] ConvertPathToURI: SiteRoot=/usr/local/apache-tomcat-6.0.29/webapps, Path: /usr/local/apache-tomcat-6.0.29/webapps/v5/AEimages/demov4/mcith/mcith_CCRB_Logo.gif -> URI: /v5/AEimages/demov4/mcith/mcith_CCRB_Logo.gif
[2011-03-22 14:18:25] [info] ConvertPathToURI: SiteRoot=/usr/local/apache-tomcat-6.0.29/webapps, Path: /usr/local/apache-tomcat-6.0.29/webapps/v5/AEimages/demov4/CCRB_Logo.gif -> URI: /v5/AEimages/demov4/CCRB_Logo.gif
[2011-03-22 14:18:32] [info] ConvertPathToURI: SiteRoot=/usr/local/apache-tomcat-6.0.29/webapps, Path: /usr/local/apache-tomcat-6.0.29/webapps/v5/AEimages/demov4/mcith/mcith_Lakewood Dallas.gif -> URI: /v5/AEimages/demov4/mcith/mcith_Lakewood Dallas.gif
[2011-03-22 14:18:32] [info] ConvertPathToURI: SiteRoot=/usr/local/apache-tomcat-6.0.29/webapps, Path: /usr/local/apache-tomcat-6.0.29/webapps/v5/AEimages/demov4/Lakewood Dallas.gif -> URI: /v5/AEimages/demov4/Lakewood Dallas.gif
[2011-03-22 22:23:04] [info] ConvertPathToURI: SiteRoot=/usr/local/apache-tomcat-6.0.29/webapps, Path: /usr/local/apache-tomcat-6.0.29/webapps/v5/AEimages/demov4/mcith/mcith_Clbhse_from_10_grn.jpg -> URI: /v5/AEimages/demov4/mcith/mcith_Clbhse_from_10_grn.jpg
[2011-03-22 22:23:04] [info] ConvertPathToURI: SiteRoot=/usr/local/apache-tomcat-6.0.29/webapps, Path: /usr/local/apache-tomcat-6.0.29/webapps/v5/AEimages/demov4/Clbhse_from_10_grn.jpg -> URI: /v5/AEimages/demov4/Clbhse_from_10_grn.jpg
[2011-03-22 22:27:18] [info] ConvertPathToURI: SiteRoot=/usr/local/apache-tomcat-6.0.29/webapps, Path: /usr/local/apache-tomcat-6.0.29/webapps/v5/AEimages/demov4/mcith/mcith_Johns island2.jpg -> URI: /v5/AEimages/demov4/mcith/mcith_Johns island2.jpg
[2011-03-22 22:27:18] [info] ConvertPathToURI: SiteRoot=/usr/local/apache-tomcat-6.0.29/webapps, Path: /usr/local/apache-tomcat-6.0.29/webapps/v5/AEimages/demov4/Johns island2.jpg -> URI: /v5/AEimages/demov4/Johns island2.jpg
[2011-03-22 22:28:53] [info] ConvertPathToURI: SiteRoot=/usr/local/apache-tomcat-6.0.29/webapps, Path: /usr/local/apache-tomcat-6.0.29/webapps/v5/AEimages/demov4/mcith/mcith_Johns island2.jpg -> URI: /v5/AEimages/demov4/mcith/mcith_Johns island2.jpg
[2011-03-22 22:28:53] [info] ConvertPathToURI: SiteRoot=/usr/local/apache-tomcat-6.0.29/webapps, Path: /usr/local/apache-tomcat-6.0.29/webapps/v5/AEimages/demov4/Johns island2.jpg -> URI: /v5/AEimages/demov4/Johns island2.jpg
[2011-03-22 22:32:24] [info] ConvertPathToURI: SiteRoot=/usr/local/apache-tomcat-6.0.29/webapps, Path: /usr/local/apache-tomcat-6.0.29/webapps/v5/AEimages/demov4/mcith/mcith_Johns island2.jpg -> URI: /v5/AEimages/demov4/mcith/mcith_Johns island2.jpg
[2011-03-22 22:32:24] [info] ConvertPathToURI: SiteRoot=/usr/local/apache-tomcat-6.0.29/webapps, Path: /usr/local/apache-tomcat-6.0.29/webapps/v5/AEimages/demov4/Johns island2.jpg -> URI: /v5/AEimages/demov4/Johns island2.jpg
[2011-04-14 13:49:49] [info] ConvertPathToURI: SiteRoot=/usr/local/apache-tomcat-6.0.29/webapps, Path: /usr/local/apache-tomcat-6.0.29/webapps/v5/AEimages/demov4/mcith/mcith_IMG_0036.JPG -> URI: /v5/AEimages/demov4/mcith/mcith_IMG_0036.JPG
[2011-04-14 13:49:49] [info] ConvertPathToURI: SiteRoot=/usr/local/apache-tomcat-6.0.29/webapps, Path: /usr/local/apache-tomcat-6.0.29/webapps/v5/AEimages/demov4/IMG_0036.JPG -> URI: /v5/AEimages/demov4/IMG_0036.JPG
[2011-04-29 15:21:10] [info] ConvertPathToURI: SiteRoot=/usr/local/apache-tomcat-6.0.29/webapps, Path: /usr/local/apache-tomcat-6.0.29/webapps/v5/AEimages/demov4/mcith/mcith_cockpussy.gif -> URI: /v5/AEimages/demov4/mcith/mcith_cockpussy.gif
[2011-04-29 15:21:10] [info] ConvertPathToURI: SiteRoot=/usr/local/apache-tomcat-6.0.29/webapps, Path: /usr/local/apache-tomcat-6.0.29/webapps/v5/AEimages/demov4/cockpussy.gif -> URI: /v5/AEimages/demov4/cockpussy.gif
[2011-06-03 17:50:03] [info] ConvertURIToPath: SiteRoot=/usr/local/apache-tomcat-6.0.29/webapps, URI: /v5/images -> Path: /usr/local/apache-tomcat-6.0.29/webapps/v5/images
[2011-06-03 17:50:03] [info] ConvertURIToPath: SiteRoot=/usr/local/apache-tomcat-6.0.29/webapps, URI: /v5/images -> Path: /usr/local/apache-tomcat-6.0.29/webapps/v5/images
[2011-08-29 20:39:25] [info] ConvertPathToURI: SiteRoot=/usr/local/apache-tomcat-6.0.29/webapps, Path: /usr/local/apache-tomcat-6.0.29/webapps/v5/AEimages/demov4/mcith/mcith_Lakewood Dallas.gif -> URI: /v5/AEimages/demov4/mcith/mcith_Lakewood Dallas.gif
[2011-08-29 20:39:25] [info] ConvertPathToURI: SiteRoot=/usr/local/apache-tomcat-6.0.29/webapps, Path: /usr/local/apache-tomcat-6.0.29/webapps/v5/AEimages/demov4/Lakewood Dallas.gif -> URI: /v5/AEimages/demov4/Lakewood Dallas.gif
[2011-08-31 21:38:02] [info] ConvertPathToURI: SiteRoot=/usr/local/apache-tomcat-6.0.29/webapps, Path: /usr/local/apache-tomcat-6.0.29/webapps/v5/AEimages/demov4/Dining_Photos -> URI: /v5/AEimages/demov4/Dining_Photos
[2011-08-31 21:38:44] [info] ConvertPathToURI: SiteRoot=/usr/local/apache-tomcat-6.0.29/webapps, Path: /usr/local/apache-tomcat-6.0.29/webapps/v5/AEimages/demov4/Dining_Photos/mcith/mcith_Pasta_Bowl_136x91.jpg -> URI: /v5/AEimages/demov4/Dining_Photos/mcith/mcith_Pasta_Bowl_136x91.jpg
[2011-08-31 21:38:44] [info] ConvertPathToURI: SiteRoot=/usr/local/apache-tomcat-6.0.29/webapps, Path: /usr/local/apache-tomcat-6.0.29/webapps/v5/AEimages/demov4/Dining_Photos/Pasta_Bowl_136x91.jpg -> URI: /v5/AEimages/demov4/Dining_Photos/Pasta_Bowl_136x91.jpg
[2011-08-31 21:39:05] [info] ConvertPathToURI: SiteRoot=/usr/local/apache-tomcat-6.0.29/webapps, Path: /usr/local/apache-tomcat-6.0.29/webapps/v5/AEimages/demov4/Dining_Photos/mcith/mcith_Pasta_Bowl_136x91.jpg -> URI: /v5/AEimages/demov4/Dining_Photos/mcith/mcith_Pasta_Bowl_136x91.jpg
[2011-08-31 21:39:05] [info] ConvertPathToURI: SiteRoot=/usr/local/apache-tomcat-6.0.29/webapps, Path: /usr/local/apache-tomcat-6.0.29/webapps/v5/AEimages/demov4/Dining_Photos/Pasta_Bowl_136x91.jpg -> URI: /v5/AEimages/demov4/Dining_Photos/Pasta_Bowl_136x91.jpg
[2011-08-31 21:39:20] [info] ConvertPathToURI: SiteRoot=/usr/local/apache-tomcat-6.0.29/webapps, Path: /usr/local/apache-tomcat-6.0.29/webapps/v5/AEimages/demov4/Dining_Photos/mcith/mcith_Pasta_Bowl_136x91.jpg -> URI: /v5/AEimages/demov4/Dining_Photos/mcith/mcith_Pasta_Bowl_136x91.jpg
[2011-08-31 21:39:20] [info] ConvertPathToURI: SiteRoot=/usr/local/apache-tomcat-6.0.29/webapps, Path: /usr/local/apache-tomcat-6.0.29/webapps/v5/AEimages/demov4/Dining_Photos/Pasta_Bowl_136x91.jpg -> URI: /v5/AEimages/demov4/Dining_Photos/Pasta_Bowl_136x91.jpg
[2011-09-01 17:52:29] [info] ConvertURIToPath: SiteRoot=/usr/local/apache-tomcat-6.0.29/webapps, URI: /v5/AEimages/demov4/Dining_Photos -> Path: /usr/local/apache-tomcat-6.0.29/webapps/v5/AEimages/demov4/Dining_Photos
[2011-09-01 17:52:29] [info] ConvertURIToPath: SiteRoot=/usr/local/apache-tomcat-6.0.29/webapps, URI: /v5/AEimages/demov4/Dining_Photos -> Path: /usr/local/apache-tomcat-6.0.29/webapps/v5/AEimages/demov4/Dining_Photos
[2011-09-01 17:55:29] [info] ConvertPathToURI: SiteRoot=/usr/local/apache-tomcat-6.0.29/webapps, Path: /usr/local/apache-tomcat-6.0.29/webapps/v5/AEimages/demov4/mcith/mcith_in_room_dining_img.jpg -> URI: /v5/AEimages/demov4/mcith/mcith_in_room_dining_img.jpg
[2011-09-01 17:55:29] [info] ConvertPathToURI: SiteRoot=/usr/local/apache-tomcat-6.0.29/webapps, Path: /usr/local/apache-tomcat-6.0.29/webapps/v5/AEimages/demov4/in_room_dining_img.jpg -> URI: /v5/AEimages/demov4/in_room_dining_img.jpg
[2011-09-01 18:02:38] [info] ConvertPathToURI: SiteRoot=/usr/local/apache-tomcat-6.0.29/webapps, Path: /usr/local/apache-tomcat-6.0.29/webapps/v5/AEimages/demov4/mcith/mcith_in_room_dining_img.jpg -> URI: /v5/AEimages/demov4/mcith/mcith_in_room_dining_img.jpg
[2011-09-01 18:02:38] [info] ConvertPathToURI: SiteRoot=/usr/local/apache-tomcat-6.0.29/webapps, Path: /usr/local/apache-tomcat-6.0.29/webapps/v5/AEimages/demov4/in_room_dining_img.jpg -> URI: /v5/AEimages/demov4/in_room_dining_img.jpg
[2011-09-06 04:14:20] [info] ConvertPathToURI: SiteRoot=/usr/local/apache-tomcat-6.0.29/webapps, Path: /usr/local/apache-tomcat-6.0.29/webapps/v5/AEimages/demov4/Golf_Photos -> URI: /v5/AEimages/demov4/Golf_Photos
[2011-09-06 04:16:48] [info] ConvertPathToURI: SiteRoot=/usr/local/apache-tomcat-6.0.29/webapps, Path: /usr/local/apache-tomcat-6.0.29/webapps/v5/AEimages/demov4/mcith/mcith_Dining_Image_100x133.jpg -> URI: /v5/AEimages/demov4/mcith/mcith_Dining_Image_100x133.jpg
[2011-09-06 04:16:48] [info] ConvertPathToURI: SiteRoot=/usr/local/apache-tomcat-6.0.29/webapps, Path: /usr/local/apache-tomcat-6.0.29/webapps/v5/AEimages/demov4/Dining_Image_100x133.jpg -> URI: /v5/AEimages/demov4/Dining_Image_100x133.jpg
[2011-09-06 04:16:48] [info] ConvertPathToURI: SiteRoot=/usr/local/apache-tomcat-6.0.29/webapps, Path: /usr/local/apache-tomcat-6.0.29/webapps/v5/AEimages/demov4/mcith/mcith_Dive_in_Movie_120x86.jpg -> URI: /v5/AEimages/demov4/mcith/mcith_Dive_in_Movie_120x86.jpg
[2011-09-06 04:16:48] [info] ConvertPathToURI: SiteRoot=/usr/local/apache-tomcat-6.0.29/webapps, Path: /usr/local/apache-tomcat-6.0.29/webapps/v5/AEimages/demov4/Dive_in_Movie_120x86.jpg -> URI: /v5/AEimages/demov4/Dive_in_Movie_120x86.jpg
[2011-09-06 04:16:48] [info] ConvertPathToURI: SiteRoot=/usr/local/apache-tomcat-6.0.29/webapps, Path: /usr/local/apache-tomcat-6.0.29/webapps/v5/AEimages/demov4/mcith/mcith_Pasta_Bowl_136x91.jpg -> URI: /v5/AEimages/demov4/mcith/mcith_Pasta_Bowl_136x91.jpg
[2011-09-06 04:16:48] [info] ConvertPathToURI: SiteRoot=/usr/local/apache-tomcat-6.0.29/webapps, Path: /usr/local/apache-tomcat-6.0.29/webapps/v5/AEimages/demov4/Pasta_Bowl_136x91.jpg -> URI: /v5/AEimages/demov4/Pasta_Bowl_136x91.jpg
[2011-09-06 04:17:10] [info] ConvertPathToURI: SiteRoot=/usr/local/apache-tomcat-6.0.29/webapps, Path: /usr/local/apache-tomcat-6.0.29/webapps/v5/AEimages/demov4/mcith/mcith_Dining_Image_100x133.jpg -> URI: /v5/AEimages/demov4/mcith/mcith_Dining_Image_100x133.jpg
[2011-09-06 04:17:10] [info] ConvertPathToURI: SiteRoot=/usr/local/apache-tomcat-6.0.29/webapps, Path: /usr/local/apache-tomcat-6.0.29/webapps/v5/AEimages/demov4/Dining_Image_100x133.jpg -> URI: /v5/AEimages/demov4/Dining_Image_100x133.jpg
[2011-09-06 04:19:47] [info] ConvertPathToURI: SiteRoot=/usr/local/apache-tomcat-6.0.29/webapps, Path: /usr/local/apache-tomcat-6.0.29/webapps/v5/AEimages/demov4/2011BobbyJonesBracket.pdf -> URI: /v5/AEimages/demov4/2011BobbyJonesBracket.pdf
[2011-09-06 04:19:47] [info] ConvertPathToURI: SiteRoot=/usr/local/apache-tomcat-6.0.29/webapps, Path: /usr/local/apache-tomcat-6.0.29/webapps/v5/AEimages/demov4/2011GolfCalendar.pdf -> URI: /v5/AEimages/demov4/2011GolfCalendar.pdf
[2011-09-06 04:19:47] [info] ConvertPathToURI: SiteRoot=/usr/local/apache-tomcat-6.0.29/webapps, Path: /usr/local/apache-tomcat-6.0.29/webapps/v5/AEimages/demov4/2011PattyBergBrackets2.pdf -> URI: /v5/AEimages/demov4/2011PattyBergBrackets2.pdf
[2011-09-06 04:19:47] [info] ConvertPathToURI: SiteRoot=/usr/local/apache-tomcat-6.0.29/webapps, Path: /usr/local/apache-tomcat-6.0.29/webapps/v5/AEimages/demov4/2011TwilightResults.pdf -> URI: /v5/AEimages/demov4/2011TwilightResults.pdf
[2011-09-06 04:19:47] [info] ConvertPathToURI: SiteRoot=/usr/local/apache-tomcat-6.0.29/webapps, Path: /usr/local/apache-tomcat-6.0.29/webapps/v5/AEimages/demov4/2011Womens9HoleGuestDayResults.pdf -> URI: /v5/AEimages/demov4/2011Womens9HoleGuestDayResults.pdf
[2011-09-06 04:19:47] [info] ConvertPathToURI: SiteRoot=/usr/local/apache-tomcat-6.0.29/webapps, Path: /usr/local/apache-tomcat-6.0.29/webapps/v5/AEimages/demov4/20119Holegames.pdf -> URI: /v5/AEimages/demov4/20119Holegames.pdf
[2011-09-06 04:19:47] [info] ConvertPathToURI: SiteRoot=/usr/local/apache-tomcat-6.0.29/webapps, Path: /usr/local/apache-tomcat-6.0.29/webapps/v5/AEimages/demov4/Brian_Silva_Design_History_and_Interlachen_2.pdf -> URI: /v5/AEimages/demov4/Brian_Silva_Design_History_and_Interlachen_2.pdf
[2011-09-06 04:19:55] [info] ConvertPathToURI: SiteRoot=/usr/local/apache-tomcat-6.0.29/webapps, Path: /usr/local/apache-tomcat-6.0.29/webapps/v5/AEimages/demov4/20119Holegames.pdf -> URI: /v5/AEimages/demov4/20119Holegames.pdf
[2011-09-06 04:20:14] [info] ConvertPathToURI: SiteRoot=/usr/local/apache-tomcat-6.0.29/webapps, Path: /usr/local/apache-tomcat-6.0.29/webapps/v5/AEimages/demov4/2011BobbyJonesBracket.pdf -> URI: /v5/AEimages/demov4/2011BobbyJonesBracket.pdf
[2011-09-06 04:21:22] [info] ConvertPathToURI: SiteRoot=/usr/local/apache-tomcat-6.0.29/webapps, Path: /usr/local/apache-tomcat-6.0.29/webapps/v5/AEimages/demov4/2011BobbyJonesBracket.pdf -> URI: /v5/AEimages/demov4/2011BobbyJonesBracket.pdf
[2011-09-06 04:22:39] [info] ConvertPathToURI: SiteRoot=/usr/local/apache-tomcat-6.0.29/webapps, Path: /usr/local/apache-tomcat-6.0.29/webapps/v5/AEimages/demov4/2011TwilightResults.pdf -> URI: /v5/AEimages/demov4/2011TwilightResults.pdf
[2011-09-06 04:28:07] [info] ConvertPathToURI: SiteRoot=/usr/local/apache-tomcat-6.0.29/webapps, Path: /usr/local/apache-tomcat-6.0.29/webapps/v5/AEimages/demov4/mcith/mcith_Dining_Image_100x133.jpg -> URI: /v5/AEimages/demov4/mcith/mcith_Dining_Image_100x133.jpg
[2011-09-06 04:28:07] [info] ConvertPathToURI: SiteRoot=/usr/local/apache-tomcat-6.0.29/webapps, Path: /usr/local/apache-tomcat-6.0.29/webapps/v5/AEimages/demov4/Dining_Image_100x133.jpg -> URI: /v5/AEimages/demov4/Dining_Image_100x133.jpg
[2011-09-06 04:41:49] [info] ConvertPathToURI: SiteRoot=/usr/local/apache-tomcat-6.0.29/webapps, Path: /usr/local/apache-tomcat-6.0.29/webapps/v5/AEimages/demov4/2011TwilightResults.pdf -> URI: /v5/AEimages/demov4/2011TwilightResults.pdf
[2011-09-06 04:42:30] [info] ConvertPathToURI: SiteRoot=/usr/local/apache-tomcat-6.0.29/webapps, Path: /usr/local/apache-tomcat-6.0.29/webapps/v5/AEimages/demov4/2011BobbyJonesBracket.pdf -> URI: /v5/AEimages/demov4/2011BobbyJonesBracket.pdf
[2011-09-16 02:51:38] [info] ConvertPathToURI: SiteRoot=/usr/local/apache-tomcat-6.0.29/webapps, Path: /usr/local/apache-tomcat-6.0.29/webapps/v5/AEimages/demov4/Dining_Photos/mcith/mcith_Pasta_Bowl_136x91.jpg -> URI: /v5/AEimages/demov4/Dining_Photos/mcith/mcith_Pasta_Bowl_136x91.jpg
[2011-09-16 02:51:38] [info] ConvertPathToURI: SiteRoot=/usr/local/apache-tomcat-6.0.29/webapps, Path: /usr/local/apache-tomcat-6.0.29/webapps/v5/AEimages/demov4/Dining_Photos/Pasta_Bowl_136x91.jpg -> URI: /v5/AEimages/demov4/Dining_Photos/Pasta_Bowl_136x91.jpg
[2011-09-16 02:53:56] [info] ConvertPathToURI: SiteRoot=/usr/local/apache-tomcat-6.0.29/webapps, Path: /usr/local/apache-tomcat-6.0.29/webapps/v5/AEimages/demov4/Tennis -> URI: /v5/AEimages/demov4/Tennis
[2011-09-16 02:54:25] [info] ConvertPathToURI: SiteRoot=/usr/local/apache-tomcat-6.0.29/webapps, Path: /usr/local/apache-tomcat-6.0.29/webapps/v5/AEimages/demov4/Tennis/mcith/mcith_Tennis_Image_100x133.jpg -> URI: /v5/AEimages/demov4/Tennis/mcith/mcith_Tennis_Image_100x133.jpg
[2011-09-16 02:54:25] [info] ConvertPathToURI: SiteRoot=/usr/local/apache-tomcat-6.0.29/webapps, Path: /usr/local/apache-tomcat-6.0.29/webapps/v5/AEimages/demov4/Tennis/Tennis_Image_100x133.jpg -> URI: /v5/AEimages/demov4/Tennis/Tennis_Image_100x133.jpg
[2011-09-16 02:54:31] [info] ConvertPathToURI: SiteRoot=/usr/local/apache-tomcat-6.0.29/webapps, Path: /usr/local/apache-tomcat-6.0.29/webapps/v5/AEimages/demov4/Tennis/mcith/mcith_Tennis_Image_100x133.jpg -> URI: /v5/AEimages/demov4/Tennis/mcith/mcith_Tennis_Image_100x133.jpg
[2011-09-16 02:54:31] [info] ConvertPathToURI: SiteRoot=/usr/local/apache-tomcat-6.0.29/webapps, Path: /usr/local/apache-tomcat-6.0.29/webapps/v5/AEimages/demov4/Tennis/Tennis_Image_100x133.jpg -> URI: /v5/AEimages/demov4/Tennis/Tennis_Image_100x133.jpg
[2011-09-16 03:01:41] [info] ConvertURIToPath: SiteRoot=/usr/local/apache-tomcat-6.0.29/webapps, URI: /v5/AEimages/demov4/Tennis -> Path: /usr/local/apache-tomcat-6.0.29/webapps/v5/AEimages/demov4/Tennis
[2011-09-16 03:01:41] [info] ConvertURIToPath: SiteRoot=/usr/local/apache-tomcat-6.0.29/webapps, URI: /v5/AEimages/demov4/Tennis -> Path: /usr/local/apache-tomcat-6.0.29/webapps/v5/AEimages/demov4/Tennis
[2011-09-16 03:02:09] [info] ConvertURIToPath: SiteRoot=/usr/local/apache-tomcat-6.0.29/webapps, URI: /v5/AEimages/demov4/Tennis -> Path: /usr/local/apache-tomcat-6.0.29/webapps/v5/AEimages/demov4/Tennis
[2011-09-16 03:02:09] [info] ConvertURIToPath: SiteRoot=/usr/local/apache-tomcat-6.0.29/webapps, URI: /v5/AEimages/demov4/Tennis -> Path: /usr/local/apache-tomcat-6.0.29/webapps/v5/AEimages/demov4/Tennis
[2011-09-26 19:40:02] [info] ConvertPathToURI: SiteRoot=/usr/local/apache-tomcat-6.0.29/webapps, Path: /usr/local/apache-tomcat-6.0.29/webapps/v5/AEimages/demov4/mcith/mcith_Husband-Wife_Date.jpg -> URI: /v5/AEimages/demov4/mcith/mcith_Husband-Wife_Date.jpg
[2011-09-26 19:40:02] [info] ConvertPathToURI: SiteRoot=/usr/local/apache-tomcat-6.0.29/webapps, Path: /usr/local/apache-tomcat-6.0.29/webapps/v5/AEimages/demov4/Husband-Wife_Date.jpg -> URI: /v5/AEimages/demov4/Husband-Wife_Date.jpg
[2011-09-26 19:40:17] [info] ConvertPathToURI: SiteRoot=/usr/local/apache-tomcat-6.0.29/webapps, Path: /usr/local/apache-tomcat-6.0.29/webapps/v5/AEimages/demov4/mcith/mcith_Husband-Wife_Date.jpg -> URI: /v5/AEimages/demov4/mcith/mcith_Husband-Wife_Date.jpg
[2011-09-26 19:40:17] [info] ConvertPathToURI: SiteRoot=/usr/local/apache-tomcat-6.0.29/webapps, Path: /usr/local/apache-tomcat-6.0.29/webapps/v5/AEimages/demov4/Husband-Wife_Date.jpg -> URI: /v5/AEimages/demov4/Husband-Wife_Date.jpg
[2011-09-26 21:54:43] [info] ConvertPathToURI: SiteRoot=/usr/local/apache-tomcat-6.0.29/webapps, Path: /usr/local/apache-tomcat-6.0.29/webapps/v5/AEimages/demov4/mcith/mcith_Husband-Wife_Date_492x173.jpg -> URI: /v5/AEimages/demov4/mcith/mcith_Husband-Wife_Date_492x173.jpg
[2011-09-26 21:54:43] [info] ConvertPathToURI: SiteRoot=/usr/local/apache-tomcat-6.0.29/webapps, Path: /usr/local/apache-tomcat-6.0.29/webapps/v5/AEimages/demov4/Husband-Wife_Date_492x173.jpg -> URI: /v5/AEimages/demov4/Husband-Wife_Date_492x173.jpg
[2011-09-26 21:54:52] [info] ConvertPathToURI: SiteRoot=/usr/local/apache-tomcat-6.0.29/webapps, Path: /usr/local/apache-tomcat-6.0.29/webapps/v5/AEimages/demov4/mcith/mcith_Husband-Wife_Date_492x173.jpg -> URI: /v5/AEimages/demov4/mcith/mcith_Husband-Wife_Date_492x173.jpg
[2011-09-26 21:54:52] [info] ConvertPathToURI: SiteRoot=/usr/local/apache-tomcat-6.0.29/webapps, Path: /usr/local/apache-tomcat-6.0.29/webapps/v5/AEimages/demov4/Husband-Wife_Date_492x173.jpg -> URI: /v5/AEimages/demov4/Husband-Wife_Date_492x173.jpg
[2011-09-26 21:55:58] [info] ConvertPathToURI: SiteRoot=/usr/local/apache-tomcat-6.0.29/webapps, Path: /usr/local/apache-tomcat-6.0.29/webapps/v5/AEimages/demov4/mcith/mcith_high-tea-steak_100x149.jpg -> URI: /v5/AEimages/demov4/mcith/mcith_high-tea-steak_100x149.jpg
[2011-09-26 21:55:58] [info] ConvertPathToURI: SiteRoot=/usr/local/apache-tomcat-6.0.29/webapps, Path: /usr/local/apache-tomcat-6.0.29/webapps/v5/AEimages/demov4/high-tea-steak_100x149.jpg -> URI: /v5/AEimages/demov4/high-tea-steak_100x149.jpg
[2011-09-26 21:56:17] [info] ConvertPathToURI: SiteRoot=/usr/local/apache-tomcat-6.0.29/webapps, Path: /usr/local/apache-tomcat-6.0.29/webapps/v5/AEimages/demov4/mcith/mcith_high-tea-steak_100x149.jpg -> URI: /v5/AEimages/demov4/mcith/mcith_high-tea-steak_100x149.jpg
[2011-09-26 21:56:17] [info] ConvertPathToURI: SiteRoot=/usr/local/apache-tomcat-6.0.29/webapps, Path: /usr/local/apache-tomcat-6.0.29/webapps/v5/AEimages/demov4/high-tea-steak_100x149.jpg -> URI: /v5/AEimages/demov4/high-tea-steak_100x149.jpg
[2011-09-26 21:56:35] [info] ConvertURIToPath: SiteRoot=/usr/local/apache-tomcat-6.0.29/webapps, URI: /v5/AEimages/demov4 -> Path: /usr/local/apache-tomcat-6.0.29/webapps/v5/AEimages/demov4
[2011-09-26 21:56:35] [info] ConvertURIToPath: SiteRoot=/usr/local/apache-tomcat-6.0.29/webapps, URI: /v5/AEimages/demov4 -> Path: /usr/local/apache-tomcat-6.0.29/webapps/v5/AEimages/demov4
[2011-09-26 23:47:07] [info] ConvertPathToURI: SiteRoot=/usr/local/apache-tomcat-6.0.29/webapps, Path: /usr/local/apache-tomcat-6.0.29/webapps/v5/AEimages/demov4/mcith/mcith_Husband-Wife_Banner_525x166.jpg -> URI: /v5/AEimages/demov4/mcith/mcith_Husband-Wife_Banner_525x166.jpg
[2011-09-26 23:47:07] [info] ConvertPathToURI: SiteRoot=/usr/local/apache-tomcat-6.0.29/webapps, Path: /usr/local/apache-tomcat-6.0.29/webapps/v5/AEimages/demov4/Husband-Wife_Banner_525x166.jpg -> URI: /v5/AEimages/demov4/Husband-Wife_Banner_525x166.jpg
[2011-09-26 23:47:41] [info] ConvertPathToURI: SiteRoot=/usr/local/apache-tomcat-6.0.29/webapps, Path: /usr/local/apache-tomcat-6.0.29/webapps/v5/AEimages/demov4/mcith/mcith_Husband-Wife_Banner_525x166.jpg -> URI: /v5/AEimages/demov4/mcith/mcith_Husband-Wife_Banner_525x166.jpg
[2011-09-26 23:47:41] [info] ConvertPathToURI: SiteRoot=/usr/local/apache-tomcat-6.0.29/webapps, Path: /usr/local/apache-tomcat-6.0.29/webapps/v5/AEimages/demov4/Husband-Wife_Banner_525x166.jpg -> URI: /v5/AEimages/demov4/Husband-Wife_Banner_525x166.jpg
[2011-09-26 23:48:00] [info] ConvertPathToURI: SiteRoot=/usr/local/apache-tomcat-6.0.29/webapps, Path: /usr/local/apache-tomcat-6.0.29/webapps/v5/AEimages/demov4/mcith/mcith_Husband-Wife_Banner_525x166.jpg -> URI: /v5/AEimages/demov4/mcith/mcith_Husband-Wife_Banner_525x166.jpg
[2011-09-26 23:48:00] [info] ConvertPathToURI: SiteRoot=/usr/local/apache-tomcat-6.0.29/webapps, Path: /usr/local/apache-tomcat-6.0.29/webapps/v5/AEimages/demov4/Husband-Wife_Banner_525x166.jpg -> URI: /v5/AEimages/demov4/Husband-Wife_Banner_525x166.jpg
[2011-10-05 20:00:22] [info] ConvertPathToURI: SiteRoot=/usr/local/apache-tomcat-6.0.29/webapps, Path: /usr/local/apache-tomcat-6.0.29/webapps/v5/AEimages/demov4/mcith/mcith_tual_login_logo.gif -> URI: /v5/AEimages/demov4/mcith/mcith_tual_login_logo.gif
[2011-10-05 20:00:22] [info] ConvertPathToURI: SiteRoot=/usr/local/apache-tomcat-6.0.29/webapps, Path: /usr/local/apache-tomcat-6.0.29/webapps/v5/AEimages/demov4/tual_login_logo.gif -> URI: /v5/AEimages/demov4/tual_login_logo.gif
[2011-10-05 20:00:42] [info] ConvertURIToPath: SiteRoot=/usr/local/apache-tomcat-6.0.29/webapps, URI: /v5/AEimages/demov4 -> Path: /usr/local/apache-tomcat-6.0.29/webapps/v5/AEimages/demov4
[2011-10-05 20:00:42] [info] ConvertURIToPath: SiteRoot=/usr/local/apache-tomcat-6.0.29/webapps, URI: /v5/AEimages/demov4 -> Path: /usr/local/apache-tomcat-6.0.29/webapps/v5/AEimages/demov4
[2012-01-20 04:57:18] [info] ConvertPathToURI: SiteRoot=/usr/local/apache-tomcat-6.0.29/webapps, Path: /usr/local/apache-tomcat-6.0.29/webapps/v5/AEimages/demov4/mcith/mcith_Husband-Wife_Banner_525x166.jpg -> URI: /v5/AEimages/demov4/mcith/mcith_Husband-Wife_Banner_525x166.jpg
[2012-01-20 04:57:18] [info] ConvertPathToURI: SiteRoot=/usr/local/apache-tomcat-6.0.29/webapps, Path: /usr/local/apache-tomcat-6.0.29/webapps/v5/AEimages/demov4/Husband-Wife_Banner_525x166.jpg -> URI: /v5/AEimages/demov4/Husband-Wife_Banner_525x166.jpg
[2012-01-20 04:57:38] [info] ConvertPathToURI: SiteRoot=/usr/local/apache-tomcat-6.0.29/webapps, Path: /usr/local/apache-tomcat-6.0.29/webapps/v5/AEimages/demov4/mcith/mcith_Hillcrest.jpg -> URI: /v5/AEimages/demov4/mcith/mcith_Hillcrest.jpg
[2012-01-20 04:57:38] [info] ConvertPathToURI: SiteRoot=/usr/local/apache-tomcat-6.0.29/webapps, Path: /usr/local/apache-tomcat-6.0.29/webapps/v5/AEimages/demov4/Hillcrest.jpg -> URI: /v5/AEimages/demov4/Hillcrest.jpg
[2012-01-20 04:58:54] [info] ConvertURIToPath: SiteRoot=/usr/local/apache-tomcat-6.0.29/webapps, URI: /v5/AEimages/demov4 -> Path: /usr/local/apache-tomcat-6.0.29/webapps/v5/AEimages/demov4
[2012-01-20 04:58:54] [info] ConvertURIToPath: SiteRoot=/usr/local/apache-tomcat-6.0.29/webapps, URI: /v5/AEimages/demov4 -> Path: /usr/local/apache-tomcat-6.0.29/webapps/v5/AEimages/demov4
[2012-01-20 04:59:02] [info] ConvertURIToPath: SiteRoot=/usr/local/apache-tomcat-6.0.29/webapps, URI: /v5/AEimages/demov4 -> Path: /usr/local/apache-tomcat-6.0.29/webapps/v5/AEimages/demov4
[2012-01-20 04:59:02] [info] ConvertURIToPath: SiteRoot=/usr/local/apache-tomcat-6.0.29/webapps, URI: /v5/AEimages/demov4 -> Path: /usr/local/apache-tomcat-6.0.29/webapps/v5/AEimages/demov4
[2012-01-20 04:59:04] [info] ConvertPathToURI: SiteRoot=/usr/local/apache-tomcat-6.0.29/webapps, Path: /usr/local/apache-tomcat-6.0.29/webapps/v5/AEimages/demov4/mcith/mcith_Dining_Image_100x133.jpg -> URI: /v5/AEimages/demov4/mcith/mcith_Dining_Image_100x133.jpg
[2012-01-20 04:59:04] [info] ConvertPathToURI: SiteRoot=/usr/local/apache-tomcat-6.0.29/webapps, Path: /usr/local/apache-tomcat-6.0.29/webapps/v5/AEimages/demov4/Dining_Image_100x133.jpg -> URI: /v5/AEimages/demov4/Dining_Image_100x133.jpg
[2012-01-20 04:59:14] [info] ConvertURIToPath: SiteRoot=/usr/local/apache-tomcat-6.0.29/webapps, URI: /v5/AEimages/demov4 -> Path: /usr/local/apache-tomcat-6.0.29/webapps/v5/AEimages/demov4
[2012-01-20 04:59:14] [info] ConvertURIToPath: SiteRoot=/usr/local/apache-tomcat-6.0.29/webapps, URI: /v5/AEimages/demov4 -> Path: /usr/local/apache-tomcat-6.0.29/webapps/v5/AEimages/demov4
[2012-01-20 04:59:30] [info] ConvertPathToURI: SiteRoot=/usr/local/apache-tomcat-6.0.29/webapps, Path: /usr/local/apache-tomcat-6.0.29/webapps/v5/AEimages/demov4/Dining_Image_100x133.jpg -> URI: /v5/AEimages/demov4/Dining_Image_100x133.jpg
[2012-01-20 04:59:30] [info] ConvertPathToURI: SiteRoot=/usr/local/apache-tomcat-6.0.29/webapps, Path: /usr/local/apache-tomcat-6.0.29/webapps/v5/AEimages/demov4/Dining_Image_100x133.jpg -> URI: /v5/AEimages/demov4/Dining_Image_100x133.jpg
