[2010-10-18 17:23:24] [warn] PHP Warning, Msg: imagejpeg() [<a href='function.imagejpeg'>function.imagejpeg</a>]: Unable to open '/usr/local/apache-tomcat-5.5.27/webapps/v5/AEimages/ironwood/mcith/mcith_Nakashima_logo.jpg' for writing in ()
[2010-10-18 17:23:25] [warn] PHP Warning, Msg: imagejpeg() [<a href='function.imagejpeg'>function.imagejpeg</a>]: Unable to open '/usr/local/apache-tomcat-5.5.27/webapps/v5/AEimages/ironwood/mcith/mcith_JBS_SHOOT.jpg' for writing in ()
[2010-10-18 17:23:25] [warn] PHP Warning, Msg: imagejpeg() [<a href='function.imagejpeg'>function.imagejpeg</a>]: Unable to open '/usr/local/apache-tomcat-5.5.27/webapps/v5/AEimages/ironwood/mcith/mcith_PRO_Letters_872.jpg' for writing in ()
[2010-10-18 17:23:25] [warn] PHP Warning, Msg: imagejpeg() [<a href='function.imagejpeg'>function.imagejpeg</a>]: Unable to open '/usr/local/apache-tomcat-5.5.27/webapps/v5/AEimages/ironwood/mcith/mcith_Pro_LR_872.jpg' for writing in ()
[2010-10-18 17:23:25] [warn] PHP Warning, Msg: imagejpeg() [<a href='function.imagejpeg'>function.imagejpeg</a>]: Unable to open '/usr/local/apache-tomcat-5.5.27/webapps/v5/AEimages/ironwood/mcith/mcith_V-SwingHeader.jpg' for writing in ()
[2010-10-18 17:23:26] [warn] PHP Warning, Msg: imagejpeg() [<a href='function.imagejpeg'>function.imagejpeg</a>]: Unable to open '/usr/local/apache-tomcat-5.5.27/webapps/v5/AEimages/ironwood/mcith/mcith_cobraLogo.jpg' for writing in ()
[2010-10-18 17:23:26] [warn] PHP Warning, Msg: imagegif() [<a href='function.imagegif'>function.imagegif</a>]: Unable to open '/usr/local/apache-tomcat-5.5.27/webapps/v5/AEimages/ironwood/mcith/mcith_foretees.gif' for writing in ()
[2010-10-18 17:23:26] [warn] PHP Warning, Msg: imagejpeg() [<a href='function.imagejpeg'>function.imagejpeg</a>]: Unable to open '/usr/local/apache-tomcat-5.5.27/webapps/v5/AEimages/ironwood/mcith/mcith_footer_logos-over_02.jpg' for writing in ()
[2010-10-18 17:23:26] [warn] PHP Warning, Msg: imagejpeg() [<a href='function.imagejpeg'>function.imagejpeg</a>]: Unable to open '/usr/local/apache-tomcat-5.5.27/webapps/v5/AEimages/ironwood/mcith/mcith_logo.jpg' for writing in ()
[2010-10-18 17:23:26] [warn] PHP Warning, Msg: imagegif() [<a href='function.imagegif'>function.imagegif</a>]: Unable to open '/usr/local/apache-tomcat-5.5.27/webapps/v5/AEimages/ironwood/mcith/mcith_link_platinum_over.gif' for writing in ()
[2010-10-18 17:23:26] [warn] PHP Warning, Msg: imagegif() [<a href='function.imagegif'>function.imagegif</a>]: Unable to open '/usr/local/apache-tomcat-5.5.27/webapps/v5/AEimages/ironwood/mcith/mcith_orange_whip.gif' for writing in ()
[2010-10-18 17:23:26] [warn] PHP Warning, Msg: imagejpeg() [<a href='function.imagejpeg'>function.imagejpeg</a>]: Unable to open '/usr/local/apache-tomcat-5.5.27/webapps/v5/AEimages/ironwood/mcith/mcith_new2006logo.jpg' for writing in ()
[2010-10-18 17:23:26] [warn] PHP Warning, Msg: imagejpeg() [<a href='function.imagejpeg'>function.imagejpeg</a>]: Unable to open '/usr/local/apache-tomcat-5.5.27/webapps/v5/AEimages/ironwood/mcith/mcith_tehama-head.jpg' for writing in ()
[2010-10-18 17:23:26] [warn] PHP Warning, Msg: imagejpeg() [<a href='function.imagejpeg'>function.imagejpeg</a>]: Unable to open '/usr/local/apache-tomcat-5.5.27/webapps/v5/AEimages/ironwood/mcith/mcith_v-SwingProduct.jpg' for writing in ()
[2010-10-20 17:15:09] [warn] PHP Warning, Msg: imagepng() [<a href='function.imagepng'>function.imagepng</a>]: Unable to open '/usr/local/apache-tomcat-5.5.27/webapps/v5/AEimages/ironwood/mcith/mcith_2010quail.png' for writing in ()
[2010-10-20 17:15:09] [warn] PHP Warning, Msg: imagegif() [<a href='function.imagegif'>function.imagegif</a>]: Unable to open '/usr/local/apache-tomcat-5.5.27/webapps/v5/AEimages/ironwood/mcith/mcith_Cleveland.gif' for writing in ()
[2010-10-20 17:15:09] [warn] PHP Warning, Msg: imagejpeg() [<a href='function.imagejpeg'>function.imagejpeg</a>]: Unable to open '/usr/local/apache-tomcat-5.5.27/webapps/v5/AEimages/ironwood/mcith/mcith_GOPHER.jpg' for writing in ()
[2010-10-20 17:15:09] [warn] PHP Warning, Msg: imagejpeg() [<a href='function.imagejpeg'>function.imagejpeg</a>]: Unable to open '/usr/local/apache-tomcat-5.5.27/webapps/v5/AEimages/ironwood/mcith/mcith_29572511_75.jpg' for writing in ()
[2010-10-20 17:15:09] [warn] PHP Warning, Msg: imagejpeg() [<a href='function.imagejpeg'>function.imagejpeg</a>]: Unable to open '/usr/local/apache-tomcat-5.5.27/webapps/v5/AEimages/ironwood/mcith/mcith_IWFinal-0008.jpg' for writing in ()
[2010-10-20 17:15:09] [warn] PHP Warning, Msg: imagejpeg() [<a href='function.imagejpeg'>function.imagejpeg</a>]: Unable to open '/usr/local/apache-tomcat-5.5.27/webapps/v5/AEimages/ironwood/mcith/mcith_logo.jpg' for writing in ()
[2010-10-20 17:15:09] [warn] PHP Warning, Msg: imagejpeg() [<a href='function.imagejpeg'>function.imagejpeg</a>]: Unable to open '/usr/local/apache-tomcat-5.5.27/webapps/v5/AEimages/ironwood/mcith/mcith_tehama-head.jpg' for writing in ()
[2010-10-20 17:15:09] [warn] PHP Warning, Msg: imagejpeg() [<a href='function.imagejpeg'>function.imagejpeg</a>]: Unable to open '/usr/local/apache-tomcat-5.5.27/webapps/v5/AEimages/ironwood/mcith/mcith_new2006logo.jpg' for writing in ()
[2010-10-20 17:15:09] [warn] PHP Warning, Msg: imagejpeg() [<a href='function.imagejpeg'>function.imagejpeg</a>]: Unable to open '/usr/local/apache-tomcat-5.5.27/webapps/v5/AEimages/ironwood/mcith/mcith_IWFinal-0018.jpg' for writing in ()
[2010-10-20 17:15:10] [warn] PHP Warning, Msg: imagejpeg() [<a href='function.imagejpeg'>function.imagejpeg</a>]: Unable to open '/usr/local/apache-tomcat-5.5.27/webapps/v5/AEimages/ironwood/mcith/mcith_JBS_SHOOT.jpg' for writing in ()
[2010-10-20 17:15:10] [warn] PHP Warning, Msg: imagejpeg() [<a href='function.imagejpeg'>function.imagejpeg</a>]: Unable to open '/usr/local/apache-tomcat-5.5.27/webapps/v5/AEimages/ironwood/mcith/mcith_Nakashima_logo.jpg' for writing in ()
[2010-10-20 17:15:10] [warn] PHP Warning, Msg: imagepng() [<a href='function.imagepng'>function.imagepng</a>]: Unable to open '/usr/local/apache-tomcat-5.5.27/webapps/v5/AEimages/ironwood/mcith/mcith_Maui_jim.png' for writing in ()
[2010-10-20 17:15:10] [warn] PHP Warning, Msg: imagejpeg() [<a href='function.imagejpeg'>function.imagejpeg</a>]: Unable to open '/usr/local/apache-tomcat-5.5.27/webapps/v5/AEimages/ironwood/mcith/mcith_PRO_Letters_872.jpg' for writing in ()
[2010-10-20 17:15:10] [warn] PHP Warning, Msg: imagejpeg() [<a href='function.imagejpeg'>function.imagejpeg</a>]: Unable to open '/usr/local/apache-tomcat-5.5.27/webapps/v5/AEimages/ironwood/mcith/mcith_Pro_LR_872.jpg' for writing in ()
[2010-10-20 17:15:10] [warn] PHP Warning, Msg: imagejpeg() [<a href='function.imagejpeg'>function.imagejpeg</a>]: Unable to open '/usr/local/apache-tomcat-5.5.27/webapps/v5/AEimages/ironwood/mcith/mcith_V-SwingHeader.jpg' for writing in ()
[2010-10-20 17:15:11] [warn] PHP Warning, Msg: imagejpeg() [<a href='function.imagejpeg'>function.imagejpeg</a>]: Unable to open '/usr/local/apache-tomcat-5.5.27/webapps/v5/AEimages/ironwood/mcith/mcith_cobraLogo.jpg' for writing in ()
[2010-10-20 17:15:11] [warn] PHP Warning, Msg: imagejpeg() [<a href='function.imagejpeg'>function.imagejpeg</a>]: Unable to open '/usr/local/apache-tomcat-5.5.27/webapps/v5/AEimages/ironwood/mcith/mcith_footer_logos-over_02.jpg' for writing in ()
[2010-10-20 17:15:11] [warn] PHP Warning, Msg: imagegif() [<a href='function.imagegif'>function.imagegif</a>]: Unable to open '/usr/local/apache-tomcat-5.5.27/webapps/v5/AEimages/ironwood/mcith/mcith_foretees.gif' for writing in ()
[2010-10-20 17:15:11] [warn] PHP Warning, Msg: imagegif() [<a href='function.imagegif'>function.imagegif</a>]: Unable to open '/usr/local/apache-tomcat-5.5.27/webapps/v5/AEimages/ironwood/mcith/mcith_link_platinum_over.gif' for writing in ()
[2010-10-20 17:15:11] [warn] PHP Warning, Msg: imagejpeg() [<a href='function.imagejpeg'>function.imagejpeg</a>]: Unable to open '/usr/local/apache-tomcat-5.5.27/webapps/v5/AEimages/ironwood/mcith/mcith_v-SwingProduct.jpg' for writing in ()
[2010-10-20 17:15:11] [warn] PHP Warning, Msg: imagegif() [<a href='function.imagegif'>function.imagegif</a>]: Unable to open '/usr/local/apache-tomcat-5.5.27/webapps/v5/AEimages/ironwood/mcith/mcith_orange_whip.gif' for writing in ()
[2010-10-20 17:16:01] [warn] PHP Warning, Msg: imagepng() [<a href='function.imagepng'>function.imagepng</a>]: Unable to open '/usr/local/apache-tomcat-5.5.27/webapps/v5/AEimages/ironwood/mcith/mcith_2010quail.png' for writing in ()
[2010-10-20 17:16:01] [warn] PHP Warning, Msg: imagejpeg() [<a href='function.imagejpeg'>function.imagejpeg</a>]: Unable to open '/usr/local/apache-tomcat-5.5.27/webapps/v5/AEimages/ironwood/mcith/mcith_GOPHER.jpg' for writing in ()
[2010-10-20 17:16:01] [warn] PHP Warning, Msg: imagejpeg() [<a href='function.imagejpeg'>function.imagejpeg</a>]: Unable to open '/usr/local/apache-tomcat-5.5.27/webapps/v5/AEimages/ironwood/mcith/mcith_29572511_75.jpg' for writing in ()
[2010-10-20 17:16:01] [warn] PHP Warning, Msg: imagegif() [<a href='function.imagegif'>function.imagegif</a>]: Unable to open '/usr/local/apache-tomcat-5.5.27/webapps/v5/AEimages/ironwood/mcith/mcith_Cleveland.gif' for writing in ()
[2010-10-20 17:16:01] [warn] PHP Warning, Msg: imagejpeg() [<a href='function.imagejpeg'>function.imagejpeg</a>]: Unable to open '/usr/local/apache-tomcat-5.5.27/webapps/v5/AEimages/ironwood/mcith/mcith_IWFinal-0008.jpg' for writing in ()
[2010-10-20 17:16:01] [warn] PHP Warning, Msg: imagegif() [<a href='function.imagegif'>function.imagegif</a>]: Unable to open '/usr/local/apache-tomcat-5.5.27/webapps/v5/AEimages/ironwood/mcith/mcith_foretees.gif' for writing in ()
[2010-10-20 17:16:01] [warn] PHP Warning, Msg: imagegif() [<a href='function.imagegif'>function.imagegif</a>]: Unable to open '/usr/local/apache-tomcat-5.5.27/webapps/v5/AEimages/ironwood/mcith/mcith_link_platinum_over.gif' for writing in ()
[2010-10-20 17:16:01] [warn] PHP Warning, Msg: imagejpeg() [<a href='function.imagejpeg'>function.imagejpeg</a>]: Unable to open '/usr/local/apache-tomcat-5.5.27/webapps/v5/AEimages/ironwood/mcith/mcith_Nakashima_logo.jpg' for writing in ()
[2010-10-20 17:16:01] [warn] PHP Warning, Msg: imagepng() [<a href='function.imagepng'>function.imagepng</a>]: Unable to open '/usr/local/apache-tomcat-5.5.27/webapps/v5/AEimages/ironwood/mcith/mcith_Maui_jim.png' for writing in ()
[2010-10-20 17:16:02] [warn] PHP Warning, Msg: imagejpeg() [<a href='function.imagejpeg'>function.imagejpeg</a>]: Unable to open '/usr/local/apache-tomcat-5.5.27/webapps/v5/AEimages/ironwood/mcith/mcith_PRO_Letters_872.jpg' for writing in ()
[2010-10-20 17:16:02] [warn] PHP Warning, Msg: imagejpeg() [<a href='function.imagejpeg'>function.imagejpeg</a>]: Unable to open '/usr/local/apache-tomcat-5.5.27/webapps/v5/AEimages/ironwood/mcith/mcith_Pro_LR_872.jpg' for writing in ()
[2010-10-20 17:16:02] [warn] PHP Warning, Msg: imagejpeg() [<a href='function.imagejpeg'>function.imagejpeg</a>]: Unable to open '/usr/local/apache-tomcat-5.5.27/webapps/v5/AEimages/ironwood/mcith/mcith_V-SwingHeader.jpg' for writing in ()
[2010-10-20 17:16:02] [warn] PHP Warning, Msg: imagejpeg() [<a href='function.imagejpeg'>function.imagejpeg</a>]: Unable to open '/usr/local/apache-tomcat-5.5.27/webapps/v5/AEimages/ironwood/mcith/mcith_footer_logos-over_02.jpg' for writing in ()
[2010-10-20 17:16:02] [warn] PHP Warning, Msg: imagejpeg() [<a href='function.imagejpeg'>function.imagejpeg</a>]: Unable to open '/usr/local/apache-tomcat-5.5.27/webapps/v5/AEimages/ironwood/mcith/mcith_cobraLogo.jpg' for writing in ()
[2010-10-20 17:16:02] [warn] PHP Warning, Msg: imagejpeg() [<a href='function.imagejpeg'>function.imagejpeg</a>]: Unable to open '/usr/local/apache-tomcat-5.5.27/webapps/v5/AEimages/ironwood/mcith/mcith_new2006logo.jpg' for writing in ()
[2010-10-20 17:16:02] [warn] PHP Warning, Msg: imagejpeg() [<a href='function.imagejpeg'>function.imagejpeg</a>]: Unable to open '/usr/local/apache-tomcat-5.5.27/webapps/v5/AEimages/ironwood/mcith/mcith_logo.jpg' for writing in ()
[2010-10-20 17:16:02] [warn] PHP Warning, Msg: imagegif() [<a href='function.imagegif'>function.imagegif</a>]: Unable to open '/usr/local/apache-tomcat-5.5.27/webapps/v5/AEimages/ironwood/mcith/mcith_orange_whip.gif' for writing in ()
[2010-10-20 17:16:03] [warn] PHP Warning, Msg: imagejpeg() [<a href='function.imagejpeg'>function.imagejpeg</a>]: Unable to open '/usr/local/apache-tomcat-5.5.27/webapps/v5/AEimages/ironwood/mcith/mcith_IWFinal-0018.jpg' for writing in ()
[2010-10-20 17:16:03] [warn] PHP Warning, Msg: imagejpeg() [<a href='function.imagejpeg'>function.imagejpeg</a>]: Unable to open '/usr/local/apache-tomcat-5.5.27/webapps/v5/AEimages/ironwood/mcith/mcith_tehama-head.jpg' for writing in ()
[2010-10-20 17:16:03] [warn] PHP Warning, Msg: imagejpeg() [<a href='function.imagejpeg'>function.imagejpeg</a>]: Unable to open '/usr/local/apache-tomcat-5.5.27/webapps/v5/AEimages/ironwood/mcith/mcith_JBS_SHOOT.jpg' for writing in ()
[2010-10-20 17:16:03] [warn] PHP Warning, Msg: imagejpeg() [<a href='function.imagejpeg'>function.imagejpeg</a>]: Unable to open '/usr/local/apache-tomcat-5.5.27/webapps/v5/AEimages/ironwood/mcith/mcith_v-SwingProduct.jpg' for writing in ()
[2010-10-20 17:18:24] [warn] PHP Warning, Msg: imagejpeg() [<a href='function.imagejpeg'>function.imagejpeg</a>]: Unable to open '/usr/local/apache-tomcat-5.5.27/webapps/v5/AEimages/ironwood/mcith/mcith_29572511_75.jpg' for writing in ()
[2010-10-20 17:18:24] [warn] PHP Warning, Msg: imagepng() [<a href='function.imagepng'>function.imagepng</a>]: Unable to open '/usr/local/apache-tomcat-5.5.27/webapps/v5/AEimages/ironwood/mcith/mcith_2010quail.png' for writing in ()
[2010-10-20 17:18:24] [warn] PHP Warning, Msg: imagegif() [<a href='function.imagegif'>function.imagegif</a>]: Unable to open '/usr/local/apache-tomcat-5.5.27/webapps/v5/AEimages/ironwood/mcith/mcith_Cleveland.gif' for writing in ()
[2010-10-20 17:18:24] [warn] PHP Warning, Msg: imagejpeg() [<a href='function.imagejpeg'>function.imagejpeg</a>]: Unable to open '/usr/local/apache-tomcat-5.5.27/webapps/v5/AEimages/ironwood/mcith/mcith_GOPHER.jpg' for writing in ()
[2010-10-20 17:18:24] [warn] PHP Warning, Msg: imagejpeg() [<a href='function.imagejpeg'>function.imagejpeg</a>]: Unable to open '/usr/local/apache-tomcat-5.5.27/webapps/v5/AEimages/ironwood/mcith/mcith_IWFinal-0008.jpg' for writing in ()
[2010-10-20 17:18:24] [warn] PHP Warning, Msg: imagejpeg() [<a href='function.imagejpeg'>function.imagejpeg</a>]: Unable to open '/usr/local/apache-tomcat-5.5.27/webapps/v5/AEimages/ironwood/mcith/mcith_IWFinal-0018.jpg' for writing in ()
[2010-10-20 17:18:24] [warn] PHP Warning, Msg: imagepng() [<a href='function.imagepng'>function.imagepng</a>]: Unable to open '/usr/local/apache-tomcat-5.5.27/webapps/v5/AEimages/ironwood/mcith/mcith_Maui_jim.png' for writing in ()
[2010-10-20 17:18:24] [warn] PHP Warning, Msg: imagejpeg() [<a href='function.imagejpeg'>function.imagejpeg</a>]: Unable to open '/usr/local/apache-tomcat-5.5.27/webapps/v5/AEimages/ironwood/mcith/mcith_JBS_SHOOT.jpg' for writing in ()
[2010-10-20 17:18:25] [warn] PHP Warning, Msg: imagejpeg() [<a href='function.imagejpeg'>function.imagejpeg</a>]: Unable to open '/usr/local/apache-tomcat-5.5.27/webapps/v5/AEimages/ironwood/mcith/mcith_Nakashima_logo.jpg' for writing in ()
[2010-10-20 17:18:25] [warn] PHP Warning, Msg: imagejpeg() [<a href='function.imagejpeg'>function.imagejpeg</a>]: Unable to open '/usr/local/apache-tomcat-5.5.27/webapps/v5/AEimages/ironwood/mcith/mcith_PRO_Letters_872.jpg' for writing in ()
[2010-10-20 17:18:25] [warn] PHP Warning, Msg: imagejpeg() [<a href='function.imagejpeg'>function.imagejpeg</a>]: Unable to open '/usr/local/apache-tomcat-5.5.27/webapps/v5/AEimages/ironwood/mcith/mcith_V-SwingHeader.jpg' for writing in ()
[2010-10-20 17:18:25] [warn] PHP Warning, Msg: imagejpeg() [<a href='function.imagejpeg'>function.imagejpeg</a>]: Unable to open '/usr/local/apache-tomcat-5.5.27/webapps/v5/AEimages/ironwood/mcith/mcith_Pro_LR_872.jpg' for writing in ()
[2010-10-20 17:18:25] [warn] PHP Warning, Msg: imagejpeg() [<a href='function.imagejpeg'>function.imagejpeg</a>]: Unable to open '/usr/local/apache-tomcat-5.5.27/webapps/v5/AEimages/ironwood/mcith/mcith_cobraLogo.jpg' for writing in ()
[2010-10-20 17:18:26] [warn] PHP Warning, Msg: imagejpeg() [<a href='function.imagejpeg'>function.imagejpeg</a>]: Unable to open '/usr/local/apache-tomcat-5.5.27/webapps/v5/AEimages/ironwood/mcith/mcith_footer_logos-over_02.jpg' for writing in ()
[2010-10-20 17:18:26] [warn] PHP Warning, Msg: imagegif() [<a href='function.imagegif'>function.imagegif</a>]: Unable to open '/usr/local/apache-tomcat-5.5.27/webapps/v5/AEimages/ironwood/mcith/mcith_foretees.gif' for writing in ()
[2010-10-20 17:18:26] [warn] PHP Warning, Msg: imagegif() [<a href='function.imagegif'>function.imagegif</a>]: Unable to open '/usr/local/apache-tomcat-5.5.27/webapps/v5/AEimages/ironwood/mcith/mcith_link_platinum_over.gif' for writing in ()
[2010-10-20 17:18:26] [warn] PHP Warning, Msg: imagejpeg() [<a href='function.imagejpeg'>function.imagejpeg</a>]: Unable to open '/usr/local/apache-tomcat-5.5.27/webapps/v5/AEimages/ironwood/mcith/mcith_logo.jpg' for writing in ()
[2010-10-20 17:18:26] [warn] PHP Warning, Msg: imagejpeg() [<a href='function.imagejpeg'>function.imagejpeg</a>]: Unable to open '/usr/local/apache-tomcat-5.5.27/webapps/v5/AEimages/ironwood/mcith/mcith_new2006logo.jpg' for writing in ()
[2010-10-20 17:18:26] [warn] PHP Warning, Msg: imagegif() [<a href='function.imagegif'>function.imagegif</a>]: Unable to open '/usr/local/apache-tomcat-5.5.27/webapps/v5/AEimages/ironwood/mcith/mcith_orange_whip.gif' for writing in ()
[2010-10-20 17:18:26] [warn] PHP Warning, Msg: imagejpeg() [<a href='function.imagejpeg'>function.imagejpeg</a>]: Unable to open '/usr/local/apache-tomcat-5.5.27/webapps/v5/AEimages/ironwood/mcith/mcith_tehama-head.jpg' for writing in ()
[2010-10-20 17:18:26] [warn] PHP Warning, Msg: imagejpeg() [<a href='function.imagejpeg'>function.imagejpeg</a>]: Unable to open '/usr/local/apache-tomcat-5.5.27/webapps/v5/AEimages/ironwood/mcith/mcith_v-SwingProduct.jpg' for writing in ()
[2010-10-20 17:21:26] [warn] PHP Warning, Msg: imagepng() [<a href='function.imagepng'>function.imagepng</a>]: Unable to open '/usr/local/apache-tomcat-5.5.27/webapps/v5/AEimages/ironwood/mcith/mcith_2010quail.png' for writing in ()
[2010-10-20 17:21:26] [warn] PHP Warning, Msg: imagegif() [<a href='function.imagegif'>function.imagegif</a>]: Unable to open '/usr/local/apache-tomcat-5.5.27/webapps/v5/AEimages/ironwood/mcith/mcith_Cleveland.gif' for writing in ()
[2010-10-20 17:21:26] [warn] PHP Warning, Msg: imagejpeg() [<a href='function.imagejpeg'>function.imagejpeg</a>]: Unable to open '/usr/local/apache-tomcat-5.5.27/webapps/v5/AEimages/ironwood/mcith/mcith_GOPHER.jpg' for writing in ()
[2010-10-20 17:21:26] [warn] PHP Warning, Msg: imagejpeg() [<a href='function.imagejpeg'>function.imagejpeg</a>]: Unable to open '/usr/local/apache-tomcat-5.5.27/webapps/v5/AEimages/ironwood/mcith/mcith_29572511_75.jpg' for writing in ()
[2010-10-20 17:21:26] [warn] PHP Warning, Msg: imagejpeg() [<a href='function.imagejpeg'>function.imagejpeg</a>]: Unable to open '/usr/local/apache-tomcat-5.5.27/webapps/v5/AEimages/ironwood/mcith/mcith_IWFinal-0008.jpg' for writing in ()
[2010-10-20 17:21:26] [warn] PHP Warning, Msg: imagejpeg() [<a href='function.imagejpeg'>function.imagejpeg</a>]: Unable to open '/usr/local/apache-tomcat-5.5.27/webapps/v5/AEimages/ironwood/mcith/mcith_IWFinal-0018.jpg' for writing in ()
[2010-10-20 17:21:26] [warn] PHP Warning, Msg: imagejpeg() [<a href='function.imagejpeg'>function.imagejpeg</a>]: Unable to open '/usr/local/apache-tomcat-5.5.27/webapps/v5/AEimages/ironwood/mcith/mcith_footer_logos-over_02.jpg' for writing in ()
[2010-10-20 17:21:26] [warn] PHP Warning, Msg: imagegif() [<a href='function.imagegif'>function.imagegif</a>]: Unable to open '/usr/local/apache-tomcat-5.5.27/webapps/v5/AEimages/ironwood/mcith/mcith_foretees.gif' for writing in ()
[2010-10-20 17:21:26] [warn] PHP Warning, Msg: imagegif() [<a href='function.imagegif'>function.imagegif</a>]: Unable to open '/usr/local/apache-tomcat-5.5.27/webapps/v5/AEimages/ironwood/mcith/mcith_link_platinum_over.gif' for writing in ()
[2010-10-20 17:21:26] [warn] PHP Warning, Msg: imagejpeg() [<a href='function.imagejpeg'>function.imagejpeg</a>]: Unable to open '/usr/local/apache-tomcat-5.5.27/webapps/v5/AEimages/ironwood/mcith/mcith_JBS_SHOOT.jpg' for writing in ()
[2010-10-20 17:21:26] [warn] PHP Warning, Msg: imagepng() [<a href='function.imagepng'>function.imagepng</a>]: Unable to open '/usr/local/apache-tomcat-5.5.27/webapps/v5/AEimages/ironwood/mcith/mcith_Maui_jim.png' for writing in ()
[2010-10-20 17:21:27] [warn] PHP Warning, Msg: imagejpeg() [<a href='function.imagejpeg'>function.imagejpeg</a>]: Unable to open '/usr/local/apache-tomcat-5.5.27/webapps/v5/AEimages/ironwood/mcith/mcith_Nakashima_logo.jpg' for writing in ()
[2010-10-20 17:21:27] [warn] PHP Warning, Msg: imagejpeg() [<a href='function.imagejpeg'>function.imagejpeg</a>]: Unable to open '/usr/local/apache-tomcat-5.5.27/webapps/v5/AEimages/ironwood/mcith/mcith_PRO_Letters_872.jpg' for writing in ()
[2010-10-20 17:21:27] [warn] PHP Warning, Msg: imagejpeg() [<a href='function.imagejpeg'>function.imagejpeg</a>]: Unable to open '/usr/local/apache-tomcat-5.5.27/webapps/v5/AEimages/ironwood/mcith/mcith_Pro_LR_872.jpg' for writing in ()
[2010-10-20 17:21:27] [warn] PHP Warning, Msg: imagejpeg() [<a href='function.imagejpeg'>function.imagejpeg</a>]: Unable to open '/usr/local/apache-tomcat-5.5.27/webapps/v5/AEimages/ironwood/mcith/mcith_V-SwingHeader.jpg' for writing in ()
[2010-10-20 17:21:27] [warn] PHP Warning, Msg: imagejpeg() [<a href='function.imagejpeg'>function.imagejpeg</a>]: Unable to open '/usr/local/apache-tomcat-5.5.27/webapps/v5/AEimages/ironwood/mcith/mcith_cobraLogo.jpg' for writing in ()
[2010-10-20 17:21:27] [warn] PHP Warning, Msg: imagejpeg() [<a href='function.imagejpeg'>function.imagejpeg</a>]: Unable to open '/usr/local/apache-tomcat-5.5.27/webapps/v5/AEimages/ironwood/mcith/mcith_logo.jpg' for writing in ()
[2010-10-20 17:21:27] [warn] PHP Warning, Msg: imagejpeg() [<a href='function.imagejpeg'>function.imagejpeg</a>]: Unable to open '/usr/local/apache-tomcat-5.5.27/webapps/v5/AEimages/ironwood/mcith/mcith_new2006logo.jpg' for writing in ()
[2010-10-20 17:21:28] [warn] PHP Warning, Msg: imagegif() [<a href='function.imagegif'>function.imagegif</a>]: Unable to open '/usr/local/apache-tomcat-5.5.27/webapps/v5/AEimages/ironwood/mcith/mcith_orange_whip.gif' for writing in ()
[2010-10-20 17:21:28] [warn] PHP Warning, Msg: imagejpeg() [<a href='function.imagejpeg'>function.imagejpeg</a>]: Unable to open '/usr/local/apache-tomcat-5.5.27/webapps/v5/AEimages/ironwood/mcith/mcith_tehama-head.jpg' for writing in ()
[2010-10-20 17:21:28] [warn] PHP Warning, Msg: imagejpeg() [<a href='function.imagejpeg'>function.imagejpeg</a>]: Unable to open '/usr/local/apache-tomcat-5.5.27/webapps/v5/AEimages/ironwood/mcith/mcith_v-SwingProduct.jpg' for writing in ()
[2010-10-22 20:13:43] [warn] PHP Warning, Msg: imagejpeg() [<a href='function.imagejpeg'>function.imagejpeg</a>]: Unable to open '/usr/local/apache-tomcat-5.5.27/webapps/v5/AEimages/tavistockcc/mcith/mcith_2011_Christmas_Poster.jpg' for writing in ()
[2010-10-22 20:13:43] [warn] PHP Warning, Msg: imagejpeg() [<a href='function.imagejpeg'>function.imagejpeg</a>]: Unable to open '/usr/local/apache-tomcat-5.5.27/webapps/v5/AEimages/tavistockcc/mcith/mcith_6masks2.jpg' for writing in ()
[2010-10-22 20:13:44] [warn] PHP Warning, Msg: imagejpeg() [<a href='function.imagejpeg'>function.imagejpeg</a>]: Unable to open '/usr/local/apache-tomcat-5.5.27/webapps/v5/AEimages/tavistockcc/mcith/mcith_Christmas_Flyer.jpg' for writing in ()
[2010-10-22 20:13:44] [warn] PHP Warning, Msg: imagegif() [<a href='function.imagegif'>function.imagegif</a>]: Unable to open '/usr/local/apache-tomcat-5.5.27/webapps/v5/AEimages/tavistockcc/mcith/mcith_PLAY WITH THE PRO.gif' for writing in ()
[2010-10-22 20:13:44] [warn] PHP Warning, Msg: imagegif() [<a href='function.imagegif'>function.imagegif</a>]: Unable to open '/usr/local/apache-tomcat-5.5.27/webapps/v5/AEimages/tavistockcc/mcith/mcith_Picture1.gif' for writing in ()
[2010-10-22 20:13:45] [warn] PHP Warning, Msg: imagejpeg() [<a href='function.imagejpeg'>function.imagejpeg</a>]: Unable to open '/usr/local/apache-tomcat-5.5.27/webapps/v5/AEimages/tavistockcc/mcith/mcith_Play with the Pro.jpg' for writing in ()
[2010-10-22 20:13:45] [warn] PHP Warning, Msg: imagejpeg() [<a href='function.imagejpeg'>function.imagejpeg</a>]: Unable to open '/usr/local/apache-tomcat-5.5.27/webapps/v5/AEimages/tavistockcc/mcith/mcith_Play with the Pro1.jpg' for writing in ()
[2010-10-22 20:13:45] [warn] PHP Warning, Msg: imagejpeg() [<a href='function.imagejpeg'>function.imagejpeg</a>]: Unable to open '/usr/local/apache-tomcat-5.5.27/webapps/v5/AEimages/tavistockcc/mcith/mcith_Play with the Pro2.jpg' for writing in ()
[2010-10-22 20:13:46] [warn] PHP Warning, Msg: imagejpeg() [<a href='function.imagejpeg'>function.imagejpeg</a>]: Unable to open '/usr/local/apache-tomcat-5.5.27/webapps/v5/AEimages/tavistockcc/mcith/mcith_Play with the Pro3.jpg' for writing in ()
[2010-10-22 20:13:46] [warn] PHP Warning, Msg: imagejpeg() [<a href='function.imagejpeg'>function.imagejpeg</a>]: Unable to open '/usr/local/apache-tomcat-5.5.27/webapps/v5/AEimages/tavistockcc/mcith/mcith_Play with the Pro4 - Web.jpg' for writing in ()
[2010-10-22 20:13:46] [warn] PHP Warning, Msg: imagejpeg() [<a href='function.imagejpeg'>function.imagejpeg</a>]: Unable to open '/usr/local/apache-tomcat-5.5.27/webapps/v5/AEimages/tavistockcc/mcith/mcith_Web Site Promo.jpg' for writing in ()
[2010-10-22 20:13:46] [warn] PHP Warning, Msg: imagejpeg() [<a href='function.imagejpeg'>function.imagejpeg</a>]: Unable to open '/usr/local/apache-tomcat-5.5.27/webapps/v5/AEimages/tavistockcc/mcith/mcith_cheese2.jpg' for writing in ()
[2010-10-22 20:13:47] [warn] PHP Warning, Msg: imagegif() [<a href='function.imagegif'>function.imagegif</a>]: Unable to open '/usr/local/apache-tomcat-5.5.27/webapps/v5/AEimages/tavistockcc/mcith/mcith_chris1.gif' for writing in ()
[2010-10-22 20:13:47] [warn] PHP Warning, Msg: imagegif() [<a href='function.imagegif'>function.imagegif</a>]: Unable to open '/usr/local/apache-tomcat-5.5.27/webapps/v5/AEimages/tavistockcc/mcith/mcith_chris2.gif' for writing in ()
[2010-10-22 20:13:47] [warn] PHP Warning, Msg: imagegif() [<a href='function.imagegif'>function.imagegif</a>]: Unable to open '/usr/local/apache-tomcat-5.5.27/webapps/v5/AEimages/tavistockcc/mcith/mcith_foretees.gif' for writing in ()
[2010-10-22 20:13:47] [warn] PHP Warning, Msg: imagegif() [<a href='function.imagegif'>function.imagegif</a>]: Unable to open '/usr/local/apache-tomcat-5.5.27/webapps/v5/AEimages/tavistockcc/mcith/mcith_foretees_logo.gif' for writing in ()
[2010-10-22 20:13:48] [warn] PHP Warning, Msg: imagejpeg() [<a href='function.imagejpeg'>function.imagejpeg</a>]: Unable to open '/usr/local/apache-tomcat-5.5.27/webapps/v5/AEimages/tavistockcc/mcith/mcith_img_0884.jpg' for writing in ()
[2010-10-22 20:13:48] [warn] PHP Warning, Msg: imagejpeg() [<a href='function.imagejpeg'>function.imagejpeg</a>]: Unable to open '/usr/local/apache-tomcat-5.5.27/webapps/v5/AEimages/tavistockcc/mcith/mcith_logo.jpg' for writing in ()
[2010-10-22 20:13:48] [warn] PHP Warning, Msg: imagejpeg() [<a href='function.imagejpeg'>function.imagejpeg</a>]: Unable to open '/usr/local/apache-tomcat-5.5.27/webapps/v5/AEimages/tavistockcc/mcith/mcith_masks.jpg' for writing in ()
[2010-10-22 20:13:48] [warn] PHP Warning, Msg: imagejpeg() [<a href='function.imagejpeg'>function.imagejpeg</a>]: Unable to open '/usr/local/apache-tomcat-5.5.27/webapps/v5/AEimages/tavistockcc/mcith/mcith_masks2.jpg' for writing in ()
[2010-10-22 20:13:49] [warn] PHP Warning, Msg: imagejpeg() [<a href='function.imagejpeg'>function.imagejpeg</a>]: Unable to open '/usr/local/apache-tomcat-5.5.27/webapps/v5/AEimages/tavistockcc/mcith/mcith_newlogo16.jpg' for writing in ()
[2010-10-22 20:13:49] [warn] PHP Warning, Msg: imagejpeg() [<a href='function.imagejpeg'>function.imagejpeg</a>]: Unable to open '/usr/local/apache-tomcat-5.5.27/webapps/v5/AEimages/tavistockcc/mcith/mcith_q-home.jpg' for writing in ()
[2010-10-22 20:13:49] [warn] PHP Warning, Msg: imagejpeg() [<a href='function.imagejpeg'>function.imagejpeg</a>]: Unable to open '/usr/local/apache-tomcat-5.5.27/webapps/v5/AEimages/tavistockcc/mcith/mcith_rick.jpg' for writing in ()
[2010-10-22 20:13:49] [warn] PHP Warning, Msg: imagejpeg() [<a href='function.imagejpeg'>function.imagejpeg</a>]: Unable to open '/usr/local/apache-tomcat-5.5.27/webapps/v5/AEimages/tavistockcc/mcith/mcith_rick2.jpg' for writing in ()
[2010-10-22 20:13:49] [warn] PHP Warning, Msg: imagejpeg() [<a href='function.imagejpeg'>function.imagejpeg</a>]: Unable to open '/usr/local/apache-tomcat-5.5.27/webapps/v5/AEimages/tavistockcc/mcith/mcith_tavistock16newer.jpg' for writing in ()
[2010-10-22 20:14:02] [warn] PHP Warning, Msg: imagejpeg() [<a href='function.imagejpeg'>function.imagejpeg</a>]: Unable to open '/usr/local/apache-tomcat-5.5.27/webapps/v5/AEimages/tavistockcc/mcith/mcith_Winter_Game_Changer_Flyer_WEB.jpg' for writing in ()
[2010-10-22 20:14:03] [warn] PHP Warning, Msg: imagejpeg() [<a href='function.imagejpeg'>function.imagejpeg</a>]: Unable to open '/usr/local/apache-tomcat-5.5.27/webapps/v5/AEimages/tavistockcc/mcith/mcith_2011_Christmas_Poster.jpg' for writing in ()
[2010-10-22 20:14:03] [warn] PHP Warning, Msg: imagejpeg() [<a href='function.imagejpeg'>function.imagejpeg</a>]: Unable to open '/usr/local/apache-tomcat-5.5.27/webapps/v5/AEimages/tavistockcc/mcith/mcith_6masks2.jpg' for writing in ()
[2010-10-22 20:14:04] [warn] PHP Warning, Msg: imagejpeg() [<a href='function.imagejpeg'>function.imagejpeg</a>]: Unable to open '/usr/local/apache-tomcat-5.5.27/webapps/v5/AEimages/tavistockcc/mcith/mcith_Christmas_Flyer.jpg' for writing in ()
[2010-10-22 20:14:04] [warn] PHP Warning, Msg: imagegif() [<a href='function.imagegif'>function.imagegif</a>]: Unable to open '/usr/local/apache-tomcat-5.5.27/webapps/v5/AEimages/tavistockcc/mcith/mcith_PLAY WITH THE PRO.gif' for writing in ()
[2010-10-22 20:14:04] [warn] PHP Warning, Msg: imagegif() [<a href='function.imagegif'>function.imagegif</a>]: Unable to open '/usr/local/apache-tomcat-5.5.27/webapps/v5/AEimages/tavistockcc/mcith/mcith_Picture1.gif' for writing in ()
[2010-10-22 20:14:04] [warn] PHP Warning, Msg: imagejpeg() [<a href='function.imagejpeg'>function.imagejpeg</a>]: Unable to open '/usr/local/apache-tomcat-5.5.27/webapps/v5/AEimages/tavistockcc/mcith/mcith_Play with the Pro.jpg' for writing in ()
[2010-10-22 20:14:05] [warn] PHP Warning, Msg: imagejpeg() [<a href='function.imagejpeg'>function.imagejpeg</a>]: Unable to open '/usr/local/apache-tomcat-5.5.27/webapps/v5/AEimages/tavistockcc/mcith/mcith_Play with the Pro1.jpg' for writing in ()
[2010-10-22 20:14:05] [warn] PHP Warning, Msg: imagejpeg() [<a href='function.imagejpeg'>function.imagejpeg</a>]: Unable to open '/usr/local/apache-tomcat-5.5.27/webapps/v5/AEimages/tavistockcc/mcith/mcith_Play with the Pro2.jpg' for writing in ()
[2010-10-22 20:14:05] [warn] PHP Warning, Msg: imagejpeg() [<a href='function.imagejpeg'>function.imagejpeg</a>]: Unable to open '/usr/local/apache-tomcat-5.5.27/webapps/v5/AEimages/tavistockcc/mcith/mcith_Play with the Pro3.jpg' for writing in ()
[2010-10-22 20:14:06] [warn] PHP Warning, Msg: imagejpeg() [<a href='function.imagejpeg'>function.imagejpeg</a>]: Unable to open '/usr/local/apache-tomcat-5.5.27/webapps/v5/AEimages/tavistockcc/mcith/mcith_Play with the Pro4 - Web.jpg' for writing in ()
[2010-10-22 20:14:06] [warn] PHP Warning, Msg: imagejpeg() [<a href='function.imagejpeg'>function.imagejpeg</a>]: Unable to open '/usr/local/apache-tomcat-5.5.27/webapps/v5/AEimages/tavistockcc/mcith/mcith_Web Site Promo.jpg' for writing in ()
[2010-10-22 20:14:06] [warn] PHP Warning, Msg: imagejpeg() [<a href='function.imagejpeg'>function.imagejpeg</a>]: Unable to open '/usr/local/apache-tomcat-5.5.27/webapps/v5/AEimages/tavistockcc/mcith/mcith_Winter_Game_Changer_Flyer_WEB.jpg' for writing in ()
[2010-10-22 20:14:06] [warn] PHP Warning, Msg: imagejpeg() [<a href='function.imagejpeg'>function.imagejpeg</a>]: Unable to open '/usr/local/apache-tomcat-5.5.27/webapps/v5/AEimages/tavistockcc/mcith/mcith_cheese2.jpg' for writing in ()
[2010-10-22 20:14:07] [warn] PHP Warning, Msg: imagegif() [<a href='function.imagegif'>function.imagegif</a>]: Unable to open '/usr/local/apache-tomcat-5.5.27/webapps/v5/AEimages/tavistockcc/mcith/mcith_chris1.gif' for writing in ()
[2010-10-22 20:14:07] [warn] PHP Warning, Msg: imagegif() [<a href='function.imagegif'>function.imagegif</a>]: Unable to open '/usr/local/apache-tomcat-5.5.27/webapps/v5/AEimages/tavistockcc/mcith/mcith_chris2.gif' for writing in ()
[2010-10-22 20:14:07] [warn] PHP Warning, Msg: imagegif() [<a href='function.imagegif'>function.imagegif</a>]: Unable to open '/usr/local/apache-tomcat-5.5.27/webapps/v5/AEimages/tavistockcc/mcith/mcith_foretees.gif' for writing in ()
[2010-10-22 20:14:07] [warn] PHP Warning, Msg: imagegif() [<a href='function.imagegif'>function.imagegif</a>]: Unable to open '/usr/local/apache-tomcat-5.5.27/webapps/v5/AEimages/tavistockcc/mcith/mcith_foretees_logo.gif' for writing in ()
[2010-10-22 20:14:08] [warn] PHP Warning, Msg: imagejpeg() [<a href='function.imagejpeg'>function.imagejpeg</a>]: Unable to open '/usr/local/apache-tomcat-5.5.27/webapps/v5/AEimages/tavistockcc/mcith/mcith_img_0884.jpg' for writing in ()
[2010-10-22 20:14:08] [warn] PHP Warning, Msg: imagejpeg() [<a href='function.imagejpeg'>function.imagejpeg</a>]: Unable to open '/usr/local/apache-tomcat-5.5.27/webapps/v5/AEimages/tavistockcc/mcith/mcith_logo.jpg' for writing in ()
[2010-10-22 20:14:08] [warn] PHP Warning, Msg: imagejpeg() [<a href='function.imagejpeg'>function.imagejpeg</a>]: Unable to open '/usr/local/apache-tomcat-5.5.27/webapps/v5/AEimages/tavistockcc/mcith/mcith_masks.jpg' for writing in ()
[2010-10-22 20:14:08] [warn] PHP Warning, Msg: imagejpeg() [<a href='function.imagejpeg'>function.imagejpeg</a>]: Unable to open '/usr/local/apache-tomcat-5.5.27/webapps/v5/AEimages/tavistockcc/mcith/mcith_masks2.jpg' for writing in ()
[2010-10-22 20:14:09] [warn] PHP Warning, Msg: imagejpeg() [<a href='function.imagejpeg'>function.imagejpeg</a>]: Unable to open '/usr/local/apache-tomcat-5.5.27/webapps/v5/AEimages/tavistockcc/mcith/mcith_newlogo16.jpg' for writing in ()
[2010-10-22 20:14:09] [warn] PHP Warning, Msg: imagejpeg() [<a href='function.imagejpeg'>function.imagejpeg</a>]: Unable to open '/usr/local/apache-tomcat-5.5.27/webapps/v5/AEimages/tavistockcc/mcith/mcith_q-home.jpg' for writing in ()
[2010-10-22 20:14:09] [warn] PHP Warning, Msg: imagejpeg() [<a href='function.imagejpeg'>function.imagejpeg</a>]: Unable to open '/usr/local/apache-tomcat-5.5.27/webapps/v5/AEimages/tavistockcc/mcith/mcith_rick2.jpg' for writing in ()
[2010-10-22 20:14:09] [warn] PHP Warning, Msg: imagejpeg() [<a href='function.imagejpeg'>function.imagejpeg</a>]: Unable to open '/usr/local/apache-tomcat-5.5.27/webapps/v5/AEimages/tavistockcc/mcith/mcith_rick.jpg' for writing in ()
[2010-10-22 20:20:24] [warn] PHP Warning, Msg: imagejpeg() [<a href='function.imagejpeg'>function.imagejpeg</a>]: Unable to open '/usr/local/apache-tomcat-5.5.27/webapps/v5/AEimages/tavistockcc/mcith/mcith_2011_Christmas_Poster.jpg' for writing in ()
[2010-10-22 20:20:25] [warn] PHP Warning, Msg: imagejpeg() [<a href='function.imagejpeg'>function.imagejpeg</a>]: Unable to open '/usr/local/apache-tomcat-5.5.27/webapps/v5/AEimages/tavistockcc/mcith/mcith_6masks2.jpg' for writing in ()
[2010-10-22 20:20:25] [warn] PHP Warning, Msg: imagejpeg() [<a href='function.imagejpeg'>function.imagejpeg</a>]: Unable to open '/usr/local/apache-tomcat-5.5.27/webapps/v5/AEimages/tavistockcc/mcith/mcith_Christmas_Flyer.jpg' for writing in ()
[2010-10-22 20:20:25] [warn] PHP Warning, Msg: imagegif() [<a href='function.imagegif'>function.imagegif</a>]: Unable to open '/usr/local/apache-tomcat-5.5.27/webapps/v5/AEimages/tavistockcc/mcith/mcith_PLAY WITH THE PRO.gif' for writing in ()
[2010-10-22 20:20:31] [warn] PHP Warning, Msg: imagejpeg() [<a href='function.imagejpeg'>function.imagejpeg</a>]: Unable to open '/usr/local/apache-tomcat-5.5.27/webapps/v5/AEimages/tavistockcc/mcith/mcith_2011_Christmas_Poster.jpg' for writing in ()
[2010-10-22 20:20:32] [warn] PHP Warning, Msg: imagejpeg() [<a href='function.imagejpeg'>function.imagejpeg</a>]: Unable to open '/usr/local/apache-tomcat-5.5.27/webapps/v5/AEimages/tavistockcc/mcith/mcith_6masks2.jpg' for writing in ()
[2010-10-22 20:20:32] [warn] PHP Warning, Msg: imagejpeg() [<a href='function.imagejpeg'>function.imagejpeg</a>]: Unable to open '/usr/local/apache-tomcat-5.5.27/webapps/v5/AEimages/tavistockcc/mcith/mcith_Christmas_Flyer.jpg' for writing in ()
[2010-10-22 20:20:33] [warn] PHP Warning, Msg: imagegif() [<a href='function.imagegif'>function.imagegif</a>]: Unable to open '/usr/local/apache-tomcat-5.5.27/webapps/v5/AEimages/tavistockcc/mcith/mcith_PLAY WITH THE PRO.gif' for writing in ()
[2010-10-22 20:20:33] [warn] PHP Warning, Msg: imagegif() [<a href='function.imagegif'>function.imagegif</a>]: Unable to open '/usr/local/apache-tomcat-5.5.27/webapps/v5/AEimages/tavistockcc/mcith/mcith_Picture1.gif' for writing in ()
[2010-10-22 20:20:33] [warn] PHP Warning, Msg: imagejpeg() [<a href='function.imagejpeg'>function.imagejpeg</a>]: Unable to open '/usr/local/apache-tomcat-5.5.27/webapps/v5/AEimages/tavistockcc/mcith/mcith_Play with the Pro.jpg' for writing in ()
[2010-10-22 20:20:33] [warn] PHP Warning, Msg: imagejpeg() [<a href='function.imagejpeg'>function.imagejpeg</a>]: Unable to open '/usr/local/apache-tomcat-5.5.27/webapps/v5/AEimages/tavistockcc/mcith/mcith_Play with the Pro1.jpg' for writing in ()
[2010-10-22 20:20:34] [warn] PHP Warning, Msg: imagejpeg() [<a href='function.imagejpeg'>function.imagejpeg</a>]: Unable to open '/usr/local/apache-tomcat-5.5.27/webapps/v5/AEimages/tavistockcc/mcith/mcith_Play with the Pro2.jpg' for writing in ()
[2010-10-22 20:20:34] [warn] PHP Warning, Msg: imagejpeg() [<a href='function.imagejpeg'>function.imagejpeg</a>]: Unable to open '/usr/local/apache-tomcat-5.5.27/webapps/v5/AEimages/tavistockcc/mcith/mcith_Play with the Pro3.jpg' for writing in ()
[2010-10-22 20:20:35] [warn] PHP Warning, Msg: imagejpeg() [<a href='function.imagejpeg'>function.imagejpeg</a>]: Unable to open '/usr/local/apache-tomcat-5.5.27/webapps/v5/AEimages/tavistockcc/mcith/mcith_Play with the Pro4 - Web.jpg' for writing in ()
[2010-10-22 20:20:35] [warn] PHP Warning, Msg: imagejpeg() [<a href='function.imagejpeg'>function.imagejpeg</a>]: Unable to open '/usr/local/apache-tomcat-5.5.27/webapps/v5/AEimages/tavistockcc/mcith/mcith_Web Site Promo.jpg' for writing in ()
[2010-10-22 20:20:35] [warn] PHP Warning, Msg: imagejpeg() [<a href='function.imagejpeg'>function.imagejpeg</a>]: Unable to open '/usr/local/apache-tomcat-5.5.27/webapps/v5/AEimages/tavistockcc/mcith/mcith_Winter_Game_Changer_Flyer_WEB.jpg' for writing in ()
[2010-10-22 20:20:35] [warn] PHP Warning, Msg: imagejpeg() [<a href='function.imagejpeg'>function.imagejpeg</a>]: Unable to open '/usr/local/apache-tomcat-5.5.27/webapps/v5/AEimages/tavistockcc/mcith/mcith_cheese2.jpg' for writing in ()
[2010-10-22 20:20:36] [warn] PHP Warning, Msg: imagegif() [<a href='function.imagegif'>function.imagegif</a>]: Unable to open '/usr/local/apache-tomcat-5.5.27/webapps/v5/AEimages/tavistockcc/mcith/mcith_chris1.gif' for writing in ()
[2010-10-22 20:20:36] [warn] PHP Warning, Msg: imagegif() [<a href='function.imagegif'>function.imagegif</a>]: Unable to open '/usr/local/apache-tomcat-5.5.27/webapps/v5/AEimages/tavistockcc/mcith/mcith_chris2.gif' for writing in ()
[2010-10-22 20:20:36] [warn] PHP Warning, Msg: imagegif() [<a href='function.imagegif'>function.imagegif</a>]: Unable to open '/usr/local/apache-tomcat-5.5.27/webapps/v5/AEimages/tavistockcc/mcith/mcith_foretees.gif' for writing in ()
[2010-10-22 20:20:36] [warn] PHP Warning, Msg: imagegif() [<a href='function.imagegif'>function.imagegif</a>]: Unable to open '/usr/local/apache-tomcat-5.5.27/webapps/v5/AEimages/tavistockcc/mcith/mcith_foretees_logo.gif' for writing in ()
[2010-10-22 20:20:36] [warn] PHP Warning, Msg: imagejpeg() [<a href='function.imagejpeg'>function.imagejpeg</a>]: Unable to open '/usr/local/apache-tomcat-5.5.27/webapps/v5/AEimages/tavistockcc/mcith/mcith_img_0884.jpg' for writing in ()
[2010-10-22 20:20:37] [warn] PHP Warning, Msg: imagejpeg() [<a href='function.imagejpeg'>function.imagejpeg</a>]: Unable to open '/usr/local/apache-tomcat-5.5.27/webapps/v5/AEimages/tavistockcc/mcith/mcith_logo.jpg' for writing in ()
[2010-10-22 20:20:37] [warn] PHP Warning, Msg: imagejpeg() [<a href='function.imagejpeg'>function.imagejpeg</a>]: Unable to open '/usr/local/apache-tomcat-5.5.27/webapps/v5/AEimages/tavistockcc/mcith/mcith_masks.jpg' for writing in ()
[2010-10-22 20:20:57] [warn] PHP Warning, Msg: imagejpeg() [<a href='function.imagejpeg'>function.imagejpeg</a>]: Unable to open '/usr/local/apache-tomcat-5.5.27/webapps/v5/AEimages/tavistockcc/mcith/mcith_2011_Christmas_Poster.jpg' for writing in ()
[2010-10-22 20:20:57] [warn] PHP Warning, Msg: imagejpeg() [<a href='function.imagejpeg'>function.imagejpeg</a>]: Unable to open '/usr/local/apache-tomcat-5.5.27/webapps/v5/AEimages/tavistockcc/mcith/mcith_6masks2.jpg' for writing in ()
[2010-10-22 20:20:58] [warn] PHP Warning, Msg: imagejpeg() [<a href='function.imagejpeg'>function.imagejpeg</a>]: Unable to open '/usr/local/apache-tomcat-5.5.27/webapps/v5/AEimages/tavistockcc/mcith/mcith_Christmas_Flyer.jpg' for writing in ()
[2010-10-22 20:20:58] [warn] PHP Warning, Msg: imagegif() [<a href='function.imagegif'>function.imagegif</a>]: Unable to open '/usr/local/apache-tomcat-5.5.27/webapps/v5/AEimages/tavistockcc/mcith/mcith_PLAY WITH THE PRO.gif' for writing in ()
[2010-10-22 20:20:59] [warn] PHP Warning, Msg: imagegif() [<a href='function.imagegif'>function.imagegif</a>]: Unable to open '/usr/local/apache-tomcat-5.5.27/webapps/v5/AEimages/tavistockcc/mcith/mcith_Picture1.gif' for writing in ()
[2010-10-22 20:20:59] [warn] PHP Warning, Msg: imagejpeg() [<a href='function.imagejpeg'>function.imagejpeg</a>]: Unable to open '/usr/local/apache-tomcat-5.5.27/webapps/v5/AEimages/tavistockcc/mcith/mcith_Play with the Pro.jpg' for writing in ()
[2010-10-22 20:20:59] [warn] PHP Warning, Msg: imagejpeg() [<a href='function.imagejpeg'>function.imagejpeg</a>]: Unable to open '/usr/local/apache-tomcat-5.5.27/webapps/v5/AEimages/tavistockcc/mcith/mcith_Play with the Pro1.jpg' for writing in ()
[2010-10-22 20:20:59] [warn] PHP Warning, Msg: imagejpeg() [<a href='function.imagejpeg'>function.imagejpeg</a>]: Unable to open '/usr/local/apache-tomcat-5.5.27/webapps/v5/AEimages/tavistockcc/mcith/mcith_Play with the Pro2.jpg' for writing in ()
[2010-10-22 20:21:00] [warn] PHP Warning, Msg: imagejpeg() [<a href='function.imagejpeg'>function.imagejpeg</a>]: Unable to open '/usr/local/apache-tomcat-5.5.27/webapps/v5/AEimages/tavistockcc/mcith/mcith_Play with the Pro3.jpg' for writing in ()
[2010-10-22 20:21:00] [warn] PHP Warning, Msg: imagejpeg() [<a href='function.imagejpeg'>function.imagejpeg</a>]: Unable to open '/usr/local/apache-tomcat-5.5.27/webapps/v5/AEimages/tavistockcc/mcith/mcith_Play with the Pro4 - Web.jpg' for writing in ()
[2010-10-22 20:21:00] [warn] PHP Warning, Msg: imagejpeg() [<a href='function.imagejpeg'>function.imagejpeg</a>]: Unable to open '/usr/local/apache-tomcat-5.5.27/webapps/v5/AEimages/tavistockcc/mcith/mcith_Web Site Promo.jpg' for writing in ()
[2010-10-22 20:21:01] [warn] PHP Warning, Msg: imagejpeg() [<a href='function.imagejpeg'>function.imagejpeg</a>]: Unable to open '/usr/local/apache-tomcat-5.5.27/webapps/v5/AEimages/tavistockcc/mcith/mcith_Winter_Game_Changer_Flyer_WEB.jpg' for writing in ()
[2010-10-22 20:21:01] [warn] PHP Warning, Msg: imagejpeg() [<a href='function.imagejpeg'>function.imagejpeg</a>]: Unable to open '/usr/local/apache-tomcat-5.5.27/webapps/v5/AEimages/tavistockcc/mcith/mcith_cheese2.jpg' for writing in ()
[2010-10-22 20:21:01] [warn] PHP Warning, Msg: imagegif() [<a href='function.imagegif'>function.imagegif</a>]: Unable to open '/usr/local/apache-tomcat-5.5.27/webapps/v5/AEimages/tavistockcc/mcith/mcith_chris1.gif' for writing in ()
[2010-10-22 20:21:01] [warn] PHP Warning, Msg: imagegif() [<a href='function.imagegif'>function.imagegif</a>]: Unable to open '/usr/local/apache-tomcat-5.5.27/webapps/v5/AEimages/tavistockcc/mcith/mcith_chris2.gif' for writing in ()
[2010-10-22 20:21:01] [warn] PHP Warning, Msg: imagegif() [<a href='function.imagegif'>function.imagegif</a>]: Unable to open '/usr/local/apache-tomcat-5.5.27/webapps/v5/AEimages/tavistockcc/mcith/mcith_foretees.gif' for writing in ()
[2010-10-22 20:21:02] [warn] PHP Warning, Msg: imagegif() [<a href='function.imagegif'>function.imagegif</a>]: Unable to open '/usr/local/apache-tomcat-5.5.27/webapps/v5/AEimages/tavistockcc/mcith/mcith_foretees_logo.gif' for writing in ()
[2010-10-22 20:21:02] [warn] PHP Warning, Msg: imagejpeg() [<a href='function.imagejpeg'>function.imagejpeg</a>]: Unable to open '/usr/local/apache-tomcat-5.5.27/webapps/v5/AEimages/tavistockcc/mcith/mcith_img_0884.jpg' for writing in ()
[2010-10-22 20:21:02] [warn] PHP Warning, Msg: imagejpeg() [<a href='function.imagejpeg'>function.imagejpeg</a>]: Unable to open '/usr/local/apache-tomcat-5.5.27/webapps/v5/AEimages/tavistockcc/mcith/mcith_logo.jpg' for writing in ()
[2010-10-22 20:21:02] [warn] PHP Warning, Msg: imagejpeg() [<a href='function.imagejpeg'>function.imagejpeg</a>]: Unable to open '/usr/local/apache-tomcat-5.5.27/webapps/v5/AEimages/tavistockcc/mcith/mcith_masks.jpg' for writing in ()
[2010-10-22 20:21:02] [warn] PHP Warning, Msg: imagejpeg() [<a href='function.imagejpeg'>function.imagejpeg</a>]: Unable to open '/usr/local/apache-tomcat-5.5.27/webapps/v5/AEimages/tavistockcc/mcith/mcith_masks2.jpg' for writing in ()
[2010-10-22 20:21:03] [warn] PHP Warning, Msg: imagejpeg() [<a href='function.imagejpeg'>function.imagejpeg</a>]: Unable to open '/usr/local/apache-tomcat-5.5.27/webapps/v5/AEimages/tavistockcc/mcith/mcith_newlogo16.jpg' for writing in ()
[2010-10-22 20:21:03] [warn] PHP Warning, Msg: imagejpeg() [<a href='function.imagejpeg'>function.imagejpeg</a>]: Unable to open '/usr/local/apache-tomcat-5.5.27/webapps/v5/AEimages/tavistockcc/mcith/mcith_q-home.jpg' for writing in ()
[2010-10-22 20:21:03] [warn] PHP Warning, Msg: imagejpeg() [<a href='function.imagejpeg'>function.imagejpeg</a>]: Unable to open '/usr/local/apache-tomcat-5.5.27/webapps/v5/AEimages/tavistockcc/mcith/mcith_rick.jpg' for writing in ()
[2010-10-22 20:21:04] [warn] PHP Warning, Msg: imagejpeg() [<a href='function.imagejpeg'>function.imagejpeg</a>]: Unable to open '/usr/local/apache-tomcat-5.5.27/webapps/v5/AEimages/tavistockcc/mcith/mcith_rick2.jpg' for writing in ()
[2010-10-22 20:21:29] [warn] PHP Warning, Msg: imagejpeg() [<a href='function.imagejpeg'>function.imagejpeg</a>]: Unable to open '/usr/local/apache-tomcat-5.5.27/webapps/v5/AEimages/tavistockcc/mcith/mcith_2011_Christmas_Poster.jpg' for writing in ()
[2010-10-22 20:21:29] [warn] PHP Warning, Msg: imagejpeg() [<a href='function.imagejpeg'>function.imagejpeg</a>]: Unable to open '/usr/local/apache-tomcat-5.5.27/webapps/v5/AEimages/tavistockcc/mcith/mcith_6masks2.jpg' for writing in ()
[2010-10-22 20:21:30] [warn] PHP Warning, Msg: imagejpeg() [<a href='function.imagejpeg'>function.imagejpeg</a>]: Unable to open '/usr/local/apache-tomcat-5.5.27/webapps/v5/AEimages/tavistockcc/mcith/mcith_Christmas_Flyer.jpg' for writing in ()
[2010-10-22 20:21:30] [warn] PHP Warning, Msg: imagegif() [<a href='function.imagegif'>function.imagegif</a>]: Unable to open '/usr/local/apache-tomcat-5.5.27/webapps/v5/AEimages/tavistockcc/mcith/mcith_PLAY WITH THE PRO.gif' for writing in ()
[2010-10-22 20:21:30] [warn] PHP Warning, Msg: imagegif() [<a href='function.imagegif'>function.imagegif</a>]: Unable to open '/usr/local/apache-tomcat-5.5.27/webapps/v5/AEimages/tavistockcc/mcith/mcith_Picture1.gif' for writing in ()
[2010-10-22 20:21:31] [warn] PHP Warning, Msg: imagejpeg() [<a href='function.imagejpeg'>function.imagejpeg</a>]: Unable to open '/usr/local/apache-tomcat-5.5.27/webapps/v5/AEimages/tavistockcc/mcith/mcith_Play with the Pro.jpg' for writing in ()
[2010-10-22 20:21:31] [warn] PHP Warning, Msg: imagejpeg() [<a href='function.imagejpeg'>function.imagejpeg</a>]: Unable to open '/usr/local/apache-tomcat-5.5.27/webapps/v5/AEimages/tavistockcc/mcith/mcith_Play with the Pro1.jpg' for writing in ()
[2010-10-22 20:21:31] [warn] PHP Warning, Msg: imagejpeg() [<a href='function.imagejpeg'>function.imagejpeg</a>]: Unable to open '/usr/local/apache-tomcat-5.5.27/webapps/v5/AEimages/tavistockcc/mcith/mcith_Play with the Pro2.jpg' for writing in ()
[2010-10-22 20:21:32] [warn] PHP Warning, Msg: imagejpeg() [<a href='function.imagejpeg'>function.imagejpeg</a>]: Unable to open '/usr/local/apache-tomcat-5.5.27/webapps/v5/AEimages/tavistockcc/mcith/mcith_Play with the Pro3.jpg' for writing in ()
[2010-10-22 20:21:32] [warn] PHP Warning, Msg: imagejpeg() [<a href='function.imagejpeg'>function.imagejpeg</a>]: Unable to open '/usr/local/apache-tomcat-5.5.27/webapps/v5/AEimages/tavistockcc/mcith/mcith_Play with the Pro4 - Web.jpg' for writing in ()
[2010-10-22 20:21:32] [warn] PHP Warning, Msg: imagejpeg() [<a href='function.imagejpeg'>function.imagejpeg</a>]: Unable to open '/usr/local/apache-tomcat-5.5.27/webapps/v5/AEimages/tavistockcc/mcith/mcith_Web Site Promo.jpg' for writing in ()
[2010-10-22 20:21:32] [warn] PHP Warning, Msg: imagejpeg() [<a href='function.imagejpeg'>function.imagejpeg</a>]: Unable to open '/usr/local/apache-tomcat-5.5.27/webapps/v5/AEimages/tavistockcc/mcith/mcith_cheese2.jpg' for writing in ()
[2010-10-22 20:21:33] [warn] PHP Warning, Msg: imagegif() [<a href='function.imagegif'>function.imagegif</a>]: Unable to open '/usr/local/apache-tomcat-5.5.27/webapps/v5/AEimages/tavistockcc/mcith/mcith_chris1.gif' for writing in ()
[2010-10-22 20:21:33] [warn] PHP Warning, Msg: imagegif() [<a href='function.imagegif'>function.imagegif</a>]: Unable to open '/usr/local/apache-tomcat-5.5.27/webapps/v5/AEimages/tavistockcc/mcith/mcith_chris2.gif' for writing in ()
[2010-10-22 20:21:33] [warn] PHP Warning, Msg: imagegif() [<a href='function.imagegif'>function.imagegif</a>]: Unable to open '/usr/local/apache-tomcat-5.5.27/webapps/v5/AEimages/tavistockcc/mcith/mcith_foretees.gif' for writing in ()
[2010-10-22 20:21:33] [warn] PHP Warning, Msg: imagegif() [<a href='function.imagegif'>function.imagegif</a>]: Unable to open '/usr/local/apache-tomcat-5.5.27/webapps/v5/AEimages/tavistockcc/mcith/mcith_foretees_logo.gif' for writing in ()
[2010-10-22 20:21:34] [warn] PHP Warning, Msg: imagejpeg() [<a href='function.imagejpeg'>function.imagejpeg</a>]: Unable to open '/usr/local/apache-tomcat-5.5.27/webapps/v5/AEimages/tavistockcc/mcith/mcith_img_0884.jpg' for writing in ()
[2010-10-22 20:21:34] [warn] PHP Warning, Msg: imagejpeg() [<a href='function.imagejpeg'>function.imagejpeg</a>]: Unable to open '/usr/local/apache-tomcat-5.5.27/webapps/v5/AEimages/tavistockcc/mcith/mcith_logo.jpg' for writing in ()
[2010-10-22 20:21:34] [warn] PHP Warning, Msg: imagejpeg() [<a href='function.imagejpeg'>function.imagejpeg</a>]: Unable to open '/usr/local/apache-tomcat-5.5.27/webapps/v5/AEimages/tavistockcc/mcith/mcith_masks.jpg' for writing in ()
[2010-10-22 20:21:34] [warn] PHP Warning, Msg: imagejpeg() [<a href='function.imagejpeg'>function.imagejpeg</a>]: Unable to open '/usr/local/apache-tomcat-5.5.27/webapps/v5/AEimages/tavistockcc/mcith/mcith_masks2.jpg' for writing in ()
[2010-10-22 20:21:35] [warn] PHP Warning, Msg: imagejpeg() [<a href='function.imagejpeg'>function.imagejpeg</a>]: Unable to open '/usr/local/apache-tomcat-5.5.27/webapps/v5/AEimages/tavistockcc/mcith/mcith_newlogo16.jpg' for writing in ()
[2010-10-22 20:21:35] [warn] PHP Warning, Msg: imagejpeg() [<a href='function.imagejpeg'>function.imagejpeg</a>]: Unable to open '/usr/local/apache-tomcat-5.5.27/webapps/v5/AEimages/tavistockcc/mcith/mcith_q-home.jpg' for writing in ()
[2010-10-22 20:21:35] [warn] PHP Warning, Msg: imagejpeg() [<a href='function.imagejpeg'>function.imagejpeg</a>]: Unable to open '/usr/local/apache-tomcat-5.5.27/webapps/v5/AEimages/tavistockcc/mcith/mcith_rick.jpg' for writing in ()
[2010-10-22 20:21:35] [warn] PHP Warning, Msg: imagejpeg() [<a href='function.imagejpeg'>function.imagejpeg</a>]: Unable to open '/usr/local/apache-tomcat-5.5.27/webapps/v5/AEimages/tavistockcc/mcith/mcith_rick2.jpg' for writing in ()
[2010-10-22 20:22:05] [warn] PHP Warning, Msg: imagejpeg() [<a href='function.imagejpeg'>function.imagejpeg</a>]: Unable to open '/usr/local/apache-tomcat-5.5.27/webapps/v5/AEimages/tavistockcc/mcith/mcith_2011_Christmas_Poster.jpg' for writing in ()
[2010-10-22 20:22:06] [warn] PHP Warning, Msg: imagejpeg() [<a href='function.imagejpeg'>function.imagejpeg</a>]: Unable to open '/usr/local/apache-tomcat-5.5.27/webapps/v5/AEimages/tavistockcc/mcith/mcith_6masks2.jpg' for writing in ()
[2010-10-22 20:22:06] [warn] PHP Warning, Msg: imagejpeg() [<a href='function.imagejpeg'>function.imagejpeg</a>]: Unable to open '/usr/local/apache-tomcat-5.5.27/webapps/v5/AEimages/tavistockcc/mcith/mcith_Christmas_Flyer.jpg' for writing in ()
[2010-10-22 20:22:07] [warn] PHP Warning, Msg: imagegif() [<a href='function.imagegif'>function.imagegif</a>]: Unable to open '/usr/local/apache-tomcat-5.5.27/webapps/v5/AEimages/tavistockcc/mcith/mcith_PLAY WITH THE PRO.gif' for writing in ()
[2010-10-22 20:22:07] [warn] PHP Warning, Msg: imagegif() [<a href='function.imagegif'>function.imagegif</a>]: Unable to open '/usr/local/apache-tomcat-5.5.27/webapps/v5/AEimages/tavistockcc/mcith/mcith_Picture1.gif' for writing in ()
[2010-10-22 20:22:07] [warn] PHP Warning, Msg: imagejpeg() [<a href='function.imagejpeg'>function.imagejpeg</a>]: Unable to open '/usr/local/apache-tomcat-5.5.27/webapps/v5/AEimages/tavistockcc/mcith/mcith_Play with the Pro.jpg' for writing in ()
[2010-10-22 20:22:08] [warn] PHP Warning, Msg: imagejpeg() [<a href='function.imagejpeg'>function.imagejpeg</a>]: Unable to open '/usr/local/apache-tomcat-5.5.27/webapps/v5/AEimages/tavistockcc/mcith/mcith_Play with the Pro1.jpg' for writing in ()
[2010-10-22 20:22:08] [warn] PHP Warning, Msg: imagejpeg() [<a href='function.imagejpeg'>function.imagejpeg</a>]: Unable to open '/usr/local/apache-tomcat-5.5.27/webapps/v5/AEimages/tavistockcc/mcith/mcith_Play with the Pro2.jpg' for writing in ()
[2010-10-22 20:22:08] [warn] PHP Warning, Msg: imagejpeg() [<a href='function.imagejpeg'>function.imagejpeg</a>]: Unable to open '/usr/local/apache-tomcat-5.5.27/webapps/v5/AEimages/tavistockcc/mcith/mcith_Play with the Pro3.jpg' for writing in ()
[2010-10-22 20:22:09] [warn] PHP Warning, Msg: imagejpeg() [<a href='function.imagejpeg'>function.imagejpeg</a>]: Unable to open '/usr/local/apache-tomcat-5.5.27/webapps/v5/AEimages/tavistockcc/mcith/mcith_Play with the Pro4 - Web.jpg' for writing in ()
[2010-10-22 20:22:09] [warn] PHP Warning, Msg: imagejpeg() [<a href='function.imagejpeg'>function.imagejpeg</a>]: Unable to open '/usr/local/apache-tomcat-5.5.27/webapps/v5/AEimages/tavistockcc/mcith/mcith_Web Site Promo.jpg' for writing in ()
[2010-10-22 20:22:09] [warn] PHP Warning, Msg: imagejpeg() [<a href='function.imagejpeg'>function.imagejpeg</a>]: Unable to open '/usr/local/apache-tomcat-5.5.27/webapps/v5/AEimages/tavistockcc/mcith/mcith_Winter_Game_Changer_Flyer_WEB.jpg' for writing in ()
[2010-10-22 20:22:09] [warn] PHP Warning, Msg: imagejpeg() [<a href='function.imagejpeg'>function.imagejpeg</a>]: Unable to open '/usr/local/apache-tomcat-5.5.27/webapps/v5/AEimages/tavistockcc/mcith/mcith_cheese2.jpg' for writing in ()
[2010-10-22 20:22:10] [warn] PHP Warning, Msg: imagegif() [<a href='function.imagegif'>function.imagegif</a>]: Unable to open '/usr/local/apache-tomcat-5.5.27/webapps/v5/AEimages/tavistockcc/mcith/mcith_chris1.gif' for writing in ()
[2010-10-22 20:22:10] [warn] PHP Warning, Msg: imagegif() [<a href='function.imagegif'>function.imagegif</a>]: Unable to open '/usr/local/apache-tomcat-5.5.27/webapps/v5/AEimages/tavistockcc/mcith/mcith_chris2.gif' for writing in ()
[2010-10-22 20:22:10] [warn] PHP Warning, Msg: imagegif() [<a href='function.imagegif'>function.imagegif</a>]: Unable to open '/usr/local/apache-tomcat-5.5.27/webapps/v5/AEimages/tavistockcc/mcith/mcith_foretees.gif' for writing in ()
[2010-10-22 20:22:10] [warn] PHP Warning, Msg: imagegif() [<a href='function.imagegif'>function.imagegif</a>]: Unable to open '/usr/local/apache-tomcat-5.5.27/webapps/v5/AEimages/tavistockcc/mcith/mcith_foretees_logo.gif' for writing in ()
[2010-10-22 20:22:11] [warn] PHP Warning, Msg: imagejpeg() [<a href='function.imagejpeg'>function.imagejpeg</a>]: Unable to open '/usr/local/apache-tomcat-5.5.27/webapps/v5/AEimages/tavistockcc/mcith/mcith_img_0884.jpg' for writing in ()
[2010-10-22 20:22:11] [warn] PHP Warning, Msg: imagejpeg() [<a href='function.imagejpeg'>function.imagejpeg</a>]: Unable to open '/usr/local/apache-tomcat-5.5.27/webapps/v5/AEimages/tavistockcc/mcith/mcith_logo.jpg' for writing in ()
[2010-10-22 20:22:11] [warn] PHP Warning, Msg: imagejpeg() [<a href='function.imagejpeg'>function.imagejpeg</a>]: Unable to open '/usr/local/apache-tomcat-5.5.27/webapps/v5/AEimages/tavistockcc/mcith/mcith_masks.jpg' for writing in ()
[2010-10-22 20:22:56] [warn] PHP Warning, Msg: imagejpeg() [<a href='function.imagejpeg'>function.imagejpeg</a>]: Unable to open '/usr/local/apache-tomcat-5.5.27/webapps/v5/AEimages/tavistockcc/mcith/mcith_2011_Christmas_Poster.jpg' for writing in ()
[2010-10-22 20:22:56] [warn] PHP Warning, Msg: imagejpeg() [<a href='function.imagejpeg'>function.imagejpeg</a>]: Unable to open '/usr/local/apache-tomcat-5.5.27/webapps/v5/AEimages/tavistockcc/mcith/mcith_6masks2.jpg' for writing in ()
[2010-10-22 20:22:57] [warn] PHP Warning, Msg: imagejpeg() [<a href='function.imagejpeg'>function.imagejpeg</a>]: Unable to open '/usr/local/apache-tomcat-5.5.27/webapps/v5/AEimages/tavistockcc/mcith/mcith_Christmas_Flyer.jpg' for writing in ()
[2010-10-22 20:22:57] [warn] PHP Warning, Msg: imagegif() [<a href='function.imagegif'>function.imagegif</a>]: Unable to open '/usr/local/apache-tomcat-5.5.27/webapps/v5/AEimages/tavistockcc/mcith/mcith_PLAY WITH THE PRO.gif' for writing in ()
[2010-10-22 20:22:58] [warn] PHP Warning, Msg: imagegif() [<a href='function.imagegif'>function.imagegif</a>]: Unable to open '/usr/local/apache-tomcat-5.5.27/webapps/v5/AEimages/tavistockcc/mcith/mcith_Picture1.gif' for writing in ()
[2010-10-22 20:22:58] [warn] PHP Warning, Msg: imagejpeg() [<a href='function.imagejpeg'>function.imagejpeg</a>]: Unable to open '/usr/local/apache-tomcat-5.5.27/webapps/v5/AEimages/tavistockcc/mcith/mcith_Play with the Pro.jpg' for writing in ()
[2010-10-22 20:22:58] [warn] PHP Warning, Msg: imagejpeg() [<a href='function.imagejpeg'>function.imagejpeg</a>]: Unable to open '/usr/local/apache-tomcat-5.5.27/webapps/v5/AEimages/tavistockcc/mcith/mcith_Play with the Pro1.jpg' for writing in ()
[2010-10-22 20:23:40] [warn] PHP Warning, Msg: imagejpeg() [<a href='function.imagejpeg'>function.imagejpeg</a>]: Unable to open '/usr/local/apache-tomcat-5.5.27/webapps/v5/AEimages/tavistockcc/mcith/mcith_2011_Christmas_Poster.jpg' for writing in ()
[2010-10-22 20:23:41] [warn] PHP Warning, Msg: imagejpeg() [<a href='function.imagejpeg'>function.imagejpeg</a>]: Unable to open '/usr/local/apache-tomcat-5.5.27/webapps/v5/AEimages/tavistockcc/mcith/mcith_6masks2.jpg' for writing in ()
[2010-10-22 20:23:42] [warn] PHP Warning, Msg: imagejpeg() [<a href='function.imagejpeg'>function.imagejpeg</a>]: Unable to open '/usr/local/apache-tomcat-5.5.27/webapps/v5/AEimages/tavistockcc/mcith/mcith_Christmas_Flyer.jpg' for writing in ()
[2010-10-22 20:23:42] [warn] PHP Warning, Msg: imagegif() [<a href='function.imagegif'>function.imagegif</a>]: Unable to open '/usr/local/apache-tomcat-5.5.27/webapps/v5/AEimages/tavistockcc/mcith/mcith_PLAY WITH THE PRO.gif' for writing in ()
[2010-10-22 20:23:42] [warn] PHP Warning, Msg: imagegif() [<a href='function.imagegif'>function.imagegif</a>]: Unable to open '/usr/local/apache-tomcat-5.5.27/webapps/v5/AEimages/tavistockcc/mcith/mcith_Picture1.gif' for writing in ()
[2010-10-22 20:23:42] [warn] PHP Warning, Msg: imagejpeg() [<a href='function.imagejpeg'>function.imagejpeg</a>]: Unable to open '/usr/local/apache-tomcat-5.5.27/webapps/v5/AEimages/tavistockcc/mcith/mcith_Play with the Pro.jpg' for writing in ()
[2010-10-22 20:26:00] [warn] PHP Warning, Msg: imagejpeg() [<a href='function.imagejpeg'>function.imagejpeg</a>]: Unable to open '/usr/local/apache-tomcat-5.5.27/webapps/v5/AEimages/tavistockcc/mcith/mcith_2011_Christmas_Poster.jpg' for writing in ()
[2010-10-22 20:26:01] [warn] PHP Warning, Msg: imagejpeg() [<a href='function.imagejpeg'>function.imagejpeg</a>]: Unable to open '/usr/local/apache-tomcat-5.5.27/webapps/v5/AEimages/tavistockcc/mcith/mcith_6masks2.jpg' for writing in ()
[2010-10-22 20:26:01] [warn] PHP Warning, Msg: imagejpeg() [<a href='function.imagejpeg'>function.imagejpeg</a>]: Unable to open '/usr/local/apache-tomcat-5.5.27/webapps/v5/AEimages/tavistockcc/mcith/mcith_Christmas_Flyer.jpg' for writing in ()
[2010-10-22 20:26:01] [warn] PHP Warning, Msg: imagegif() [<a href='function.imagegif'>function.imagegif</a>]: Unable to open '/usr/local/apache-tomcat-5.5.27/webapps/v5/AEimages/tavistockcc/mcith/mcith_PLAY WITH THE PRO.gif' for writing in ()
[2010-10-22 20:26:02] [warn] PHP Warning, Msg: imagegif() [<a href='function.imagegif'>function.imagegif</a>]: Unable to open '/usr/local/apache-tomcat-5.5.27/webapps/v5/AEimages/tavistockcc/mcith/mcith_Picture1.gif' for writing in ()
[2010-10-22 20:26:02] [warn] PHP Warning, Msg: imagejpeg() [<a href='function.imagejpeg'>function.imagejpeg</a>]: Unable to open '/usr/local/apache-tomcat-5.5.27/webapps/v5/AEimages/tavistockcc/mcith/mcith_Play with the Pro.jpg' for writing in ()
[2010-10-22 20:26:02] [warn] PHP Warning, Msg: imagejpeg() [<a href='function.imagejpeg'>function.imagejpeg</a>]: Unable to open '/usr/local/apache-tomcat-5.5.27/webapps/v5/AEimages/tavistockcc/mcith/mcith_Play with the Pro1.jpg' for writing in ()
[2010-10-22 20:26:03] [warn] PHP Warning, Msg: imagejpeg() [<a href='function.imagejpeg'>function.imagejpeg</a>]: Unable to open '/usr/local/apache-tomcat-5.5.27/webapps/v5/AEimages/tavistockcc/mcith/mcith_Play with the Pro2.jpg' for writing in ()
[2010-10-22 20:26:03] [warn] PHP Warning, Msg: imagejpeg() [<a href='function.imagejpeg'>function.imagejpeg</a>]: Unable to open '/usr/local/apache-tomcat-5.5.27/webapps/v5/AEimages/tavistockcc/mcith/mcith_Play with the Pro3.jpg' for writing in ()
[2010-10-22 20:26:03] [warn] PHP Warning, Msg: imagejpeg() [<a href='function.imagejpeg'>function.imagejpeg</a>]: Unable to open '/usr/local/apache-tomcat-5.5.27/webapps/v5/AEimages/tavistockcc/mcith/mcith_Play with the Pro4 - Web.jpg' for writing in ()
[2010-10-22 20:26:04] [warn] PHP Warning, Msg: imagejpeg() [<a href='function.imagejpeg'>function.imagejpeg</a>]: Unable to open '/usr/local/apache-tomcat-5.5.27/webapps/v5/AEimages/tavistockcc/mcith/mcith_Web Site Promo.jpg' for writing in ()
[2010-10-22 20:26:04] [warn] PHP Warning, Msg: imagejpeg() [<a href='function.imagejpeg'>function.imagejpeg</a>]: Unable to open '/usr/local/apache-tomcat-5.5.27/webapps/v5/AEimages/tavistockcc/mcith/mcith_Winter_Game_Changer_Flyer_WEB.jpg' for writing in ()
[2010-10-22 20:26:04] [warn] PHP Warning, Msg: imagejpeg() [<a href='function.imagejpeg'>function.imagejpeg</a>]: Unable to open '/usr/local/apache-tomcat-5.5.27/webapps/v5/AEimages/tavistockcc/mcith/mcith_cheese2.jpg' for writing in ()
[2010-10-22 20:26:04] [warn] PHP Warning, Msg: imagegif() [<a href='function.imagegif'>function.imagegif</a>]: Unable to open '/usr/local/apache-tomcat-5.5.27/webapps/v5/AEimages/tavistockcc/mcith/mcith_chris1.gif' for writing in ()
[2010-10-22 20:26:05] [warn] PHP Warning, Msg: imagegif() [<a href='function.imagegif'>function.imagegif</a>]: Unable to open '/usr/local/apache-tomcat-5.5.27/webapps/v5/AEimages/tavistockcc/mcith/mcith_chris2.gif' for writing in ()
[2010-10-22 20:26:05] [warn] PHP Warning, Msg: imagegif() [<a href='function.imagegif'>function.imagegif</a>]: Unable to open '/usr/local/apache-tomcat-5.5.27/webapps/v5/AEimages/tavistockcc/mcith/mcith_foretees.gif' for writing in ()
[2010-10-22 20:26:05] [warn] PHP Warning, Msg: imagegif() [<a href='function.imagegif'>function.imagegif</a>]: Unable to open '/usr/local/apache-tomcat-5.5.27/webapps/v5/AEimages/tavistockcc/mcith/mcith_foretees_logo.gif' for writing in ()
[2010-10-22 20:26:05] [warn] PHP Warning, Msg: imagejpeg() [<a href='function.imagejpeg'>function.imagejpeg</a>]: Unable to open '/usr/local/apache-tomcat-5.5.27/webapps/v5/AEimages/tavistockcc/mcith/mcith_img_0884.jpg' for writing in ()
[2010-10-22 20:26:05] [warn] PHP Warning, Msg: imagejpeg() [<a href='function.imagejpeg'>function.imagejpeg</a>]: Unable to open '/usr/local/apache-tomcat-5.5.27/webapps/v5/AEimages/tavistockcc/mcith/mcith_logo.jpg' for writing in ()
[2010-10-22 20:26:05] [warn] PHP Warning, Msg: imagejpeg() [<a href='function.imagejpeg'>function.imagejpeg</a>]: Unable to open '/usr/local/apache-tomcat-5.5.27/webapps/v5/AEimages/tavistockcc/mcith/mcith_masks.jpg' for writing in ()
[2010-10-22 20:26:06] [warn] PHP Warning, Msg: imagejpeg() [<a href='function.imagejpeg'>function.imagejpeg</a>]: Unable to open '/usr/local/apache-tomcat-5.5.27/webapps/v5/AEimages/tavistockcc/mcith/mcith_masks2.jpg' for writing in ()
[2010-10-22 20:26:06] [warn] PHP Warning, Msg: imagejpeg() [<a href='function.imagejpeg'>function.imagejpeg</a>]: Unable to open '/usr/local/apache-tomcat-5.5.27/webapps/v5/AEimages/tavistockcc/mcith/mcith_newlogo16.jpg' for writing in ()
[2010-10-22 20:26:06] [warn] PHP Warning, Msg: imagejpeg() [<a href='function.imagejpeg'>function.imagejpeg</a>]: Unable to open '/usr/local/apache-tomcat-5.5.27/webapps/v5/AEimages/tavistockcc/mcith/mcith_q-home.jpg' for writing in ()
[2010-10-22 20:26:07] [warn] PHP Warning, Msg: imagejpeg() [<a href='function.imagejpeg'>function.imagejpeg</a>]: Unable to open '/usr/local/apache-tomcat-5.5.27/webapps/v5/AEimages/tavistockcc/mcith/mcith_rick.jpg' for writing in ()
[2010-10-22 20:26:07] [warn] PHP Warning, Msg: imagejpeg() [<a href='function.imagejpeg'>function.imagejpeg</a>]: Unable to open '/usr/local/apache-tomcat-5.5.27/webapps/v5/AEimages/tavistockcc/mcith/mcith_rick2.jpg' for writing in ()
[2010-10-22 20:27:16] [warn] PHP Warning, Msg: imagejpeg() [<a href='function.imagejpeg'>function.imagejpeg</a>]: Unable to open '/usr/local/apache-tomcat-5.5.27/webapps/v5/AEimages/tavistockcc/mcith/mcith_2011_Christmas_Poster.jpg' for writing in ()
[2010-10-22 20:27:16] [warn] PHP Warning, Msg: imagejpeg() [<a href='function.imagejpeg'>function.imagejpeg</a>]: Unable to open '/usr/local/apache-tomcat-5.5.27/webapps/v5/AEimages/tavistockcc/mcith/mcith_6masks2.jpg' for writing in ()
[2010-10-22 20:27:17] [warn] PHP Warning, Msg: imagejpeg() [<a href='function.imagejpeg'>function.imagejpeg</a>]: Unable to open '/usr/local/apache-tomcat-5.5.27/webapps/v5/AEimages/tavistockcc/mcith/mcith_Christmas_Flyer.jpg' for writing in ()
[2010-10-22 20:27:17] [warn] PHP Warning, Msg: imagegif() [<a href='function.imagegif'>function.imagegif</a>]: Unable to open '/usr/local/apache-tomcat-5.5.27/webapps/v5/AEimages/tavistockcc/mcith/mcith_PLAY WITH THE PRO.gif' for writing in ()
[2010-10-22 20:27:18] [warn] PHP Warning, Msg: imagegif() [<a href='function.imagegif'>function.imagegif</a>]: Unable to open '/usr/local/apache-tomcat-5.5.27/webapps/v5/AEimages/tavistockcc/mcith/mcith_Picture1.gif' for writing in ()
[2010-10-22 20:27:18] [warn] PHP Warning, Msg: imagejpeg() [<a href='function.imagejpeg'>function.imagejpeg</a>]: Unable to open '/usr/local/apache-tomcat-5.5.27/webapps/v5/AEimages/tavistockcc/mcith/mcith_Play with the Pro.jpg' for writing in ()
[2010-10-22 20:27:18] [warn] PHP Warning, Msg: imagejpeg() [<a href='function.imagejpeg'>function.imagejpeg</a>]: Unable to open '/usr/local/apache-tomcat-5.5.27/webapps/v5/AEimages/tavistockcc/mcith/mcith_Play with the Pro1.jpg' for writing in ()
[2010-10-22 20:27:19] [warn] PHP Warning, Msg: imagejpeg() [<a href='function.imagejpeg'>function.imagejpeg</a>]: Unable to open '/usr/local/apache-tomcat-5.5.27/webapps/v5/AEimages/tavistockcc/mcith/mcith_Play with the Pro2.jpg' for writing in ()
[2010-10-22 20:27:19] [warn] PHP Warning, Msg: imagejpeg() [<a href='function.imagejpeg'>function.imagejpeg</a>]: Unable to open '/usr/local/apache-tomcat-5.5.27/webapps/v5/AEimages/tavistockcc/mcith/mcith_Play with the Pro3.jpg' for writing in ()
[2010-10-22 20:27:19] [warn] PHP Warning, Msg: imagejpeg() [<a href='function.imagejpeg'>function.imagejpeg</a>]: Unable to open '/usr/local/apache-tomcat-5.5.27/webapps/v5/AEimages/tavistockcc/mcith/mcith_Play with the Pro4 - Web.jpg' for writing in ()
[2010-10-22 20:27:20] [warn] PHP Warning, Msg: imagejpeg() [<a href='function.imagejpeg'>function.imagejpeg</a>]: Unable to open '/usr/local/apache-tomcat-5.5.27/webapps/v5/AEimages/tavistockcc/mcith/mcith_Web Site Promo.jpg' for writing in ()
[2010-10-22 20:27:20] [warn] PHP Warning, Msg: imagejpeg() [<a href='function.imagejpeg'>function.imagejpeg</a>]: Unable to open '/usr/local/apache-tomcat-5.5.27/webapps/v5/AEimages/tavistockcc/mcith/mcith_Winter_Game_Changer_Flyer_WEB.jpg' for writing in ()
[2010-10-22 20:27:20] [warn] PHP Warning, Msg: imagejpeg() [<a href='function.imagejpeg'>function.imagejpeg</a>]: Unable to open '/usr/local/apache-tomcat-5.5.27/webapps/v5/AEimages/tavistockcc/mcith/mcith_cheese2.jpg' for writing in ()
[2010-10-22 20:27:21] [warn] PHP Warning, Msg: imagegif() [<a href='function.imagegif'>function.imagegif</a>]: Unable to open '/usr/local/apache-tomcat-5.5.27/webapps/v5/AEimages/tavistockcc/mcith/mcith_chris1.gif' for writing in ()
[2010-10-22 20:27:21] [warn] PHP Warning, Msg: imagegif() [<a href='function.imagegif'>function.imagegif</a>]: Unable to open '/usr/local/apache-tomcat-5.5.27/webapps/v5/AEimages/tavistockcc/mcith/mcith_chris2.gif' for writing in ()
[2010-10-22 20:27:21] [warn] PHP Warning, Msg: imagegif() [<a href='function.imagegif'>function.imagegif</a>]: Unable to open '/usr/local/apache-tomcat-5.5.27/webapps/v5/AEimages/tavistockcc/mcith/mcith_foretees.gif' for writing in ()
[2010-10-22 20:27:21] [warn] PHP Warning, Msg: imagegif() [<a href='function.imagegif'>function.imagegif</a>]: Unable to open '/usr/local/apache-tomcat-5.5.27/webapps/v5/AEimages/tavistockcc/mcith/mcith_foretees_logo.gif' for writing in ()
[2010-10-22 20:27:21] [warn] PHP Warning, Msg: imagejpeg() [<a href='function.imagejpeg'>function.imagejpeg</a>]: Unable to open '/usr/local/apache-tomcat-5.5.27/webapps/v5/AEimages/tavistockcc/mcith/mcith_img_0884.jpg' for writing in ()
[2010-10-22 20:27:21] [warn] PHP Warning, Msg: imagejpeg() [<a href='function.imagejpeg'>function.imagejpeg</a>]: Unable to open '/usr/local/apache-tomcat-5.5.27/webapps/v5/AEimages/tavistockcc/mcith/mcith_logo.jpg' for writing in ()
[2010-10-22 20:27:22] [warn] PHP Warning, Msg: imagejpeg() [<a href='function.imagejpeg'>function.imagejpeg</a>]: Unable to open '/usr/local/apache-tomcat-5.5.27/webapps/v5/AEimages/tavistockcc/mcith/mcith_masks.jpg' for writing in ()
[2010-10-22 20:27:22] [warn] PHP Warning, Msg: imagejpeg() [<a href='function.imagejpeg'>function.imagejpeg</a>]: Unable to open '/usr/local/apache-tomcat-5.5.27/webapps/v5/AEimages/tavistockcc/mcith/mcith_masks2.jpg' for writing in ()
[2010-10-22 20:27:22] [warn] PHP Warning, Msg: imagejpeg() [<a href='function.imagejpeg'>function.imagejpeg</a>]: Unable to open '/usr/local/apache-tomcat-5.5.27/webapps/v5/AEimages/tavistockcc/mcith/mcith_newlogo16.jpg' for writing in ()
[2010-10-22 20:27:22] [warn] PHP Warning, Msg: imagejpeg() [<a href='function.imagejpeg'>function.imagejpeg</a>]: Unable to open '/usr/local/apache-tomcat-5.5.27/webapps/v5/AEimages/tavistockcc/mcith/mcith_q-home.jpg' for writing in ()
[2010-10-22 20:27:23] [warn] PHP Warning, Msg: imagejpeg() [<a href='function.imagejpeg'>function.imagejpeg</a>]: Unable to open '/usr/local/apache-tomcat-5.5.27/webapps/v5/AEimages/tavistockcc/mcith/mcith_rick.jpg' for writing in ()
[2010-10-22 20:27:23] [warn] PHP Warning, Msg: imagejpeg() [<a href='function.imagejpeg'>function.imagejpeg</a>]: Unable to open '/usr/local/apache-tomcat-5.5.27/webapps/v5/AEimages/tavistockcc/mcith/mcith_rick2.jpg' for writing in ()
[2010-10-22 20:27:36] [warn] PHP Warning, Msg: imagejpeg() [<a href='function.imagejpeg'>function.imagejpeg</a>]: Unable to open '/usr/local/apache-tomcat-5.5.27/webapps/v5/AEimages/tavistockcc/mcith/mcith_Winter_Game_Changer_Flyer_WEB2.jpg' for writing in ()
[2010-10-22 20:27:37] [warn] PHP Warning, Msg: imagejpeg() [<a href='function.imagejpeg'>function.imagejpeg</a>]: Unable to open '/usr/local/apache-tomcat-5.5.27/webapps/v5/AEimages/tavistockcc/mcith/mcith_2011_Christmas_Poster.jpg' for writing in ()
[2010-10-22 20:27:37] [warn] PHP Warning, Msg: imagejpeg() [<a href='function.imagejpeg'>function.imagejpeg</a>]: Unable to open '/usr/local/apache-tomcat-5.5.27/webapps/v5/AEimages/tavistockcc/mcith/mcith_6masks2.jpg' for writing in ()
[2010-10-22 20:27:38] [warn] PHP Warning, Msg: imagejpeg() [<a href='function.imagejpeg'>function.imagejpeg</a>]: Unable to open '/usr/local/apache-tomcat-5.5.27/webapps/v5/AEimages/tavistockcc/mcith/mcith_Christmas_Flyer.jpg' for writing in ()
[2010-10-22 20:27:38] [warn] PHP Warning, Msg: imagegif() [<a href='function.imagegif'>function.imagegif</a>]: Unable to open '/usr/local/apache-tomcat-5.5.27/webapps/v5/AEimages/tavistockcc/mcith/mcith_PLAY WITH THE PRO.gif' for writing in ()
[2010-10-22 20:27:39] [warn] PHP Warning, Msg: imagegif() [<a href='function.imagegif'>function.imagegif</a>]: Unable to open '/usr/local/apache-tomcat-5.5.27/webapps/v5/AEimages/tavistockcc/mcith/mcith_Picture1.gif' for writing in ()
[2010-10-22 20:27:39] [warn] PHP Warning, Msg: imagejpeg() [<a href='function.imagejpeg'>function.imagejpeg</a>]: Unable to open '/usr/local/apache-tomcat-5.5.27/webapps/v5/AEimages/tavistockcc/mcith/mcith_Play with the Pro.jpg' for writing in ()
[2010-10-22 20:27:39] [warn] PHP Warning, Msg: imagejpeg() [<a href='function.imagejpeg'>function.imagejpeg</a>]: Unable to open '/usr/local/apache-tomcat-5.5.27/webapps/v5/AEimages/tavistockcc/mcith/mcith_Play with the Pro1.jpg' for writing in ()
[2010-10-22 20:27:40] [warn] PHP Warning, Msg: imagejpeg() [<a href='function.imagejpeg'>function.imagejpeg</a>]: Unable to open '/usr/local/apache-tomcat-5.5.27/webapps/v5/AEimages/tavistockcc/mcith/mcith_Play with the Pro2.jpg' for writing in ()
[2010-10-22 20:27:40] [warn] PHP Warning, Msg: imagejpeg() [<a href='function.imagejpeg'>function.imagejpeg</a>]: Unable to open '/usr/local/apache-tomcat-5.5.27/webapps/v5/AEimages/tavistockcc/mcith/mcith_Play with the Pro3.jpg' for writing in ()
[2010-10-22 20:27:40] [warn] PHP Warning, Msg: imagejpeg() [<a href='function.imagejpeg'>function.imagejpeg</a>]: Unable to open '/usr/local/apache-tomcat-5.5.27/webapps/v5/AEimages/tavistockcc/mcith/mcith_Play with the Pro4 - Web.jpg' for writing in ()
[2010-10-22 20:27:41] [warn] PHP Warning, Msg: imagejpeg() [<a href='function.imagejpeg'>function.imagejpeg</a>]: Unable to open '/usr/local/apache-tomcat-5.5.27/webapps/v5/AEimages/tavistockcc/mcith/mcith_Web Site Promo.jpg' for writing in ()
[2010-10-22 20:27:41] [warn] PHP Warning, Msg: imagejpeg() [<a href='function.imagejpeg'>function.imagejpeg</a>]: Unable to open '/usr/local/apache-tomcat-5.5.27/webapps/v5/AEimages/tavistockcc/mcith/mcith_Winter_Game_Changer_Flyer_WEB.jpg' for writing in ()
[2010-10-22 20:27:41] [warn] PHP Warning, Msg: imagejpeg() [<a href='function.imagejpeg'>function.imagejpeg</a>]: Unable to open '/usr/local/apache-tomcat-5.5.27/webapps/v5/AEimages/tavistockcc/mcith/mcith_Winter_Game_Changer_Flyer_WEB2.jpg' for writing in ()
[2010-10-22 20:27:42] [warn] PHP Warning, Msg: imagejpeg() [<a href='function.imagejpeg'>function.imagejpeg</a>]: Unable to open '/usr/local/apache-tomcat-5.5.27/webapps/v5/AEimages/tavistockcc/mcith/mcith_cheese2.jpg' for writing in ()
[2010-10-22 20:27:42] [warn] PHP Warning, Msg: imagegif() [<a href='function.imagegif'>function.imagegif</a>]: Unable to open '/usr/local/apache-tomcat-5.5.27/webapps/v5/AEimages/tavistockcc/mcith/mcith_chris1.gif' for writing in ()
[2010-10-22 20:27:42] [warn] PHP Warning, Msg: imagegif() [<a href='function.imagegif'>function.imagegif</a>]: Unable to open '/usr/local/apache-tomcat-5.5.27/webapps/v5/AEimages/tavistockcc/mcith/mcith_chris2.gif' for writing in ()
[2010-10-22 20:27:42] [warn] PHP Warning, Msg: imagegif() [<a href='function.imagegif'>function.imagegif</a>]: Unable to open '/usr/local/apache-tomcat-5.5.27/webapps/v5/AEimages/tavistockcc/mcith/mcith_foretees.gif' for writing in ()
[2010-10-22 20:27:42] [warn] PHP Warning, Msg: imagegif() [<a href='function.imagegif'>function.imagegif</a>]: Unable to open '/usr/local/apache-tomcat-5.5.27/webapps/v5/AEimages/tavistockcc/mcith/mcith_foretees_logo.gif' for writing in ()
[2010-10-22 20:27:43] [warn] PHP Warning, Msg: imagejpeg() [<a href='function.imagejpeg'>function.imagejpeg</a>]: Unable to open '/usr/local/apache-tomcat-5.5.27/webapps/v5/AEimages/tavistockcc/mcith/mcith_img_0884.jpg' for writing in ()
[2010-10-22 20:27:43] [warn] PHP Warning, Msg: imagejpeg() [<a href='function.imagejpeg'>function.imagejpeg</a>]: Unable to open '/usr/local/apache-tomcat-5.5.27/webapps/v5/AEimages/tavistockcc/mcith/mcith_logo.jpg' for writing in ()
[2010-10-22 20:27:43] [warn] PHP Warning, Msg: imagejpeg() [<a href='function.imagejpeg'>function.imagejpeg</a>]: Unable to open '/usr/local/apache-tomcat-5.5.27/webapps/v5/AEimages/tavistockcc/mcith/mcith_masks.jpg' for writing in ()
[2010-10-22 20:27:43] [warn] PHP Warning, Msg: imagejpeg() [<a href='function.imagejpeg'>function.imagejpeg</a>]: Unable to open '/usr/local/apache-tomcat-5.5.27/webapps/v5/AEimages/tavistockcc/mcith/mcith_masks2.jpg' for writing in ()
[2010-10-22 20:27:44] [warn] PHP Warning, Msg: imagejpeg() [<a href='function.imagejpeg'>function.imagejpeg</a>]: Unable to open '/usr/local/apache-tomcat-5.5.27/webapps/v5/AEimages/tavistockcc/mcith/mcith_newlogo16.jpg' for writing in ()
[2010-10-22 20:27:44] [warn] PHP Warning, Msg: imagejpeg() [<a href='function.imagejpeg'>function.imagejpeg</a>]: Unable to open '/usr/local/apache-tomcat-5.5.27/webapps/v5/AEimages/tavistockcc/mcith/mcith_q-home.jpg' for writing in ()
[2010-10-22 20:27:44] [warn] PHP Warning, Msg: imagejpeg() [<a href='function.imagejpeg'>function.imagejpeg</a>]: Unable to open '/usr/local/apache-tomcat-5.5.27/webapps/v5/AEimages/tavistockcc/mcith/mcith_rick.jpg' for writing in ()
[2010-10-22 20:32:05] [warn] PHP Warning, Msg: imagejpeg() [<a href='function.imagejpeg'>function.imagejpeg</a>]: Unable to open '/usr/local/apache-tomcat-5.5.27/webapps/v5/AEimages/tavistockcc/mcith/mcith_2011_Christmas_Poster.jpg' for writing in ()
[2010-10-22 20:32:05] [warn] PHP Warning, Msg: imagejpeg() [<a href='function.imagejpeg'>function.imagejpeg</a>]: Unable to open '/usr/local/apache-tomcat-5.5.27/webapps/v5/AEimages/tavistockcc/mcith/mcith_6masks2.jpg' for writing in ()
[2010-10-22 20:32:06] [warn] PHP Warning, Msg: imagejpeg() [<a href='function.imagejpeg'>function.imagejpeg</a>]: Unable to open '/usr/local/apache-tomcat-5.5.27/webapps/v5/AEimages/tavistockcc/mcith/mcith_Christmas_Flyer.jpg' for writing in ()
[2010-10-22 20:32:06] [warn] PHP Warning, Msg: imagegif() [<a href='function.imagegif'>function.imagegif</a>]: Unable to open '/usr/local/apache-tomcat-5.5.27/webapps/v5/AEimages/tavistockcc/mcith/mcith_PLAY WITH THE PRO.gif' for writing in ()
[2010-10-22 20:32:06] [warn] PHP Warning, Msg: imagegif() [<a href='function.imagegif'>function.imagegif</a>]: Unable to open '/usr/local/apache-tomcat-5.5.27/webapps/v5/AEimages/tavistockcc/mcith/mcith_Picture1.gif' for writing in ()
[2010-10-22 20:32:07] [warn] PHP Warning, Msg: imagejpeg() [<a href='function.imagejpeg'>function.imagejpeg</a>]: Unable to open '/usr/local/apache-tomcat-5.5.27/webapps/v5/AEimages/tavistockcc/mcith/mcith_Play with the Pro.jpg' for writing in ()
[2010-10-22 20:32:07] [warn] PHP Warning, Msg: imagejpeg() [<a href='function.imagejpeg'>function.imagejpeg</a>]: Unable to open '/usr/local/apache-tomcat-5.5.27/webapps/v5/AEimages/tavistockcc/mcith/mcith_Play with the Pro1.jpg' for writing in ()
[2010-10-22 20:32:07] [warn] PHP Warning, Msg: imagejpeg() [<a href='function.imagejpeg'>function.imagejpeg</a>]: Unable to open '/usr/local/apache-tomcat-5.5.27/webapps/v5/AEimages/tavistockcc/mcith/mcith_Play with the Pro2.jpg' for writing in ()
[2010-10-22 20:32:08] [warn] PHP Warning, Msg: imagejpeg() [<a href='function.imagejpeg'>function.imagejpeg</a>]: Unable to open '/usr/local/apache-tomcat-5.5.27/webapps/v5/AEimages/tavistockcc/mcith/mcith_Play with the Pro3.jpg' for writing in ()
[2010-10-22 20:32:08] [warn] PHP Warning, Msg: imagejpeg() [<a href='function.imagejpeg'>function.imagejpeg</a>]: Unable to open '/usr/local/apache-tomcat-5.5.27/webapps/v5/AEimages/tavistockcc/mcith/mcith_Play with the Pro4 - Web.jpg' for writing in ()
[2010-10-22 20:32:08] [warn] PHP Warning, Msg: imagejpeg() [<a href='function.imagejpeg'>function.imagejpeg</a>]: Unable to open '/usr/local/apache-tomcat-5.5.27/webapps/v5/AEimages/tavistockcc/mcith/mcith_Web Site Promo.jpg' for writing in ()
[2010-10-22 20:32:09] [warn] PHP Warning, Msg: imagejpeg() [<a href='function.imagejpeg'>function.imagejpeg</a>]: Unable to open '/usr/local/apache-tomcat-5.5.27/webapps/v5/AEimages/tavistockcc/mcith/mcith_Winter_Game_Changer_Flyer_WEB.jpg' for writing in ()
[2010-10-22 20:32:09] [warn] PHP Warning, Msg: imagejpeg() [<a href='function.imagejpeg'>function.imagejpeg</a>]: Unable to open '/usr/local/apache-tomcat-5.5.27/webapps/v5/AEimages/tavistockcc/mcith/mcith_Winter_Game_Changer_Flyer_WEB2.jpg' for writing in ()
[2010-10-22 20:32:09] [warn] PHP Warning, Msg: imagejpeg() [<a href='function.imagejpeg'>function.imagejpeg</a>]: Unable to open '/usr/local/apache-tomcat-5.5.27/webapps/v5/AEimages/tavistockcc/mcith/mcith_cheese2.jpg' for writing in ()
[2010-10-22 20:32:09] [warn] PHP Warning, Msg: imagegif() [<a href='function.imagegif'>function.imagegif</a>]: Unable to open '/usr/local/apache-tomcat-5.5.27/webapps/v5/AEimages/tavistockcc/mcith/mcith_chris1.gif' for writing in ()
[2010-10-22 20:32:09] [warn] PHP Warning, Msg: imagegif() [<a href='function.imagegif'>function.imagegif</a>]: Unable to open '/usr/local/apache-tomcat-5.5.27/webapps/v5/AEimages/tavistockcc/mcith/mcith_chris2.gif' for writing in ()
[2010-10-22 20:32:10] [warn] PHP Warning, Msg: imagegif() [<a href='function.imagegif'>function.imagegif</a>]: Unable to open '/usr/local/apache-tomcat-5.5.27/webapps/v5/AEimages/tavistockcc/mcith/mcith_foretees.gif' for writing in ()
[2010-10-22 20:32:10] [warn] PHP Warning, Msg: imagegif() [<a href='function.imagegif'>function.imagegif</a>]: Unable to open '/usr/local/apache-tomcat-5.5.27/webapps/v5/AEimages/tavistockcc/mcith/mcith_foretees_logo.gif' for writing in ()
[2010-10-22 20:32:10] [warn] PHP Warning, Msg: imagejpeg() [<a href='function.imagejpeg'>function.imagejpeg</a>]: Unable to open '/usr/local/apache-tomcat-5.5.27/webapps/v5/AEimages/tavistockcc/mcith/mcith_img_0884.jpg' for writing in ()
[2010-10-22 20:32:10] [warn] PHP Warning, Msg: imagejpeg() [<a href='function.imagejpeg'>function.imagejpeg</a>]: Unable to open '/usr/local/apache-tomcat-5.5.27/webapps/v5/AEimages/tavistockcc/mcith/mcith_logo.jpg' for writing in ()
[2010-10-22 20:32:10] [warn] PHP Warning, Msg: imagejpeg() [<a href='function.imagejpeg'>function.imagejpeg</a>]: Unable to open '/usr/local/apache-tomcat-5.5.27/webapps/v5/AEimages/tavistockcc/mcith/mcith_masks.jpg' for writing in ()
[2010-10-26 19:29:11] [warn] PHP Warning, Msg: mkdir() [<a href='function.mkdir'>function.mkdir</a>]: No such file or directory in ()
[2010-10-26 19:29:11] [warn] PHP Warning, Msg: mkdir() [<a href='function.mkdir'>function.mkdir</a>]: No such file or directory in ()
[2010-10-26 19:29:11] [warn] PHP Warning, Msg: mkdir() [<a href='function.mkdir'>function.mkdir</a>]: No such file or directory in ()
[2010-10-26 19:29:44] [warn] PHP Warning, Msg: mkdir() [<a href='function.mkdir'>function.mkdir</a>]: No such file or directory in ()
[2010-10-26 19:30:06] [warn] PHP Warning, Msg: mkdir() [<a href='function.mkdir'>function.mkdir</a>]: No such file or directory in ()
[2010-10-26 19:30:06] [warn] PHP Warning, Msg: mkdir() [<a href='function.mkdir'>function.mkdir</a>]: No such file or directory in ()
[2010-10-26 19:30:06] [warn] PHP Warning, Msg: mkdir() [<a href='function.mkdir'>function.mkdir</a>]: No such file or directory in ()
[2010-10-26 19:32:16] [warn] PHP Warning, Msg: mkdir() [<a href='function.mkdir'>function.mkdir</a>]: No such file or directory in ()
[2010-10-26 19:32:16] [warn] PHP Warning, Msg: mkdir() [<a href='function.mkdir'>function.mkdir</a>]: No such file or directory in ()
[2010-10-26 19:32:16] [warn] PHP Warning, Msg: mkdir() [<a href='function.mkdir'>function.mkdir</a>]: No such file or directory in ()
[2010-10-26 19:45:53] [warn] PHP Warning, Msg: getimagesize(/usr/local/apache-tomcat-6.0.29/webapps/v5/AEimages/demov4/Clbhse_from_10_grn.jpg) [<a href='function.getimagesize'>function.getimagesize</a>]: failed to open stream: No such file or directory in ()
[2011-06-03 17:50:04] [warn] PHP Warning, Msg: mkdir() [<a href='function.mkdir'>function.mkdir</a>]: Permission denied in ()
[2011-06-03 17:50:04] [warn] PHP Warning, Msg: chmod() [<a href='function.chmod'>function.chmod</a>]: No such file or directory in ()
[2011-06-03 17:50:04] [warn] PHP Warning, Msg: imagegif() [<a href='function.imagegif'>function.imagegif</a>]: Unable to open '/usr/local/apache-tomcat-6.0.29/webapps/v5/AEimages/racebrook/mcith/mcith_foretees.gif' for writing in ()
[2011-06-03 17:50:04] [warn] PHP Warning, Msg: mkdir() [<a href='function.mkdir'>function.mkdir</a>]: Permission denied in ()
[2011-06-03 17:50:04] [warn] PHP Warning, Msg: chmod() [<a href='function.chmod'>function.chmod</a>]: No such file or directory in ()
[2011-06-03 17:50:04] [warn] PHP Warning, Msg: imagegif() [<a href='function.imagegif'>function.imagegif</a>]: Unable to open '/usr/local/apache-tomcat-6.0.29/webapps/v5/AEimages/racebrook/mcith/mcith_foretees_logo.gif' for writing in ()
[2011-06-03 17:53:07] [warn] PHP Warning, Msg: mkdir() [<a href='function.mkdir'>function.mkdir</a>]: Permission denied in ()
[2011-06-03 17:53:07] [warn] PHP Warning, Msg: chmod() [<a href='function.chmod'>function.chmod</a>]: No such file or directory in ()
[2011-06-03 17:53:07] [warn] PHP Warning, Msg: imagegif() [<a href='function.imagegif'>function.imagegif</a>]: Unable to open '/usr/local/apache-tomcat-6.0.29/webapps/v5/AEimages/racebrook/mcith/mcith_foretees.gif' for writing in ()
[2011-06-03 17:53:07] [warn] PHP Warning, Msg: mkdir() [<a href='function.mkdir'>function.mkdir</a>]: Permission denied in ()
[2011-06-03 17:53:07] [warn] PHP Warning, Msg: chmod() [<a href='function.chmod'>function.chmod</a>]: No such file or directory in ()
[2011-06-03 17:53:07] [warn] PHP Warning, Msg: imagegif() [<a href='function.imagegif'>function.imagegif</a>]: Unable to open '/usr/local/apache-tomcat-6.0.29/webapps/v5/AEimages/racebrook/mcith/mcith_foretees_logo.gif' for writing in ()
[2011-06-14 02:52:36] [warn] PHP Warning, Msg: mkdir() [<a href='function.mkdir'>function.mkdir</a>]: Permission denied in ()
[2011-06-14 02:52:36] [warn] PHP Warning, Msg: chmod() [<a href='function.chmod'>function.chmod</a>]: No such file or directory in ()
[2011-06-14 02:52:36] [warn] PHP Warning, Msg: imagegif() [<a href='function.imagegif'>function.imagegif</a>]: Unable to open '/usr/local/apache-tomcat-6.0.29/webapps/v5/AEimages/olyclub/mcith/mcith_foretees_logo.gif' for writing in ()
[2011-06-14 02:52:36] [warn] PHP Warning, Msg: mkdir() [<a href='function.mkdir'>function.mkdir</a>]: Permission denied in ()
[2011-06-14 02:52:36] [warn] PHP Warning, Msg: chmod() [<a href='function.chmod'>function.chmod</a>]: No such file or directory in ()
[2011-06-14 02:52:36] [warn] PHP Warning, Msg: imagejpeg() [<a href='function.imagejpeg'>function.imagejpeg</a>]: Unable to open '/usr/local/apache-tomcat-6.0.29/webapps/v5/AEimages/olyclub/mcith/mcith_logo.jpg' for writing in ()
[2011-06-14 02:52:36] [warn] PHP Warning, Msg: mkdir() [<a href='function.mkdir'>function.mkdir</a>]: Permission denied in ()
[2011-06-14 02:52:36] [warn] PHP Warning, Msg: chmod() [<a href='function.chmod'>function.chmod</a>]: No such file or directory in ()
[2011-06-14 02:52:36] [warn] PHP Warning, Msg: imagegif() [<a href='function.imagegif'>function.imagegif</a>]: Unable to open '/usr/local/apache-tomcat-6.0.29/webapps/v5/AEimages/olyclub/mcith/mcith_foretees.gif' for writing in ()
[2011-06-14 02:52:55] [warn] PHP Warning, Msg: mkdir() [<a href='function.mkdir'>function.mkdir</a>]: Permission denied in ()
[2011-06-14 02:52:55] [warn] PHP Warning, Msg: chmod() [<a href='function.chmod'>function.chmod</a>]: No such file or directory in ()
[2011-06-14 02:52:55] [warn] PHP Warning, Msg: imagegif() [<a href='function.imagegif'>function.imagegif</a>]: Unable to open '/usr/local/apache-tomcat-6.0.29/webapps/v5/AEimages/olyclub/mcith/mcith_foretees.gif' for writing in ()
[2011-06-14 02:52:55] [warn] PHP Warning, Msg: mkdir() [<a href='function.mkdir'>function.mkdir</a>]: Permission denied in ()
[2011-06-14 02:52:55] [warn] PHP Warning, Msg: chmod() [<a href='function.chmod'>function.chmod</a>]: No such file or directory in ()
[2011-06-14 02:52:55] [warn] PHP Warning, Msg: imagegif() [<a href='function.imagegif'>function.imagegif</a>]: Unable to open '/usr/local/apache-tomcat-6.0.29/webapps/v5/AEimages/olyclub/mcith/mcith_foretees_logo.gif' for writing in ()
[2011-06-14 02:52:55] [warn] PHP Warning, Msg: mkdir() [<a href='function.mkdir'>function.mkdir</a>]: Permission denied in ()
[2011-06-14 02:52:55] [warn] PHP Warning, Msg: chmod() [<a href='function.chmod'>function.chmod</a>]: No such file or directory in ()
[2011-06-14 02:52:55] [warn] PHP Warning, Msg: imagejpeg() [<a href='function.imagejpeg'>function.imagejpeg</a>]: Unable to open '/usr/local/apache-tomcat-6.0.29/webapps/v5/AEimages/olyclub/mcith/mcith_logo.jpg' for writing in ()
